0	2456654.3104851726	0.85628	3751.1	165.2	156509.6	390.5	8722.3	178.1		9.33	0.04
1	2456654.3104686639	0.85602	7092.3	255.1	309883.7	563.0	16534.8	282.4		9.44	0.03
2	2456654.3105362966	0.85710	6675.7	247.6	308603.2	558.1	16666.3	276.3		9.58	0.04
3	2456654.3106039953	0.85819	7282.3	254.7	306306.2	562.0	16613.4	278.0		9.35	0.03
4	2456654.3106716941	0.85927	6890.4	319.2	306470.0	592.2	17219.2	347.5		9.49	0.04
5	2456654.3107393933	0.86036	7010.5	265.1	306302.9	560.2	16728.3	276.6		9.44	0.04
6	2456654.3108070255	0.86144	7067.9	253.6	306495.4	563.3	16107.3	278.5		9.42	0.03
7	2456654.3108747248	0.86253	7448.6	259.3	310784.5	567.8	17069.5	288.3		9.33	0.03
8	2456654.3109424235	0.86361	7132.7	290.4	306372.9	572.6	16664.1	306.1		9.40	0.04
9	2456654.3110100557	0.86470	6815.2	248.9	305558.8	559.3	16333.8	273.7		9.51	0.03
10	2456654.3110777549	0.86578	6828.7	262.6	306832.8	560.7	16567.0	285.1		9.51	0.04
11	2456654.3111454537	0.86687	6816.4	241.2	308141.8	553.4	16966.5	264.9		9.53	0.03
12	2456654.3112130864	0.86795	7409.2	257.3	308406.3	558.8	16606.1	267.4		9.32	0.03
13	2456654.3112807851	0.86904	6608.1	247.0	305864.8	558.0	16726.9	272.0		9.59	0.04
14	2456654.3113484839	0.87013	7030.6	258.0	309920.2	563.0	16750.9	274.1		9.47	0.03
15	2456654.3114161831	0.87121	7007.5	250.9	308893.7	558.0	16858.5	272.0		9.47	0.03
16	2456654.3114838153	0.87230	7103.8	247.4	307238.3	559.5	16455.1	269.7		9.42	0.03
17	2456654.3115515141	0.87338	7032.5	240.1	307849.1	557.8	16372.5	271.0		9.45	0.03
18	2456654.3116192133	0.87447	6473.0	263.9	307719.1	562.6	16608.9	278.5		9.65	0.04
19	2456654.3116868455	0.87555	6797.1	241.9	307231.5	554.8	16103.1	258.7		9.53	0.03
20	2456654.3117545447	0.87664	6688.3	259.2	305790.2	559.8	16095.7	278.2		9.56	0.04
21	2456654.3118222435	0.87772	6859.5	251.5	307238.8	557.4	16595.7	268.2		9.50	0.03
22	2456654.3118898757	0.87881	6828.9	244.6	304617.4	556.4	16839.0	275.0		9.49	0.03
23	2456654.3119575749	0.87989	6168.3	255.6	307811.5	566.6	16590.1	289.1		9.78	0.04
24	2456654.3120252737	0.88098	6573.6	244.2	308058.6	560.1	16717.9	266.1		9.62	0.04
25	2456654.3120929725	0.88206	6500.6	246.1	302662.2	554.8	16494.5	271.8		9.60	0.04
26	2456654.3121606051	0.88315	6510.3	258.7	305661.7	561.3	16269.3	277.9		9.62	0.04
27	2456654.3122283039	0.88423	6886.1	256.3	307763.8	560.5	16745.2	273.1		9.50	0.04
28	2456654.3122960031	0.88532	6866.0	241.1	307118.9	553.7	16949.2	264.5		9.50	0.03
29	2456654.3123636353	0.88640	6838.7	244.1	308572.5	555.5	16805.0	261.9		9.52	0.03
30	2456654.3124313341	0.88749	6311.8	238.5	306906.6	557.9	16584.4	261.1		9.71	0.04
31	2456654.3124990333	0.88858	6551.8	242.7	310444.9	556.5	16551.4	268.5		9.65	0.04
32	2456654.3125667321	0.88966	6732.8	240.8	308440.7	556.8	16711.0	267.5		9.56	0.03
33	2456654.3126343647	0.89075	6726.0	239.5	306786.7	556.3	16352.0	262.4		9.55	0.03
34	2456654.3127020635	0.89183	6846.8	259.9	304672.8	562.2	16791.1	275.6		9.49	0.04
35	2456654.3127697622	0.89292	6568.3	241.5	306352.5	556.0	16543.6	268.7		9.61	0.03
36	2456654.3128373949	0.89400	6704.7	239.3	310558.6	555.3	16801.6	264.8		9.59	0.03
37	2456654.3129050937	0.89509	6277.6	242.4	309828.0	558.9	17021.4	262.1		9.75	0.04
38	2456654.3129727929	0.89617	6161.5	244.1	309037.5	560.4	16564.2	267.7		9.79	0.04
39	2456654.3130404251	0.89726	6604.3	243.2	307401.2	555.2	17352.0	265.9		9.60	0.04
40	2456654.3131081238	0.89834	6827.6	253.4	306836.8	561.9	16686.5	273.5		9.51	0.04
41	2456654.3131758231	0.89943	6443.6	235.4	306838.6	553.9	16642.7	271.2		9.66	0.03
42	2456654.3132435218	0.90051	6615.3	242.6	307864.3	556.2	16963.4	263.3		9.60	0.03
43	2456654.3133111540	0.90160	6504.0	259.7	306966.3	561.4	16840.0	283.6		9.64	0.04
44	2456654.3133788533	0.90268	6462.8	254.2	304653.8	557.7	16344.4	270.2		9.63	0.04
45	2456654.3134465520	0.90377	6590.5	257.6	305452.6	557.7	16570.8	275.7		9.59	0.04
46	2456654.3135141847	0.90485	6613.5	242.1	308105.8	556.1	16537.1	265.5		9.60	0.03
47	2456654.3135818834	0.90594	6559.3	237.1	305679.7	555.0	16543.0	262.4		9.60	0.03
48	2456654.3136495822	0.90702	6416.2	244.4	306642.8	557.8	16714.7	267.8		9.67	0.04
49	2456654.3137172814	0.90811	6575.2	253.1	305522.5	559.7	17155.2	277.8		9.60	0.04
50	2456654.3137849136	0.90919	6395.1	238.2	306042.4	554.2	16414.1	268.1		9.67	0.04
51	2456654.3138526129	0.91028	6544.4	274.0	309169.9	569.6	16961.4	290.2		9.64	0.04
52	2456654.3139203116	0.91137	6413.7	254.9	307052.3	557.7	16701.4	277.0		9.67	0.04
53	2456654.3139879438	0.91245	6418.3	252.5	306009.9	553.0	16886.5	264.3		9.66	0.04
54	2456654.3140556430	0.91354	6330.2	237.6	309180.9	554.9	16835.4	263.6		9.72	0.04
55	2456654.3141233418	0.91462	6110.7	238.3	305232.9	552.9	16489.9	262.8		9.78	0.04
56	2456654.3141909740	0.91571	6455.4	242.4	308680.7	553.1	16679.7	260.2		9.67	0.04
57	2456654.3142586732	0.91679	5996.8	244.3	302247.3	551.4	16464.6	267.8		9.80	0.04
58	2456654.3143263720	0.91788	6329.4	264.6	307211.3	560.6	16249.3	272.0		9.71	0.04
59	2456654.3143940712	0.91896	6261.0	248.6	304969.1	558.0	16736.2	269.4		9.71	0.04
60	2456654.3144617034	0.92005	6010.9	243.8	306783.3	556.9	16105.8	268.5		9.83	0.04
61	2456654.3145294022	0.92113	6390.6	244.2	307085.3	555.0	16431.9	265.0		9.68	0.04
62	2456654.3145971014	0.92222	6696.6	243.7	308074.8	554.0	16749.2	266.9		9.57	0.03
63	2456654.3146647336	0.92330	5877.5	243.4	306835.4	560.3	16661.5	276.7		9.89	0.04
64	2456654.3147324328	0.92439	6087.5	244.6	306482.9	554.3	16187.2	268.4		9.80	0.04
65	2456654.3148001316	0.92547	5938.7	239.6	304229.5	552.7	16309.1	264.4		9.84	0.04
66	2456654.3148677638	0.92656	6382.1	243.9	306918.0	556.8	16930.4	271.4		9.68	0.04
67	2456654.3149354630	0.92764	6149.0	254.2	308244.0	560.6	17065.9	279.6		9.79	0.04
68	2456654.3150031618	0.92873	6380.3	248.7	305439.0	559.1	16917.2	276.4		9.67	0.04
69	2456654.3150708606	0.92982	5849.1	249.0	302306.8	556.6	16615.7	282.2		9.86	0.04
70	2456654.3151384932	0.93090	6032.3	255.0	307908.0	560.8	17353.4	275.7		9.83	0.04
71	2456654.3152061920	0.93199	6450.6	255.0	306443.0	560.3	16683.6	270.4		9.65	0.04
72	2456654.3152738912	0.93307	6214.0	238.8	307216.2	551.6	16532.2	261.2		9.75	0.04
73	2456654.3153415234	0.93416	5895.2	247.2	306792.8	557.1	16646.3	272.4		9.88	0.04
74	2456654.3154092222	0.93524	6383.5	244.8	307219.7	557.4	16606.5	269.6		9.68	0.04
75	2456654.3154769214	0.93633	6202.9	256.2	305707.8	557.8	16959.9	276.1		9.74	0.04
76	2456654.3155446202	0.93741	6082.2	257.5	305918.8	563.4	16654.4	275.9		9.79	0.04
77	2456654.3156122528	0.93850	6439.2	271.8	306464.5	564.9	16428.2	287.8		9.66	0.04
78	2456654.3156799516	0.93958	6843.3	247.1	311494.6	556.6	16747.6	268.2		9.55	0.03
79	2456654.3157476503	0.94067	6419.7	250.6	306833.5	559.5	17551.8	274.5		9.67	0.04
80	2456654.3158152830	0.94175	6064.4	241.7	309954.6	558.9	16447.9	259.8		9.83	0.04
81	2456654.3158829818	0.94284	6245.6	259.3	304833.0	561.8	16546.7	275.6		9.72	0.04
82	2456654.3159506805	0.94392	6167.9	248.0	306790.5	558.9	16440.3	273.2		9.77	0.04
83	2456654.3160183132	0.94501	6655.1	236.5	310175.4	558.5	16379.2	264.2		9.60	0.03
84	2456654.3160860119	0.94609	6593.4	259.1	309540.0	564.7	17216.2	285.2		9.62	0.04
85	2456654.3161537112	0.94718	6435.1	271.5	308240.0	574.0	17275.5	301.1		9.67	0.04
86	2456654.3162214099	0.94826	6662.3	256.9	309770.1	561.3	17113.0	275.8		9.60	0.04
87	2456654.3162890421	0.94935	6586.4	274.9	306836.3	568.4	16345.6	291.4		9.60	0.04
88	2456654.3163567414	0.95043	6747.6	269.0	306521.8	563.6	17286.6	289.4		9.54	0.04
89	2456654.3164244401	0.95152	6322.9	247.1	306892.9	558.7	17144.5	275.6		9.71	0.04
90	2456654.3164920728	0.95260	7211.7	265.8	308107.9	564.7	16628.1	284.9		9.39	0.04
91	2456654.3165597715	0.95369	6747.5	263.1	310927.2	566.5	16939.0	290.2		9.58	0.04
92	2456654.3166274703	0.95478	7118.9	261.8	311430.5	565.4	16905.8	277.5		9.45	0.03
93	2456654.3166951695	0.95586	6875.1	275.6	310004.3	571.1	16627.4	292.1		9.52	0.04
94	2456654.3167628017	0.95695	6847.3	271.0	313408.6	578.5	16917.9	298.5		9.56	0.04
95	2456654.3168305005	0.95803	7068.6	290.4	315802.4	581.3	17301.8	309.0		9.50	0.04
96	2456654.3168981997	0.95912	6615.8	240.2	308328.3	556.9	16660.7	264.0		9.60	0.03
97	2456654.3169658319	0.96020	6861.8	242.7	310629.6	558.7	16739.6	264.0		9.53	0.03
98	2456654.3170335311	0.96129	6875.0	255.0	308547.8	561.3	16969.7	268.4		9.51	0.04
99	2456654.3171012299	0.96237	6497.6	241.1	308076.4	553.6	16702.4	260.1		9.65	0.04
100	2456654.3171688621	0.96346	6892.9	272.9	313457.9	578.9	17551.1	299.9		9.54	0.04
101	2456654.3172365613	0.96454	7250.2	266.5	313902.0	571.2	17065.1	287.9		9.42	0.03
102	2456654.3173042601	0.96563	7444.7	290.5	312560.9	580.0	17326.3	309.3		9.34	0.04
103	2456654.3173719593	0.96671	7133.8	306.9	311162.0	586.9	17512.4	328.7		9.44	0.04
104	2456654.3174395915	0.96780	7174.5	288.1	309161.3	577.8	17011.3	300.2		9.41	0.04
105	2456654.3175072903	0.96888	6850.0	265.4	306066.2	565.7	16597.7	287.1		9.50	0.04
106	2456654.3175749895	0.96997	6603.5	271.3	307084.6	566.7	16795.8	294.5		9.60	0.04
107	2456654.3176426217	0.97105	6788.2	259.7	309116.3	565.9	16381.9	283.1		9.55	0.04
108	2456654.3177103205	0.97214	6665.3	244.9	308792.9	558.1	16802.1	264.5		9.59	0.03
109	2456654.3177780197	0.97322	6814.8	254.4	307984.5	560.7	16709.3	271.0		9.53	0.04
110	2456654.3178457185	0.97431	6998.8	247.4	307384.3	561.0	16725.6	270.2		9.46	0.03
111	2456654.3179133511	0.97539	6863.1	247.3	305665.0	553.8	16703.6	261.4		9.49	0.03
112	2456654.3179810499	0.97648	6902.0	301.1	314962.4	587.9	17257.0	312.3		9.55	0.04
113	2456654.3180487487	0.97757	7251.1	310.5	318222.4	595.6	18018.1	322.9		9.45	0.04
114	2456654.3181163813	0.97865	6431.2	313.2	318743.3	594.3	18382.0	325.0		9.76	0.05
115	2456654.3181840801	0.97974	6319.1	296.1	318692.5	596.8	17557.2	332.5		9.80	0.04
116	2456654.3182517793	0.98082	5404.7	275.5	309295.1	569.8	17064.8	297.5		10.12	0.05
117	2456654.3183194115	0.98191	3134.6	241.6	308982.4	557.3	16870.4	267.9		11.48	0.08
118	2456654.3183871103	0.98299	2068.2	247.4	310174.3	560.5	16503.0	271.5		12.53	0.12
119	2456654.3184548095	0.98408	1939.9	251.6	311314.0	563.9	17058.1	277.4		12.70	0.13
120	2456654.3185225083	0.98516	982.9	254.7	311911.0	564.7	16543.3	282.7		14.40	0.26
121	2456654.3185901404	0.98625	1086.2	249.2	311599.9	564.8	17037.9	285.1		14.15	0.23
122	2456654.3186578397	0.98733	856.8	231.8	309939.6	560.2	16893.5	261.9		14.73	0.27
123	2456654.3187255384	0.98842	1352.2	239.7	308646.9	558.4	17119.7	269.4		13.58	0.18
124	2456654.3187931711	0.98950	971.2	242.1	305454.5	557.4	16464.3	272.5		14.38	0.25
125	2456654.3188608699	0.99059	428.6	235.1	306679.3	553.4	16377.6	261.7		16.43	0.55
126	2456654.3189285686	0.99167	961.0	233.0	308343.2	557.4	16797.8	267.6		14.43	0.24
127	2456654.3189962013	0.99276	694.4	244.9	305383.4	558.2	16287.3	272.4		15.22	0.35
128	2456654.3190639000	0.99384	897.0	236.0	307986.5	554.9	17340.9	266.3		14.60	0.26
129	2456654.3191315993	0.99493	682.4	236.4	309571.3	555.7	17873.0	268.9		15.29	0.34
130	2456654.3191992980	0.99602	897.4	241.0	305222.3	558.2	16953.2	273.9		14.57	0.27
131	2456654.3192669302	0.99710	656.2	243.8	305042.5	557.7	17089.4	274.1		15.35	0.37
132	2456654.3193346295	0.99819	833.7	247.1	307316.0	558.3	17101.4	275.8		14.77	0.29
133	2456654.3194023282	0.99927	898.8	239.0	306145.8	555.0	16608.7	270.8		14.58	0.26
134	2456654.3194699604	1.00036	213.5	240.2	308001.8	556.7	16826.3	265.6		18.19	1.12
135	2456654.3195376596	1.00144	482.4	252.3	309326.2	559.6	16928.5	290.2		16.16	0.52
136	2456654.3196053584	1.00253	514.4	234.3	308986.4	557.8	17078.0	269.7		16.00	0.45
137	2456654.3196730576	1.00361	572.2	235.6	306548.4	556.9	17003.7	275.5		15.71	0.41
138	2456654.3197406898	1.00470	661.9	244.7	304473.4	559.5	16328.7	275.8		15.33	0.37
139	2456654.3198083886	1.00578	705.4	239.7	307574.1	558.0	17248.1	267.3		15.19	0.34
140	2456654.3198760878	1.00687	656.9	234.0	305818.8	555.2	17092.9	269.1		15.36	0.35
141	2456654.3199437200	1.00795	188.6	235.5	305684.9	554.1	16823.3	263.6		18.48	1.25
142	2456654.3200114192	1.00904	617.3	252.6	306832.9	558.5	16516.3	281.6		15.52	0.41
143	2456654.3200791180	1.01012	310.9	241.0	306456.1	557.5	16731.9	268.0		17.23	0.77
144	2456654.3201467502	1.01121	763.3	231.9	309472.8	558.9	16818.3	270.6		15.01	0.30
145	2456654.3202144494	1.01229	380.1	239.5	307116.3	556.0	17131.4	273.8		16.74	0.63
146	2456654.3202821482	1.01338	492.9	235.8	306743.4	557.1	16776.5	273.0		16.08	0.48
147	2456654.3203498470	1.01446	924.7	234.1	303907.4	551.1	16606.3	270.0		14.49	0.25
148	2456654.3204174796	1.01555	491.6	236.0	310033.8	557.6	17453.6	266.4		16.12	0.48
149	2456654.3204851784	1.01663	991.3	242.0	308212.1	557.3	17409.1	272.5		14.35	0.24
150	2456654.3205528776	1.01772	1223.5	239.3	308825.9	557.1	16947.3	264.8		13.83	0.19
151	2456654.3206205098	1.01880	1827.9	241.2	308645.8	559.2	16811.1	267.4		12.82	0.13
152	2456654.3206882086	1.01989	2163.1	247.4	302980.7	556.6	16848.1	277.7		12.36	0.11
153	2456654.3207559078	1.02098	2728.8	249.5	309953.5	562.8	16825.2	274.3		11.83	0.09
154	2456654.3208236066	1.02206	3132.6	240.2	309703.5	557.9	16510.9	264.8		11.48	0.07
155	2456654.3208912392	1.02315	4098.3	246.9	309204.5	552.7	16929.7	268.8		10.81	0.06
156	2456654.3209589380	1.02423	6240.3	245.3	314149.5	559.1	17398.4	266.1		9.80	0.04
157	2456654.3210266368	1.02532	6155.9	255.8	305814.2	562.8	16751.6	275.9		9.76	0.04
158	2456654.3210942694	1.02640	6458.5	264.7	304778.3	559.7	16696.3	286.4		9.64	0.04
159	2456654.3211619682	1.02749	6729.6	243.4	308515.8	557.8	16645.3	265.4		9.56	0.03
160	2456654.3212296669	1.02857	6703.6	267.9	308955.5	569.0	16672.2	292.5		9.58	0.04
161	2456654.3212972996	1.02966	6447.6	246.4	312398.8	560.1	17056.4	265.0		9.70	0.04
162	2456654.3213649984	1.03074	6127.3	246.8	309081.4	555.8	17247.0	270.3		9.80	0.04
163	2456654.3214326976	1.03183	6398.9	245.8	305606.5	554.8	16699.2	276.7		9.67	0.04
164	2456654.3215003964	1.03291	6275.7	246.1	308653.4	557.3	17010.3	273.0		9.74	0.04
165	2456654.3215680285	1.03400	6389.7	249.7	304791.8	555.1	16336.4	265.8		9.66	0.04
166	2456654.3216357278	1.03508	6432.3	254.3	316837.2	563.7	17436.1	276.7		9.74	0.04
167	2456654.3217034265	1.03617	6552.8	249.7	313791.6	562.3	17509.1	272.0		9.67	0.04
168	2456654.3217710592	1.03725	6544.7	248.5	314770.9	560.7	17653.8	268.2		9.68	0.04
169	2456654.3218387580	1.03834	6525.0	250.0	308069.6	558.6	16572.4	275.8		9.64	0.04
170	2456654.3219064567	1.03943	6558.9	250.5	308782.8	558.6	17366.7	275.1		9.63	0.04
171	2456654.3219741560	1.04051	6731.7	257.4	307486.6	556.8	16550.5	269.2		9.55	0.04
172	2456654.3220417881	1.04160	6730.6	274.3	303087.2	567.2	16579.8	298.9		9.52	0.04
173	2456654.3221094869	1.04268	6275.2	246.1	307634.9	555.5	17004.0	269.3		9.73	0.04
174	2456654.3221771861	1.04377	7052.3	246.2	311703.1	563.4	16918.3	273.2		9.47	0.03
175	2456654.3222448183	1.04485	6691.3	250.8	311990.1	559.7	17083.1	270.2		9.61	0.04
176	2456654.3223125176	1.04594	6346.1	243.6	314051.9	561.1	17491.5	269.2		9.75	0.04
177	2456654.3223802163	1.04702	6471.8	256.1	310577.3	565.9	16735.6	278.4		9.68	0.04
178	2456654.3224478485	1.04811	6775.1	243.4	311060.1	559.8	17160.1	279.6		9.57	0.03
179	2456654.3225155477	1.04919	6645.7	251.0	309660.4	558.2	16778.9	271.8		9.60	0.04
180	2456654.3225832465	1.05028	6320.3	246.0	308664.1	556.9	16861.9	276.5		9.72	0.04
181	2456654.3226509457	1.05136	6347.8	248.7	307528.3	558.7	16925.4	269.0		9.70	0.04
182	2456654.3227185779	1.05245	6703.8	247.1	306482.9	558.8	16666.5	274.3		9.56	0.04
183	2456654.3227862767	1.05353	6152.2	244.8	306057.2	556.6	16550.7	268.5		9.77	0.04
184	2456654.3228539759	1.05462	6520.0	248.9	309098.0	556.5	17363.3	273.6		9.65	0.04
185	2456654.3229216081	1.05570	6655.0	252.1	308015.4	559.3	16802.3	271.8		9.59	0.04
186	2456654.3229893073	1.05679	6943.7	251.5	314200.4	561.3	17284.9	272.3		9.53	0.03
187	2456654.3230570061	1.05787	6677.2	252.5	309268.6	561.1	16837.9	274.5		9.59	0.04
188	2456654.3231246383	1.05896	6264.7	249.1	301635.8	554.7	16712.6	267.9		9.69	0.04
189	2456654.3231923375	1.06004	6622.1	252.0	308586.2	560.3	17060.1	269.4		9.60	0.04
190	2456654.3232600363	1.06113	6881.1	251.4	313126.8	560.4	16986.8	272.0		9.54	0.03
191	2456654.3233277351	1.06222	7007.4	245.1	307478.9	558.3	17260.7	279.5		9.45	0.03
192	2456654.3233953677	1.06330	6864.8	249.7	307981.9	557.7	17082.4	275.2		9.51	0.03
193	2456654.3234630665	1.06439	7023.6	253.1	310413.1	560.7	16762.4	274.8		9.47	0.03
194	2456654.3235307657	1.06547	7158.2	260.4	311903.2	559.7	17245.2	279.0		9.44	0.03
195	2456654.3235983979	1.06656	7144.7	254.5	305255.2	558.8	17502.8	275.3		9.39	0.03
196	2456654.3236660967	1.06764	6936.2	256.2	310973.3	559.7	17282.8	274.8		9.51	0.04
197	2456654.3237337959	1.06873	7111.1	250.5	310334.2	559.4	17030.3	271.2		9.44	0.03
198	2456654.3238014947	1.06981	6686.6	262.8	303196.4	556.4	16665.9	274.4		9.54	0.04
199	2456654.3238691273	1.07090	7044.7	251.7	314552.4	562.7	17196.8	271.9		9.50	0.03
200	2456654.3239368261	1.07198	6854.0	254.3	307082.4	559.6	16905.3	278.1		9.51	0.04
201	2456654.3240045249	1.07307	6498.0	246.5	307726.0	558.3	16794.8	279.0		9.64	0.04
202	2456654.3240721575	1.07415	6897.7	252.8	309013.5	559.9	16584.9	274.2		9.51	0.03
203	2456654.3241398563	1.07524	6662.2	258.2	305883.4	560.3	16745.3	274.8		9.57	0.04
204	2456654.3242075550	1.07632	6765.8	254.9	309683.7	561.7	16676.0	268.5		9.56	0.04
205	2456654.3242751877	1.07741	6320.1	278.3	306299.9	565.8	16647.7	284.5		9.70	0.04
206	2456654.3243428865	1.07849	6785.0	271.9	304439.6	566.5	16733.3	292.0		9.51	0.04
207	2456654.3244105857	1.07958	6962.3	258.7	307011.4	561.9	16843.1	275.8		9.47	0.04
208	2456654.3244782845	1.08066	6349.4	250.7	311728.1	562.5	16786.0	275.7		9.73	0.04
209	2456654.3245459166	1.08175	6778.3	252.6	312698.9	558.5	17152.4	272.6		9.58	0.04
210	2456654.3246136159	1.08283	6906.1	255.3	311379.1	559.8	16872.8	269.5		9.52	0.04
211	2456654.3246813146	1.08392	6883.2	246.6	308694.7	555.9	17103.4	273.3		9.51	0.03
212	2456654.3247489473	1.08500	7000.2	247.3	311594.4	561.5	17628.6	272.7		9.49	0.03
213	2456654.3248166461	1.08609	7409.1	265.0	306976.5	568.2	16821.3	285.6		9.31	0.03
214	2456654.3248843448	1.08718	6526.5	253.4	307149.1	557.9	16735.9	270.8		9.63	0.04
215	2456654.3249520441	1.08826	6451.0	248.1	307557.6	559.0	17062.8	274.7		9.66	0.04
216	2456654.3250196762	1.08935	6445.4	249.8	310510.0	559.4	17130.0	271.9		9.69	0.04
217	2456654.3250873750	1.09043	6322.2	252.8	308286.2	556.7	16885.4	277.5		9.72	0.04
218	2456654.3251550742	1.09152	6670.5	250.4	310008.6	559.4	17290.2	274.7		9.60	0.04
219	2456654.3252227064	1.09260	6945.5	262.9	306088.4	559.6	16982.4	277.9		9.46	0.04
220	2456654.3252904057	1.09369	7191.9	264.3	310507.0	562.9	16761.7	287.5		9.41	0.03
221	2456654.3253581044	1.09477	6305.5	250.9	311797.9	558.2	17313.5	267.6		9.75	0.04
222	2456654.3254257366	1.09586	6487.0	252.5	306594.3	561.3	17257.7	277.1		9.64	0.04
223	2456654.3254934358	1.09694	6718.6	250.0	309021.9	558.9	17057.8	265.3		9.57	0.04
224	2456654.3255611346	1.09803	6499.3	264.7	310107.3	564.2	16915.2	283.7		9.66	0.04
225	2456654.3256288334	1.09911	7088.5	254.2	310890.7	558.5	17287.3	274.3		9.45	0.03
226	2456654.3256964660	1.10020	6725.9	249.3	310098.8	558.3	17339.2	274.5		9.58	0.04
227	2456654.3257641648	1.10128	6833.0	252.0	308841.7	559.2	17311.1	280.9		9.53	0.04
228	2456654.3258318640	1.10237	6548.9	246.8	311618.7	560.8	17123.2	275.2		9.66	0.04
229	2456654.3258994962	1.10345	6491.3	251.6	310392.4	560.3	16808.1	269.7		9.67	0.04
230	2456654.3259671950	1.10454	6611.4	245.7	313397.5	561.3	17512.3	275.1		9.65	0.04
231	2456654.3260348942	1.10563	7077.4	249.1	311633.6	560.8	16826.7	274.2		9.46	0.03
232	2456654.3261025930	1.10671	7088.6	250.6	310033.8	561.2	16658.0	279.1		9.45	0.03
233	2456654.3261702256	1.10780	6624.4	253.3	313184.4	561.2	16983.0	270.8		9.64	0.04
234	2456654.3262379244	1.10888	6802.2	252.2	314899.0	562.4	16861.5	279.5		9.59	0.04
235	2456654.3263056232	1.10997	6862.2	254.6	310844.0	559.7	17016.6	273.0		9.53	0.04
236	2456654.3263732558	1.11105	6503.4	248.8	308427.8	560.2	16940.4	272.5		9.65	0.04
237	2456654.3264409546	1.11214	6937.2	254.6	312314.0	563.5	17438.9	278.8		9.52	0.03
238	2456654.3265086538	1.11322	6649.2	260.1	310471.5	558.4	17060.4	273.7		9.61	0.04
239	2456654.3265762860	1.11431	6949.3	254.7	314870.1	564.1	17608.6	270.0		9.53	0.03
240	2456654.3266439848	1.11539	6747.6	252.2	315200.9	563.9	17437.2	274.6		9.61	0.04
241	2456654.3267116840	1.11648	6672.5	250.1	310073.1	557.8	16819.8	270.3		9.60	0.04
242	2456654.3267793828	1.11756	6562.8	250.5	314474.8	563.7	16881.1	271.3		9.67	0.04
243	2456654.3268470149	1.11865	7010.8	250.7	314814.0	564.7	17151.9	273.6		9.51	0.03
244	2456654.3269147142	1.11973	6959.8	248.4	310021.7	559.3	16520.8	270.4		9.49	0.03
245	2456654.3269824130	1.12082	6752.4	243.7	311840.4	560.6	17666.8	274.8		9.58	0.03
246	2456654.3270500456	1.12190	6477.0	244.6	313014.6	563.6	17136.0	267.8		9.69	0.04
247	2456654.3271177444	1.12299	6680.9	253.8	314945.0	565.7	17357.6	265.6		9.63	0.04
248	2456654.3271854431	1.12407	6945.2	249.9	315906.9	564.7	17899.8	270.1		9.54	0.03
249	2456654.3272531424	1.12516	6485.1	247.0	310211.4	560.7	16489.2	270.3		9.67	0.04
250	2456654.3273207746	1.12624	6430.3	253.1	311050.8	563.4	17240.6	275.3		9.70	0.04
251	2456654.3273884738	1.12733	6841.4	254.1	307076.7	559.4	16997.2	272.1		9.51	0.04
252	2456654.3274561726	1.12842	6445.3	249.9	307706.9	561.6	16876.1	270.8		9.66	0.04
253	2456654.3275238047	1.12950	6607.3	251.9	312735.6	561.4	16883.5	272.4		9.64	0.04
254	2456654.3275915040	1.13059	6445.8	254.6	311775.8	562.3	17173.3	270.9		9.70	0.04
255	2456654.3276592027	1.13167	6188.1	253.7	315217.1	566.0	16942.9	274.8		9.83	0.04
256	2456654.3277268349	1.13276	6685.0	248.4	311794.4	561.2	16639.5	272.8		9.61	0.04
257	2456654.3277945342	1.13384	5871.4	246.2	312903.2	562.3	16845.9	270.7		9.94	0.04
258	2456654.3278622329	1.13493	6241.2	244.0	309443.0	561.0	16916.4	271.3		9.76	0.04
259	2456654.3279299322	1.13601	6035.9	251.8	310005.3	555.8	17084.6	269.1		9.85	0.04
260	2456654.3279975643	1.13710	6605.7	254.2	310564.3	560.0	17235.7	271.7		9.63	0.04
261	2456654.3280652631	1.13818	6398.8	249.1	312048.3	560.3	17192.1	269.7		9.72	0.04
262	2456654.3281329623	1.13927	6049.9	247.3	308620.1	559.5	17325.1	274.4		9.83	0.04
263	2456654.3282005945	1.14035	6232.2	247.4	313700.0	563.8	16545.3	271.2		9.80	0.04
264	2456654.3282682938	1.14144	6335.1	247.1	313407.2	560.2	17328.8	272.0		9.75	0.04
265	2456654.3283359925	1.14252	6099.5	247.2	310875.0	559.8	16810.5	269.0		9.83	0.04
266	2456654.3284036247	1.14361	6084.9	255.1	313657.6	562.2	17003.5	272.9		9.86	0.04
267	2456654.3284713239	1.14469	6495.1	243.1	315522.4	564.3	17225.7	269.5		9.71	0.04
268	2456654.3285390227	1.14578	5919.0	245.4	310360.3	558.3	17287.2	267.3		9.90	0.04
269	2456654.3286067215	1.14687	6295.1	247.0	313192.7	560.9	17152.6	273.8		9.77	0.04
270	2456654.3286743541	1.14795	6270.6	246.6	312907.2	562.1	17118.8	273.1		9.78	0.04
271	2456654.3287420529	1.14904	6291.5	245.1	307965.4	558.0	16885.2	271.3		9.73	0.04
272	2456654.3288097521	1.15012	6129.1	240.5	307662.4	557.0	16582.1	267.0		9.79	0.04
273	2456654.3288773843	1.15121	6352.1	247.3	313884.4	562.2	16954.9	267.1		9.75	0.04
274	2456654.3289450831	1.15229	6680.9	244.8	316308.0	563.8	17255.4	268.4		9.64	0.03
275	2456654.3290127823	1.15338	6075.8	245.2	313235.2	559.1	17014.0	272.5		9.86	0.04
276	2456654.3290804811	1.15446	6334.8	238.4	312703.7	560.8	17510.8	272.8		9.75	0.04
277	2456654.3291481137	1.15555	6674.5	238.4	311931.4	559.8	17584.7	265.7		9.61	0.03
278	2456654.3292158125	1.15663	6471.7	250.9	308101.5	559.8	16736.5	274.2		9.66	0.04
279	2456654.3292835113	1.15772	6399.3	245.4	308120.4	559.0	16721.9	272.9		9.69	0.04
280	2456654.3293511439	1.15880	6451.0	240.3	313019.3	559.9	17419.0	266.7		9.71	0.04
281	2456654.3294188427	1.15989	5839.4	245.4	313735.5	564.0	16923.8	268.5		9.96	0.04
282	2456654.3294865415	1.16097	6176.3	245.6	311113.8	559.0	16812.1	262.8		9.80	0.04
283	2456654.3295541741	1.16206	6386.9	245.6	312356.9	558.5	17224.3	267.4		9.72	0.04
284	2456654.3296218729	1.16314	6129.8	245.2	309067.6	557.8	16771.5	272.0		9.80	0.04
285	2456654.3296895721	1.16423	6376.8	240.1	312966.9	560.5	17264.9	272.8		9.73	0.04
286	2456654.3297572709	1.16531	6218.9	238.2	313566.9	560.6	17283.0	272.1		9.80	0.04
287	2456654.3298249030	1.16640	6306.1	238.7	308110.7	555.4	17322.4	272.9		9.72	0.04
288	2456654.3298926023	1.16748	6210.8	241.5	308157.3	560.0	16834.5	270.4		9.76	0.04
289	2456654.3299603011	1.16857	6422.1	246.4	312743.9	559.4	17159.4	268.3		9.71	0.04
290	2456654.3300279337	1.16965	6042.1	247.1	308614.0	556.6	16526.8	269.0		9.83	0.04
291	2456654.3300956325	1.17074	6578.8	269.2	311697.3	573.9	16995.9	292.9		9.65	0.04
292	2456654.3301633312	1.17183	5964.6	239.0	311418.4	561.1	17077.1	264.9		9.89	0.04
293	2456654.3302310305	1.17291	6151.6	244.4	312350.2	558.6	17469.2	271.1		9.82	0.04
294	2456654.3302986627	1.17400	6284.7	246.7	309956.1	559.9	17171.2	271.9		9.75	0.04
295	2456654.3303663614	1.17508	5786.7	239.0	309562.7	558.1	17005.3	266.3		9.95	0.04
296	2456654.3304340607	1.17617	5906.7	247.0	307837.5	558.1	16984.5	268.9		9.88	0.04
297	2456654.3305016928	1.17725	5631.6	243.0	307824.4	555.3	16646.0	276.3		10.00	0.04
298	2456654.3305693921	1.17834	6082.7	242.5	312638.7	558.5	17273.1	275.0		9.85	0.04
299	2456654.3306370908	1.17942	5840.7	247.6	304773.0	554.6	17065.7	270.0		9.89	0.04
300	2456654.3307047230	1.18051	6351.0	244.7	314672.4	561.5	17100.4	263.2		9.76	0.04
301	2456654.3307724223	1.18159	6191.9	244.1	314829.0	562.3	17703.6	270.1		9.82	0.04
302	2456654.3308401210	1.18268	5988.6	248.4	306389.7	558.3	16445.0	271.5		9.84	0.04
303	2456654.3309078203	1.18376	6144.8	247.6	312378.6	561.5	17247.6	272.5		9.82	0.04
304	2456654.3309754524	1.18485	5838.1	246.2	310242.9	559.5	17187.0	266.4		9.93	0.04
305	2456654.3310431512	1.18593	5994.1	245.9	313874.5	562.2	17293.1	270.9		9.90	0.04
306	2456654.3311108504	1.18702	6363.6	251.3	313173.3	562.9	17407.5	271.6		9.74	0.04
307	2456654.3311784826	1.18810	5910.4	242.9	315757.8	564.1	17514.8	270.3		9.95	0.04
308	2456654.3312461814	1.18919	6436.2	247.6	314829.7	561.8	17453.5	272.4		9.73	0.04
309	2456654.3313138806	1.19027	5817.1	257.1	307672.7	556.6	17241.7	274.6		9.92	0.04
310	2456654.3313815794	1.19136	6291.9	256.9	305675.7	563.3	16837.0	289.6		9.71	0.04
311	2456654.3314492120	1.19244	6284.6	250.2	309177.9	559.5	17325.4	270.1		9.74	0.04
312	2456654.3315169108	1.19353	6235.7	248.2	309850.6	558.6	16495.1	269.1		9.76	0.04
313	2456654.3315846096	1.19462	6167.0	256.5	305252.5	560.3	16700.8	281.8		9.75	0.04
314	2456654.3316522422	1.19570	6089.4	249.7	310838.0	558.7	16994.1	266.7		9.83	0.04
315	2456654.3317199410	1.19679	6635.8	245.1	315514.8	564.2	17396.5	269.5		9.65	0.04
316	2456654.3317876402	1.19787	6499.1	244.7	316745.8	562.9	17703.3	273.2		9.72	0.04
317	2456654.3318552724	1.19896	5927.6	245.3	307161.1	554.7	17127.8	269.6		9.87	0.04
318	2456654.3319229712	1.20004	6417.9	243.9	307742.6	556.7	16716.9	271.4		9.68	0.04
319	2456654.3319906704	1.20113	6206.8	253.9	306941.1	559.9	16668.9	278.0		9.75	0.04
320	2456654.3320583692	1.20221	6602.6	253.1	313542.3	560.8	17798.6	266.6		9.65	0.04
321	2456654.3321260014	1.20330	6743.1	251.0	312402.2	558.1	16503.8	265.6		9.59	0.04
322	2456654.3321937006	1.20438	6697.8	240.4	310473.8	559.3	16902.4	270.8		9.59	0.03
323	2456654.3322613994	1.20547	6292.1	240.7	309438.5	557.2	16314.7	269.4		9.74	0.04
324	2456654.3323290320	1.20655	6261.2	254.8	307967.6	558.8	17104.0	281.4		9.74	0.04
325	2456654.3323967308	1.20764	5487.8	247.6	310615.5	555.7	17193.3	270.2		10.09	0.04
326	2456654.3324644295	1.20872	6644.0	247.0	308815.4	554.8	17587.9	272.4		9.60	0.04
327	2456654.3325320622	1.20981	6381.2	244.4	310952.7	561.3	16834.8	271.7		9.72	0.04
328	2456654.3325997610	1.21089	6138.3	246.3	313699.7	559.6	17466.1	269.5		9.83	0.04
329	2456654.3326674602	1.21198	6134.7	244.6	308638.7	556.4	16414.7	268.7		9.80	0.04
330	2456654.3327351590	1.21307	6146.8	244.3	306812.4	554.6	16541.9	265.0		9.78	0.04
331	2456654.3328027911	1.21415	6558.9	247.1	307513.4	557.0	16799.5	268.5		9.62	0.04
332	2456654.3328704904	1.21524	6294.2	247.9	313349.4	562.5	17184.4	268.4		9.77	0.04
333	2456654.3329381892	1.21632	6586.4	244.1	315287.3	564.2	17172.9	268.0		9.67	0.04
334	2456654.3330058213	1.21741	5700.9	242.9	311723.4	561.1	16801.5	272.7		10.00	0.04
335	2456654.3330735206	1.21849	6224.0	245.8	313399.8	562.3	17025.8	271.2		9.80	0.04
336	2456654.3331412193	1.21958	6669.3	246.0	314487.1	563.1	17469.6	271.9		9.63	0.04
337	2456654.3332089186	1.22066	5840.1	249.5	310823.0	558.7	17452.1	272.1		9.94	0.04
338	2456654.3332765508	1.22175	6401.5	244.2	310328.1	559.9	17111.0	268.0		9.70	0.04
339	2456654.3333442495	1.22283	6464.5	243.1	314807.3	562.3	17306.6	267.8		9.71	0.04
340	2456654.3334119488	1.22392	6160.8	246.7	310246.0	559.4	17080.3	268.5		9.80	0.04
341	2456654.3334795809	1.22500	6000.6	238.7	312175.0	560.6	16949.9	267.6		9.88	0.04
342	2456654.3335472802	1.22609	6403.6	243.5	316895.8	564.2	17846.6	269.1		9.75	0.04
343	2456654.3336149789	1.22717	6552.1	248.1	311169.6	559.5	16731.8	273.0		9.65	0.04
344	2456654.3336826111	1.22826	6293.7	243.5	308951.4	555.6	16893.7	266.9		9.73	0.04
345	2456654.3337503104	1.22934	6168.0	246.5	314914.1	560.3	17647.4	272.0		9.83	0.04
346	2456654.3338180091	1.23043	6259.7	248.4	314318.2	560.1	17861.4	271.6		9.79	0.04
347	2456654.3338857079	1.23151	6119.8	248.3	311735.1	558.9	17273.4	273.1		9.83	0.04
348	2456654.3339533405	1.23260	6591.6	247.2	304750.2	555.0	16952.3	271.7		9.58	0.04
349	2456654.3340210393	1.23368	6192.9	247.9	310359.8	560.0	17338.6	274.6		9.79	0.04
350	2456654.3340887385	1.23477	6558.0	251.3	305501.3	557.7	16594.6	278.8		9.60	0.04
351	2456654.3341563707	1.23585	6316.7	250.7	304642.3	554.8	17024.1	275.8		9.69	0.04
352	2456654.3342240695	1.23694	6798.4	239.8	312657.2	558.4	16997.0	267.9		9.57	0.03
353	2456654.3342917687	1.23803	6350.3	246.1	310995.4	555.8	17219.6	266.4		9.73	0.04
354	2456654.3343594675	1.23911	6405.7	247.9	312879.3	559.0	17570.5	268.1		9.72	0.04
355	2456654.3344271001	1.24020	6334.3	245.5	312504.5	559.2	17907.1	272.3		9.75	0.04
356	2456654.3344947989	1.24128	6609.7	233.7	314942.1	560.9	17600.0	272.2		9.66	0.03
357	2456654.3345624977	1.24237	6390.9	242.6	310085.8	559.9	16810.1	269.6		9.70	0.04
358	2456654.3346301303	1.24345	6122.3	248.2	308577.7	553.9	16630.2	263.5		9.80	0.04
359	2456654.3346978291	1.24454	6113.5	242.1	309419.4	556.3	17211.6	268.7		9.81	0.04
360	2456654.3347655279	1.24562	6368.6	241.6	309427.5	555.1	16984.0	265.1		9.71	0.04
361	2456654.3348331605	1.24671	6001.1	241.5	308985.7	556.1	17423.3	264.8		9.85	0.04
362	2456654.3349008593	1.24779	6291.8	250.5	314595.2	559.9	17359.2	265.7		9.78	0.04
363	2456654.3349685585	1.24888	6208.2	269.0	310193.3	567.7	17489.8	302.1		9.78	0.04
364	2456654.3350362573	1.24996	6148.8	233.3	308880.0	555.0	16848.8	257.7		9.79	0.04
365	2456654.3351038895	1.25105	6599.5	247.2	309374.2	555.8	17306.5	268.6		9.62	0.04
366	2456654.3351715887	1.25213	6170.4	239.1	312038.6	557.9	17402.0	267.3		9.81	0.04
367	2456654.3352392875	1.25322	6617.2	245.3	310772.6	559.2	17346.1	269.8		9.62	0.04
368	2456654.3353069201	1.25430	6476.5	250.1	309634.5	556.8	16992.5	265.7		9.67	0.04
369	2456654.3353746189	1.25539	6298.4	239.8	312080.0	559.0	17967.6	262.7		9.76	0.04
370	2456654.3354423176	1.25648	5882.4	238.1	304108.8	552.3	17380.3	265.7		9.86	0.04
371	2456654.3355100169	1.25756	6389.3	243.9	309334.0	556.1	17183.2	262.5		9.70	0.04
372	2456654.3355776491	1.25865	6189.3	254.2	306331.4	559.1	16840.9	276.1		9.75	0.04
373	2456654.3356453478	1.25973	6464.8	248.4	308853.4	554.6	17104.4	269.7		9.67	0.04
374	2456654.3357130471	1.26082	5830.5	242.0	308586.2	553.2	17187.3	267.3		9.92	0.04
375	2456654.3357806792	1.26190	6359.2	241.7	308574.2	553.0	17667.8	267.5		9.71	0.04
376	2456654.3358483785	1.26299	6294.0	239.1	314598.4	560.1	17216.8	267.8		9.78	0.04
377	2456654.3359160773	1.26407	6353.7	245.0	308241.0	557.1	16958.5	266.0		9.70	0.04
378	2456654.3359837094	1.26516	5817.8	243.1	311750.6	556.8	17578.2	266.2		9.95	0.04
379	2456654.3360514087	1.26624	6517.7	247.6	313912.8	559.7	17057.0	267.3		9.69	0.04
380	2456654.3361191074	1.26733	6261.5	241.3	314021.0	560.0	17552.8	268.9		9.79	0.04
381	2456654.3361868067	1.26841	6112.6	242.9	309342.9	559.2	16839.1	267.1		9.81	0.04
382	2456654.3362544389	1.26950	5832.3	247.0	312838.4	560.3	17122.6	267.0		9.96	0.04
383	2456654.3363221376	1.27058	6328.5	239.1	308350.6	554.4	17186.1	269.2		9.72	0.04
384	2456654.3363898369	1.27167	6556.5	238.2	312344.8	559.1	17391.4	275.5		9.66	0.03
385	2456654.3364574690	1.27275	6436.1	244.3	314832.2	560.0	17675.3	266.4		9.73	0.04
386	2456654.3365251678	1.27384	5823.1	247.5	307663.8	555.1	16710.9	270.5		9.92	0.04
387	2456654.3365928670	1.27492	6066.4	238.0	310851.5	555.9	17420.6	266.5		9.84	0.04
388	2456654.3366605658	1.27601	5926.6	244.0	306364.5	553.8	16647.9	268.8		9.86	0.04
389	2456654.3367281985	1.27709	6113.6	242.0	311255.7	557.8	17051.9	265.2		9.83	0.04
390	2456654.3367958972	1.27818	6243.0	240.2	309386.5	555.4	17370.7	271.1		9.76	0.04
391	2456654.3368635960	1.27927	6092.9	256.4	304522.2	561.0	17373.6	278.9		9.78	0.04
392	2456654.3369312286	1.28035	6078.8	249.8	305413.6	556.6	16432.5	272.9		9.79	0.04
393	2456654.3369989274	1.28144	6370.7	237.1	311304.2	557.4	17404.2	266.5		9.72	0.04
394	2456654.3370666266	1.28252	6362.1	240.3	315496.8	561.5	17877.4	268.9		9.76	0.04
395	2456654.3371342588	1.28361	6148.2	241.9	310207.3	555.0	16846.4	271.8		9.80	0.04
396	2456654.3372019576	1.28469	6597.2	247.6	318483.4	564.3	18087.3	272.0		9.69	0.04
397	2456654.3372696568	1.28578	6142.8	244.5	308472.1	558.3	16539.6	267.3		9.79	0.04
398	2456654.3373373556	1.28686	5716.6	243.8	313640.2	559.0	16999.7	269.4		10.01	0.04
399	2456654.3374049882	1.28795	6702.2	244.9	314112.4	559.7	17338.4	273.8		9.62	0.03
400	2456654.3374726870	1.28903	6439.8	243.9	314953.1	559.1	17843.3	267.9		9.72	0.04
401	2456654.3375403858	1.29012	5746.2	251.3	310422.6	558.2	17699.0	272.7		9.97	0.04
402	2456654.3376080184	1.29120	6181.3	244.6	313996.5	560.3	17719.8	266.6		9.82	0.04
403	2456654.3376757172	1.29229	5967.7	241.4	307228.7	556.9	16772.5	271.6		9.85	0.04
404	2456654.3377434160	1.29337	6166.7	252.7	310375.0	559.7	17197.4	261.8		9.80	0.04
405	2456654.3378110486	1.29446	5941.8	249.6	311768.3	557.3	16909.5	268.6		9.90	0.04
406	2456654.3378787474	1.29554	6295.7	252.0	309779.6	559.1	17107.7	272.1		9.74	0.04
407	2456654.3379464466	1.29663	5701.2	253.8	313966.7	560.6	17456.6	271.8		10.02	0.04
408	2456654.3380141454	1.29771	6040.5	249.5	314693.0	564.5	17113.0	269.8		9.88	0.04
409	2456654.3380817776	1.29880	6368.3	255.0	310824.4	558.4	17078.5	273.8		9.72	0.04
410	2456654.3381494768	1.29988	6071.0	248.5	311510.7	561.9	17246.6	267.8		9.84	0.04
411	2456654.3382171756	1.30097	5814.6	251.1	311894.6	562.2	17177.5	280.2		9.96	0.04
412	2456654.3382848082	1.30205	5802.7	253.6	313324.6	563.6	16877.3	275.4		9.97	0.04
413	2456654.3383525070	1.30314	6333.2	260.8	315112.0	564.7	17352.1	275.5		9.77	0.04
414	2456654.3384202057	1.30423	6124.0	248.9	313370.1	561.7	17667.5	276.0		9.84	0.04
415	2456654.3384879050	1.30531	5629.3	249.1	312457.7	562.1	16913.8	280.2		10.04	0.04
416	2456654.3385555372	1.30640	6206.3	253.3	314060.2	560.6	17763.9	276.1		9.81	0.04
417	2456654.3386232359	1.30748	6097.0	253.5	313398.0	562.0	17135.6	272.3		9.85	0.04
418	2456654.3386909352	1.30857	6157.3	251.2	314419.1	562.5	17703.7	278.0		9.83	0.04
419	2456654.3387585673	1.30965	6217.3	249.0	313989.4	561.2	17428.5	273.8		9.81	0.04
420	2456654.3388262666	1.31074	6087.8	261.1	307358.6	557.2	16927.2	282.5		9.80	0.04
421	2456654.3388939654	1.31182	5881.9	259.1	307767.1	564.4	16988.8	290.8		9.89	0.04
422	2456654.3389615975	1.31291	5891.7	253.9	310578.5	562.1	17469.3	278.4		9.91	0.04
423	2456654.3390292968	1.31399	5676.6	254.9	306010.5	556.8	17001.8	273.7		9.97	0.04
424	2456654.3390969955	1.31508	5859.7	257.1	311137.2	561.1	17047.8	278.0		9.93	0.04
425	2456654.3391646943	1.31616	5912.3	245.6	311627.5	562.6	16850.9	276.5		9.91	0.04
426	2456654.3392323270	1.31725	6197.6	249.1	309505.8	559.2	17451.7	275.3		9.78	0.04
427	2456654.3393000257	1.31833	6067.2	254.7	311197.2	558.6	17757.0	271.8		9.84	0.04
428	2456654.3393677250	1.31942	6468.7	249.7	311699.8	561.2	17886.6	271.4		9.69	0.04
429	2456654.3394353571	1.32050	6471.2	256.1	309800.4	562.1	17135.9	281.5		9.67	0.04
430	2456654.3395030559	1.32159	6258.0	248.3	309738.1	559.6	17190.7	275.2		9.75	0.04
431	2456654.3395707551	1.32268	6045.8	255.0	311105.9	562.8	17197.7	280.8		9.85	0.04
432	2456654.3396384539	1.32376	6079.0	252.9	305585.9	556.2	16591.6	275.1		9.79	0.04
433	2456654.3397060866	1.32485	5854.5	248.3	304337.1	557.4	16743.0	276.2		9.88	0.04
434	2456654.3397737853	1.32593	6057.1	254.9	311001.2	560.3	17034.3	280.5		9.85	0.04
435	2456654.3398414841	1.32702	6162.6	249.1	309738.6	558.1	16969.2	272.9		9.79	0.04
436	2456654.3399091167	1.32810	6151.4	252.5	310707.7	560.0	17493.9	276.2		9.81	0.04
437	2456654.3399768155	1.32919	6551.0	255.3	311150.7	562.3	17202.5	272.8		9.65	0.04
438	2456654.3400445143	1.33027	6062.9	253.9	314355.8	565.6	16874.5	274.4		9.87	0.04
439	2456654.3401121469	1.33136	6391.5	251.6	314939.2	566.0	17859.0	270.7		9.74	0.04
440	2456654.3401798457	1.33244	6528.5	261.6	316138.5	564.8	17624.7	275.3		9.70	0.04
441	2456654.3402475449	1.33353	6935.2	251.5	315161.3	566.3	17390.0	270.0		9.54	0.03
442	2456654.3403152437	1.33461	6490.8	250.4	312614.9	562.7	17435.6	273.9		9.69	0.04
443	2456654.3403828759	1.33570	6254.6	255.9	310565.2	557.8	17015.5	271.5		9.76	0.04
444	2456654.3404505751	1.33678	6257.4	265.3	308038.8	565.9	16886.8	290.7		9.74	0.04
445	2456654.3405182739	1.33787	6418.8	253.1	305329.6	554.3	17011.1	270.6		9.66	0.04
446	2456654.3405859065	1.33895	6197.3	253.2	308549.2	557.6	17746.3	276.3		9.77	0.04
447	2456654.3406536053	1.34004	6387.0	248.1	313102.2	562.3	16997.4	272.6		9.73	0.04
448	2456654.3407213041	1.34112	6424.8	250.7	313594.6	560.1	17786.6	268.0		9.72	0.04
449	2456654.3407889367	1.34221	6162.7	253.0	305315.9	554.7	16495.7	272.0		9.76	0.04
450	2456654.3408566355	1.34329	6105.0	248.6	311324.7	558.5	17368.6	265.5		9.83	0.04
451	2456654.3409243347	1.34438	6331.5	248.3	316903.5	565.1	18084.5	274.6		9.78	0.04
452	2456654.3409920335	1.34547	6302.4	243.4	314487.2	563.2	17251.4	277.6		9.78	0.04
453	2456654.3410596657	1.34655	6211.8	247.0	312948.2	563.2	17409.5	272.9		9.80	0.04
454	2456654.3411273649	1.34764	6328.4	247.1	310748.9	559.7	17440.7	274.5		9.73	0.04
455	2456654.3411950637	1.34872	6265.4	252.7	310952.6	558.7	16827.2	280.7		9.76	0.04
456	2456654.3412626958	1.34981	6539.8	253.4	306043.6	560.6	16983.3	276.0		9.61	0.04
457	2456654.3413303951	1.35089	6308.0	250.2	312148.0	561.3	17029.3	273.2		9.75	0.04
458	2456654.3413980938	1.35198	5995.2	250.4	316134.5	564.1	17523.9	272.5		9.91	0.04
459	2456654.3414657931	1.35306	6211.4	248.9	312462.6	562.2	17359.7	274.4		9.80	0.04
460	2456654.3415334253	1.35415	6438.5	249.4	315349.9	562.7	17250.4	274.9		9.73	0.04
461	2456654.3416011240	1.35523	5640.6	252.6	312380.7	560.4	17676.4	272.2		10.04	0.04
462	2456654.3416688233	1.35632	6182.6	250.8	313349.7	561.1	17334.7	277.4		9.81	0.04
463	2456654.3417364554	1.35740	6089.7	250.2	316201.1	565.8	17374.9	281.4		9.87	0.04
464	2456654.3418041547	1.35849	6828.8	256.6	313810.5	563.6	17575.6	275.3		9.57	0.04
465	2456654.3418718535	1.35957	6386.2	261.3	312084.5	559.1	17663.0	276.0		9.72	0.04
466	2456654.3419394856	1.36066	6615.5	251.8	314453.4	562.5	17550.1	279.7		9.65	0.04
467	2456654.3420071849	1.36174	6566.0	247.5	314364.7	565.8	18160.2	279.3		9.67	0.04
468	2456654.3420748836	1.36283	6326.2	253.8	305134.6	555.4	17051.4	277.5		9.69	0.04
469	2456654.3421425824	1.36392	6092.5	248.7	308374.6	558.9	16669.8	273.0		9.81	0.04
470	2456654.3422102151	1.36500	6251.5	252.0	309045.0	557.9	17347.8	276.9		9.75	0.04
471	2456654.3422779138	1.36609	6261.0	250.1	311211.6	562.2	16873.9	279.4		9.77	0.04
472	2456654.3423456131	1.36717	6440.2	255.6	307597.4	559.5	16486.9	272.8		9.67	0.04
473	2456654.3424132452	1.36826	6105.3	254.0	311664.7	564.1	17411.5	273.3		9.83	0.04
474	2456654.3424809440	1.36934	6361.4	252.9	313958.9	563.5	17202.8	278.0		9.75	0.04
475	2456654.3425486432	1.37043	6701.9	252.2	311682.8	558.4	17361.8	278.1		9.60	0.04
476	2456654.3426163420	1.37151	6137.8	253.1	316633.2	566.8	17714.6	275.2		9.86	0.04
477	2456654.3426839747	1.37260	6313.4	252.7	311870.3	562.1	17298.1	274.2		9.75	0.04
478	2456654.3427516734	1.37368	6084.5	252.8	307890.0	557.1	17081.8	278.4		9.81	0.04
479	2456654.3428193722	1.37477	6401.7	245.5	312897.5	563.0	17271.5	268.7		9.72	0.04
480	2456654.3428870048	1.37585	6140.0	259.2	309211.1	559.0	16716.7	276.7		9.80	0.04
481	2456654.3429547036	1.37694	6263.8	250.1	304260.5	555.6	17240.0	274.1		9.71	0.04
482	2456654.3430224024	1.37802	6482.9	249.4	310700.6	559.5	17435.3	275.7		9.67	0.04
483	2456654.3430900350	1.37911	6693.4	252.6	312639.7	559.2	17421.8	278.1		9.61	0.04
484	2456654.3431577338	1.38019	6171.3	252.9	309638.1	558.7	17084.0	271.8		9.79	0.04
485	2456654.3432254330	1.38128	6067.1	255.3	313270.1	561.9	17501.7	275.4		9.86	0.04
486	2456654.3432931318	1.38236	6174.0	255.1	302109.3	553.2	16848.7	272.1		9.73	0.04
487	2456654.3433607640	1.38345	6477.6	250.8	310892.4	560.8	16670.0	273.7		9.68	0.04
488	2456654.3434284632	1.38453	5664.4	248.4	314158.6	565.5	17534.2	278.5		10.04	0.04
489	2456654.3434961620	1.38562	6548.6	249.3	312787.2	562.5	17324.1	273.6		9.67	0.04
490	2456654.3435637946	1.38670	6772.5	251.5	311837.1	563.4	17504.1	280.9		9.57	0.04
491	2456654.3436314934	1.38779	6359.0	248.4	314241.0	563.2	17379.1	281.1		9.75	0.04
492	2456654.3436991922	1.38888	5928.3	256.6	306885.7	559.7	17261.6	275.5		9.87	0.04
493	2456654.3437668914	1.38996	6702.6	254.2	315005.1	562.9	17703.1	279.5		9.63	0.04
494	2456654.3438345236	1.39105	6378.4	259.6	314353.9	564.1	17117.5	278.6		9.74	0.04
495	2456654.3439022223	1.39213	6170.5	248.4	311377.5	559.9	17272.3	275.6		9.80	0.04
496	2456654.3439699216	1.39322	6426.7	251.0	313343.3	560.6	17306.0	273.6		9.72	0.04
497	2456654.3440375538	1.39430	6887.4	254.8	315676.1	563.0	17439.5	274.3		9.56	0.04
498	2456654.3441052530	1.39539	6458.1	250.8	312762.7	561.4	17398.5	280.2		9.70	0.04
499	2456654.3441729518	1.39647	6292.0	260.6	305728.9	559.6	16839.8	286.2		9.71	0.04
500	2456654.3442405839	1.39756	6304.9	252.4	315356.7	561.3	17674.2	277.4		9.78	0.04
501	2456654.3443082832	1.39864	6456.0	253.3	317969.2	565.4	18050.5	276.3		9.74	0.04
502	2456654.3443759819	1.39973	6295.4	253.4	314834.3	563.9	17936.7	279.5		9.78	0.04
503	2456654.3444436812	1.40081	5806.0	251.8	314112.0	562.7	17066.7	268.1		9.98	0.04
504	2456654.3445113134	1.40190	5757.0	246.0	309506.8	560.2	17504.0	271.9		9.96	0.04
505	2456654.3445790121	1.40298	6645.4	247.8	313149.1	558.4	17156.8	271.0		9.63	0.04
506	2456654.3446467114	1.40407	6064.3	255.3	310994.7	558.1	17331.4	270.1		9.84	0.04
507	2456654.3447143435	1.40515	5841.0	250.1	305580.2	556.5	17097.9	272.0		9.89	0.04
508	2456654.3447820423	1.40624	5812.8	253.1	307350.5	557.9	17204.9	274.7		9.92	0.04
509	2456654.3448497416	1.40732	5632.9	246.4	306373.7	556.8	17127.1	274.0		9.99	0.04
510	2456654.3449174403	1.40841	6471.4	257.4	307386.2	557.4	17059.0	278.0		9.65	0.04
511	2456654.3449850730	1.40949	6498.7	248.1	312884.1	558.5	17522.8	273.9		9.69	0.04
512	2456654.3450527717	1.41058	6082.9	252.8	312120.0	559.9	17524.1	271.9		9.84	0.04
513	2456654.3451204705	1.41167	6094.9	248.3	316484.3	565.0	17509.9	273.3		9.87	0.04
514	2456654.3451881032	1.41275	5939.0	243.2	312077.4	563.0	17316.5	276.5		9.90	0.04
515	2456654.3452558019	1.41384	6418.0	251.3	313198.2	559.8	17418.7	270.3		9.72	0.04
516	2456654.3453235012	1.41492	6073.4	254.5	313570.0	563.9	17328.0	268.4		9.86	0.04
517	2456654.3453911333	1.41601	5858.8	247.3	316983.9	563.5	17538.8	280.0		9.98	0.04
518	2456654.3454588321	1.41709	6393.1	254.2	315284.6	562.8	17872.9	274.3		9.75	0.04
519	2456654.3455265313	1.41818	6134.9	251.9	311642.4	561.1	17213.1	275.8		9.82	0.04
520	2456654.3455942301	1.41926	6884.7	242.9	317577.8	565.4	17846.9	270.0		9.58	0.03
521	2456654.3456618623	1.42035	6563.1	252.5	312385.0	560.5	16756.7	273.4		9.66	0.04
522	2456654.3457295615	1.42143	6071.3	273.0	307374.6	565.6	16482.5	292.5		9.81	0.04
523	2456654.3457972603	1.42252	6002.4	244.8	306041.0	555.8	16931.7	272.4		9.83	0.04
524	2456654.3458648929	1.42360	6727.7	249.5	313690.6	563.9	17653.9	280.6		9.61	0.04
525	2456654.3459325917	1.42469	6302.2	242.6	312364.4	558.4	17048.0	270.1		9.76	0.04
526	2456654.3460002905	1.42577	6159.8	249.6	312816.3	560.2	18046.5	271.0		9.82	0.04
527	2456654.3460679897	1.42686	6144.1	249.7	317427.5	563.7	17930.3	275.0		9.86	0.04
528	2456654.3461356219	1.42794	5972.1	247.0	311821.0	559.4	17101.5	274.6		9.89	0.04
529	2456654.3462033211	1.42903	6510.0	254.4	311985.4	557.7	17506.9	275.4		9.67	0.04
530	2456654.3462710199	1.43012	6302.2	249.9	312169.7	562.2	17839.9	274.0		9.76	0.04
531	2456654.3463386521	1.43120	6494.2	262.1	309480.8	561.8	17401.9	284.0		9.66	0.04
532	2456654.3464063513	1.43229	6061.4	247.7	308730.0	557.2	17375.6	276.0		9.83	0.04
533	2456654.3464740501	1.43337	6139.9	248.0	307197.2	555.9	17376.5	267.3		9.78	0.04
534	2456654.3465416823	1.43446	6695.4	253.2	315980.5	564.5	17715.6	272.4		9.64	0.04
535	2456654.3466093815	1.43554	6600.8	249.9	310916.2	556.1	16876.9	268.0		9.63	0.04
536	2456654.3466770803	1.43663	6218.2	248.4	309998.8	556.6	17338.7	269.0		9.77	0.04
537	2456654.3467447795	1.43771	6216.3	244.1	316285.8	563.2	17562.3	265.8		9.82	0.04
538	2456654.3468124117	1.43880	6731.9	243.6	314358.9	559.0	17726.1	274.7		9.61	0.03
539	2456654.3468801104	1.43988	6634.3	248.8	313130.2	561.8	17497.1	272.2		9.64	0.04
540	2456654.3469478097	1.44097	6418.2	249.0	311447.8	558.9	17682.0	274.0		9.71	0.04
541	2456654.3470154419	1.44205	6548.9	251.4	310795.6	558.0	17011.3	269.9		9.65	0.04
542	2456654.3470831411	1.44314	6369.7	245.2	315169.8	560.8	17655.8	268.4		9.75	0.04
543	2456654.3471508399	1.44422	6835.1	251.5	316020.0	562.4	17851.6	268.2		9.58	0.04
544	2456654.3472184720	1.44531	6742.9	244.8	317230.2	561.5	17555.1	275.9		9.63	0.03
545	2456654.3472861713	1.44639	6760.3	252.8	317937.9	562.5	18057.9	270.3		9.63	0.04
546	2456654.3473538700	1.44748	6840.6	247.7	317530.4	560.0	17375.3	271.8		9.59	0.03
547	2456654.3474215688	1.44856	6812.1	250.9	313900.3	559.9	18062.9	272.9		9.58	0.04
548	2456654.3474892015	1.44965	6631.2	241.8	311391.0	558.5	17156.6	268.0		9.62	0.03
549	2456654.3475569002	1.45073	6909.8	249.9	310895.3	556.0	16986.6	272.6		9.52	0.03
550	2456654.3476245995	1.45182	6206.0	248.9	306484.5	555.8	17392.4	272.1		9.75	0.04
551	2456654.3476922316	1.45290	5837.1	261.6	307456.5	559.6	16964.8	281.5		9.91	0.04
552	2456654.3477599304	1.45399	6497.8	250.2	314888.2	559.8	17769.5	272.2		9.70	0.04
553	2456654.3478276297	1.45508	6682.0	243.1	309880.7	556.0	17514.7	271.8		9.59	0.03
554	2456654.3478953284	1.45616	6442.1	249.4	314410.9	560.8	17741.8	270.8		9.72	0.04
555	2456654.3479629611	1.45725	6227.4	245.2	315307.7	562.9	17554.0	273.1		9.81	0.04
556	2456654.3480306598	1.45833	6847.6	251.6	319040.3	566.0	17982.4	275.4		9.60	0.03
557	2456654.3480983586	1.45942	6819.2	244.5	318306.3	563.2	17856.3	270.0		9.61	0.03
558	2456654.3481659913	1.46050	6784.6	247.1	317913.2	559.2	17681.2	273.5		9.62	0.03
559	2456654.3482336900	1.46159	6413.5	245.0	311394.9	559.1	17459.3	271.4		9.71	0.04
560	2456654.3483013888	1.46267	6254.6	250.1	311436.8	557.9	17400.0	267.4		9.77	0.04
561	2456654.3483690214	1.46376	6631.6	250.2	313859.8	561.0	17585.3	270.9		9.64	0.04
562	2456654.3484367202	1.46484	6778.5	256.6	314929.6	562.1	17488.5	272.1		9.60	0.04
563	2456654.3485044194	1.46593	6698.5	246.0	311979.8	563.3	17688.6	273.2		9.60	0.03
564	2456654.3485721182	1.46701	6575.6	250.8	307625.6	557.2	17485.8	267.8		9.61	0.04
565	2456654.3486397504	1.46810	6644.7	253.5	314392.3	560.6	17825.3	274.9		9.64	0.04
566	2456654.3487074496	1.46918	7188.3	247.7	315720.6	562.5	17590.6	271.6		9.46	0.03
567	2456654.3487751484	1.47027	6665.7	250.3	315782.9	562.8	18039.8	270.5		9.65	0.04
568	2456654.3488427810	1.47135	7031.0	247.8	314273.6	560.1	17310.8	266.0		9.50	0.03
569	2456654.3489104798	1.47244	6824.0	246.3	313220.3	560.5	17736.0	272.0		9.57	0.03
570	2456654.3489781786	1.47353	6954.2	252.7	316191.9	559.4	17635.5	271.5		9.54	0.03
571	2456654.3490458778	1.47461	7033.6	251.4	314489.9	561.2	17543.5	271.7		9.50	0.03
572	2456654.3491135100	1.47570	7122.8	250.5	316591.8	563.5	17859.1	269.8		9.49	0.03
573	2456654.3491812088	1.47678	6628.4	243.4	306484.4	554.5	17120.6	266.6		9.58	0.03
574	2456654.3492489080	1.47787	7131.5	251.8	317464.3	562.8	17627.1	272.3		9.49	0.03
575	2456654.3493165402	1.47895	7177.8	249.5	318319.9	565.1	17989.3	275.4		9.48	0.03
576	2456654.3493842394	1.48004	7176.1	242.9	317123.1	564.3	17870.1	274.6		9.47	0.03
577	2456654.3494519382	1.48112	6509.8	252.0	315196.5	564.0	17502.6	270.5		9.70	0.04
578	2456654.3495195704	1.48221	6887.6	252.1	308330.0	558.7	17059.1	272.9		9.50	0.03
579	2456654.3495872696	1.48329	6780.2	245.1	311496.0	557.4	17514.4	270.4		9.57	0.03
580	2456654.3496549684	1.48438	6538.2	255.8	305361.3	554.6	16830.6	276.3		9.61	0.04
581	2456654.3497226676	1.48546	7022.5	241.4	314951.5	560.3	17619.0	263.9		9.51	0.03
582	2456654.3497902998	1.48655	7035.8	244.0	316498.2	562.9	17730.6	269.7		9.52	0.03
583	2456654.3498579985	1.48763	6838.6	248.3	310203.4	557.0	17598.7	266.7		9.54	0.03
584	2456654.3499256978	1.48872	6891.2	248.4	314304.5	559.1	17715.7	269.6		9.55	0.03
585	2456654.3499933300	1.48980	6727.1	242.3	313700.6	557.5	17497.5	266.9		9.61	0.03
586	2456654.3500610287	1.49089	6510.9	246.9	316456.8	563.7	17174.6	265.7		9.71	0.04
587	2456654.3501287280	1.49197	6896.7	243.8	314545.1	560.1	17717.3	266.5		9.55	0.03
588	2456654.3501963601	1.49306	6537.3	243.1	313926.2	559.7	17124.3	269.5		9.68	0.04
589	2456654.3502640594	1.49414	6770.2	244.1	318371.6	563.0	17838.8	267.4		9.63	0.03
590	2456654.3503317581	1.49523	6969.3	250.6	314423.2	560.9	17480.2	268.3		9.52	0.03
591	2456654.3503994569	1.49632	7036.0	252.1	316949.2	564.0	17778.1	269.4		9.52	0.03
592	2456654.3504670896	1.49740	7119.9	251.1	313821.8	559.9	17669.3	271.4		9.46	0.03
593	2456654.3505347883	1.49849	6711.5	241.8	310670.8	557.2	16812.9	271.2		9.59	0.03
594	2456654.3506024876	1.49957	6693.5	245.8	311766.8	558.5	17357.6	266.3		9.60	0.03
595	2456654.3506701197	1.50066	6504.4	248.9	314895.6	563.2	17399.0	272.2		9.70	0.04
596	2456654.3507378185	1.50174	6756.2	245.9	314231.3	559.0	17692.4	260.9		9.60	0.03
597	2456654.3508055178	1.50283	6573.3	247.4	313933.2	557.8	17333.3	270.3		9.67	0.04
598	2456654.3508732165	1.50391	6889.5	250.8	317223.6	561.3	17446.0	267.0		9.57	0.03
599	2456654.3509408487	1.50500	6867.5	243.1	318569.7	561.0	17479.4	271.2		9.59	0.03
600	2456654.3510085479	1.50608	6870.4	241.8	314949.6	562.2	17067.1	259.1		9.56	0.03
601	2456654.3510762467	1.50717	6706.1	243.1	313667.4	561.6	17753.9	263.9		9.61	0.03
602	2456654.3511438794	1.50825	7518.4	245.2	319375.4	565.4	18107.6	265.1		9.37	0.03
603	2456654.3512115781	1.50934	6671.7	249.3	316922.7	563.4	17759.8	275.1		9.65	0.04
604	2456654.3512792769	1.51042	7146.4	253.3	316670.1	561.7	17480.5	264.6		9.48	0.03
605	2456654.3513469095	1.51151	6851.1	252.8	314421.1	561.3	17363.7	264.0		9.57	0.04
606	2456654.3514146083	1.51259	6553.9	240.6	318744.9	563.2	17987.0	271.9		9.71	0.03
607	2456654.3514823075	1.51368	7008.0	242.4	316850.3	560.0	17313.9	272.0		9.53	0.03
608	2456654.3515500063	1.51476	6769.1	238.8	313589.4	559.2	17499.0	271.8		9.59	0.03
609	2456654.3516176385	1.51585	6952.3	243.5	314516.9	560.5	16846.8	266.7		9.53	0.03
610	2456654.3516853377	1.51693	6165.4	248.0	315781.9	560.7	17260.9	267.7		9.84	0.04
611	2456654.3517530365	1.51802	6815.0	244.3	317477.2	562.7	17250.2	270.1		9.60	0.03
612	2456654.3518206691	1.51911	7027.7	241.8	319529.5	564.0	17881.2	270.0		9.54	0.03
613	2456654.3518883679	1.52019	6899.9	246.2	319236.1	560.8	17430.2	264.6		9.59	0.03
614	2456654.3519560667	1.52128	6942.8	243.4	314237.8	561.3	17340.6	267.1		9.53	0.03
615	2456654.3520237659	1.52236	6669.4	247.3	309860.3	555.1	17238.9	263.9		9.60	0.04
616	2456654.3520913981	1.52345	6641.3	249.0	315516.9	561.3	17644.7	271.0		9.65	0.04
617	2456654.3521590969	1.52453	6671.2	244.5	316884.8	560.0	17699.1	268.1		9.65	0.03
618	2456654.3522267961	1.52562	6536.7	241.9	319627.4	564.7	17642.9	265.0		9.72	0.04
619	2456654.3522944283	1.52670	6893.0	237.2	317390.5	563.4	17137.0	268.4		9.57	0.03
620	2456654.3523621275	1.52779	6595.6	247.2	317582.0	562.6	17378.4	268.6		9.69	0.04
621	2456654.3524298263	1.52887	7137.3	244.3	314198.7	560.8	17659.0	272.4		9.46	0.03
622	2456654.3524974585	1.52996	7049.0	242.0	311688.5	557.8	17255.2	265.2		9.47	0.03
623	2456654.3525651577	1.53104	6994.2	238.5	314484.0	560.3	17697.5	263.1		9.51	0.03
624	2456654.3526328565	1.53213	6630.0	243.4	315724.1	562.9	17508.5	263.0		9.66	0.03
625	2456654.3527005552	1.53321	6428.4	239.8	314330.5	558.4	17101.6	264.1		9.72	0.04
626	2456654.3527681879	1.53430	6428.9	246.2	316300.0	561.7	17451.4	264.6		9.74	0.04
627	2456654.3528358866	1.53538	6426.2	245.9	316127.5	560.9	18077.6	267.9		9.74	0.04
628	2456654.3529035859	1.53647	6548.8	240.2	318074.6	562.2	17957.2	266.9		9.71	0.03
629	2456654.3529712181	1.53755	6898.7	242.0	317312.7	562.5	17393.3	266.4		9.57	0.03
630	2456654.3530389168	1.53864	6415.8	244.4	317404.6	561.8	17408.2	265.8		9.75	0.04
631	2456654.3531066161	1.53973	6570.6	242.4	317117.3	563.0	17495.1	263.0		9.69	0.04
632	2456654.3531743148	1.54081	6824.1	242.3	316908.3	560.8	17699.5	264.1		9.60	0.03
633	2456654.3532419475	1.54190	7016.4	241.8	315447.0	562.1	17438.9	272.0		9.51	0.03
634	2456654.3533096462	1.54298	6640.1	248.3	319052.8	564.2	17850.3	266.3		9.68	0.04
635	2456654.3533773450	1.54407	6664.0	247.5	319111.2	563.2	18171.3	266.7		9.67	0.04
636	2456654.3534449777	1.54515	6827.0	247.3	315898.5	559.7	17737.7	269.1		9.59	0.03
637	2456654.3535126764	1.54624	6566.8	245.5	311102.8	555.1	17030.9	265.8		9.65	0.04
638	2456654.3535803752	1.54732	7013.6	241.5	314311.2	561.3	17504.3	262.8		9.51	0.03
639	2456654.3536480078	1.54841	6660.0	238.4	314886.7	558.8	17784.7	269.3		9.64	0.03
640	2456654.3537157066	1.54949	6713.4	240.3	310174.6	555.9	17507.3	267.2		9.58	0.03
641	2456654.3537834059	1.55058	7242.1	247.0	316480.2	560.7	17662.8	271.7		9.44	0.03
642	2456654.3538511046	1.55166	6747.6	242.8	314635.0	559.0	17227.0	263.0		9.61	0.03
643	2456654.3539187368	1.55275	7014.3	244.0	316305.0	559.6	18037.4	265.1		9.52	0.03
644	2456654.3539864360	1.55383	6860.5	243.8	312988.8	557.0	16920.7	262.1		9.55	0.03
645	2456654.3540541348	1.55492	6758.0	249.8	310403.2	561.3	17443.2	266.7		9.57	0.04
646	2456654.3541217675	1.55600	6969.9	242.2	311170.4	560.3	17195.3	263.9		9.50	0.03
647	2456654.3541894662	1.55709	6502.4	242.7	307997.7	556.0	17266.7	263.0		9.64	0.04
648	2456654.3542571650	1.55817	6802.1	244.3	313825.8	559.4	17700.7	269.7		9.58	0.03
649	2456654.3543248642	1.55926	6893.0	247.9	312170.8	559.1	17405.7	265.2		9.53	0.03
650	2456654.3543924964	1.56034	6972.7	245.3	320215.3	565.9	17571.8	266.3		9.57	0.03
651	2456654.3544601952	1.56143	6786.5	240.6	312835.8	559.1	17422.2	269.0		9.58	0.03
652	2456654.3545278944	1.56252	6615.4	241.3	318156.6	562.1	17498.9	267.8		9.68	0.03
653	2456654.3545955266	1.56360	6897.8	241.8	314238.7	557.7	17229.0	263.1		9.55	0.03
654	2456654.3546632258	1.56469	7255.0	247.6	317078.8	564.1	17377.7	271.9		9.44	0.03
655	2456654.3547309246	1.56577	7167.6	247.2	312143.3	555.9	18550.4	273.5		9.43	0.03
656	2456654.3547985568	1.56686	6785.3	238.5	317769.6	560.2	17502.3	261.4		9.62	0.03
657	2456654.3548662560	1.56794	6639.4	238.7	312693.5	560.2	17108.4	267.0		9.63	0.03
658	2456654.3549339548	1.56903	7142.4	239.2	316097.6	560.0	17500.1	265.2		9.48	0.03
659	2456654.3550016540	1.57011	7087.1	244.8	321249.3	564.5	17540.7	269.3		9.53	0.03
660	2456654.3550692862	1.57120	6990.7	247.0	312221.6	559.0	16990.9	263.2		9.50	0.03
661	2456654.3551369850	1.57228	6732.2	242.5	315192.4	559.9	16994.4	266.7		9.62	0.03
662	2456654.3552046842	1.57337	6741.2	244.9	312321.0	560.1	17483.5	263.5		9.59	0.03
663	2456654.3552723164	1.57445	7274.5	239.5	312098.6	559.6	17109.1	261.6		9.40	0.03
664	2456654.3553400156	1.57554	6449.5	239.4	312173.5	558.2	17100.9	273.6		9.70	0.04
665	2456654.3554077144	1.57662	6890.0	243.1	318199.2	561.0	17273.6	273.7		9.58	0.03
666	2456654.3554753466	1.57771	6904.4	245.0	317802.7	564.2	17410.9	276.7		9.57	0.03
667	2456654.3555430458	1.57879	6860.1	242.6	315843.7	560.1	17564.0	267.2		9.57	0.03
668	2456654.3556107446	1.57988	7358.5	248.7	318890.9	562.0	17503.9	265.9		9.42	0.03
669	2456654.3556784433	1.58097	6844.0	244.2	316098.9	560.9	17606.8	267.2		9.58	0.03
670	2456654.3557460760	1.58205	6846.3	243.1	312117.7	558.4	17105.4	266.4		9.55	0.03
671	2456654.3558137747	1.58314	7079.9	243.1	310490.3	560.0	17249.2	267.8		9.45	0.03
672	2456654.3558814740	1.58422	6683.2	248.6	318519.9	564.5	17405.7	265.6		9.66	0.04
673	2456654.3559491062	1.58531	6989.7	241.5	311073.1	555.1	17170.3	263.3		9.49	0.03
674	2456654.3560168049	1.58639	6903.0	237.3	316540.9	560.2	17286.9	261.3		9.56	0.03
675	2456654.3560845042	1.58748	7041.4	241.7	314155.2	559.4	17203.3	266.4		9.50	0.03
676	2456654.3561522029	1.58856	6652.1	242.2	312469.9	557.3	17392.8	263.2		9.62	0.03
677	2456654.3562198356	1.58965	7074.1	242.0	313522.7	558.5	17494.0	266.8		9.48	0.03
678	2456654.3562875343	1.59073	7404.3	243.6	311808.2	555.0	17681.6	265.9		9.35	0.03
679	2456654.3563552331	1.59182	6924.5	245.6	315087.6	560.2	17608.8	269.3		9.54	0.03
680	2456654.3564228658	1.59290	6957.2	244.5	317061.3	560.3	17963.4	269.8		9.55	0.03
681	2456654.3564905645	1.59399	7033.7	235.9	315081.3	557.7	17532.6	266.5		9.51	0.03
682	2456654.3565582633	1.59507	6644.7	240.9	315611.2	561.0	17675.2	266.4		9.65	0.03
683	2456654.3566258959	1.59616	6908.0	243.8	311389.8	555.7	17740.6	267.8		9.52	0.03
684	2456654.3566935947	1.59724	6237.3	240.4	312991.4	559.0	17165.7	265.7		9.79	0.04
685	2456654.3567612940	1.59833	6624.9	241.9	314796.3	560.8	18011.1	259.6		9.65	0.03
686	2456654.3568289927	1.59941	6934.1	244.9	315499.6	559.5	17349.9	260.4		9.54	0.03
687	2456654.3568966249	1.60050	6595.1	239.1	312541.4	559.1	17586.4	269.2		9.65	0.03
688	2456654.3569643241	1.60158	6398.7	241.4	312766.1	560.7	17269.2	271.2		9.72	0.04
689	2456654.3570320229	1.60267	6805.0	240.4	316317.7	562.7	17456.8	263.7		9.60	0.03
690	2456654.3570996555	1.60375	6944.1	248.3	322411.5	568.1	17511.3	269.1		9.59	0.03
691	2456654.3571673543	1.60484	6909.3	242.4	317670.8	558.9	17465.8	266.2		9.57	0.03
692	2456654.3572350531	1.60593	6580.3	237.8	315197.9	561.3	17189.6	267.8		9.67	0.03
693	2456654.3573027523	1.60701	6569.4	247.4	317793.5	563.2	17596.8	261.8		9.70	0.04
694	2456654.3573703845	1.60810	6971.6	242.6	315733.5	560.9	17695.0	269.7		9.53	0.03
695	2456654.3574380833	1.60918	6919.8	242.3	312876.1	558.1	17362.8	262.4		9.53	0.03
696	2456654.3575057825	1.61027	6473.7	238.2	316943.8	563.7	17517.5	265.9		9.73	0.04
697	2456654.3575734147	1.61135	6529.2	242.0	319037.1	561.9	17416.5	263.9		9.72	0.04
698	2456654.3576411139	1.61244	6503.5	242.0	317805.4	564.5	17880.0	265.3		9.72	0.04
699	2456654.3577088127	1.61352	6389.5	245.5	321601.2	566.5	17795.2	263.4		9.80	0.04
700	2456654.3577764449	1.61461	6423.0	240.0	318975.3	563.3	17409.1	265.6		9.76	0.04
701	2456654.3578441441	1.61569	6850.7	245.6	317534.5	562.5	17472.4	258.9		9.59	0.03
702	2456654.3579118429	1.61678	6955.9	245.0	316867.6	562.9	16972.3	264.6		9.55	0.03
703	2456654.3579795416	1.61786	6500.2	243.8	313586.2	557.4	17523.2	263.5		9.69	0.04
704	2456654.3580471743	1.61895	6734.0	243.7	316332.9	559.5	17499.9	264.1		9.62	0.03
705	2456654.3581148731	1.62003	6729.0	248.3	320015.1	565.4	17739.6	266.8		9.65	0.04
706	2456654.3581825723	1.62112	6620.9	244.7	321245.1	563.9	17770.1	269.9		9.70	0.04
707	2456654.3582502045	1.62220	6486.4	235.9	315776.9	562.8	17316.8	266.9		9.71	0.03
708	2456654.3583179032	1.62329	6696.6	244.2	313604.1	557.8	17138.7	261.7		9.62	0.03
709	2456654.3583856025	1.62437	6916.4	252.9	311665.4	562.1	16814.6	274.5		9.52	0.03
710	2456654.3584532347	1.62546	7028.2	250.9	315817.8	563.7	17548.8	262.3		9.51	0.03
711	2456654.3585209339	1.62655	6896.5	241.1	307385.5	557.3	16867.1	264.8		9.49	0.03
712	2456654.3585886327	1.62763	7038.2	244.2	311666.5	560.1	17312.8	263.5		9.48	0.03
713	2456654.3586563314	1.62872	6681.4	249.3	313181.0	558.8	17598.9	273.5		9.62	0.04
714	2456654.3587239641	1.62980	6579.5	248.0	311773.9	557.9	17018.9	268.6		9.65	0.04
715	2456654.3587916628	1.63089	6766.8	248.9	313629.2	562.3	17479.7	269.3		9.59	0.03
716	2456654.3588593621	1.63197	7288.5	244.3	314509.1	563.5	17518.7	266.3		9.41	0.03
717	2456654.3589269943	1.63306	6943.0	241.6	315520.5	563.0	17317.4	264.1		9.54	0.03
718	2456654.3589946930	1.63414	6987.3	243.7	314021.1	559.3	17931.9	269.1		9.51	0.03
719	2456654.3590623923	1.63523	6832.6	247.5	309517.2	558.9	17019.3	271.4		9.53	0.03
720	2456654.3591300910	1.63631	6999.9	242.7	310535.6	556.0	18006.1	268.1		9.48	0.03
721	2456654.3591977232	1.63740	7066.0	241.8	320173.9	563.3	17323.9	268.5		9.53	0.03
722	2456654.3592654224	1.63848	7037.0	240.8	314848.7	559.9	17680.0	268.0		9.50	0.03
723	2456654.3593331212	1.63957	6967.0	243.9	312590.7	557.6	16930.6	267.2		9.51	0.03
724	2456654.3594007539	1.64065	7463.3	243.2	313270.2	559.4	17398.9	262.8		9.34	0.03
725	2456654.3594684526	1.64174	7598.3	248.6	318690.4	562.9	17474.0	262.2		9.34	0.03
726	2456654.3595361514	1.64282	6988.1	244.8	311454.0	557.2	17081.1	267.2		9.49	0.03
727	2456654.3596037840	1.64391	6974.6	245.0	317943.3	561.8	17633.2	263.6		9.55	0.03
728	2456654.3596714828	1.64499	6662.4	241.0	311897.9	558.3	17927.0	265.4		9.62	0.03
729	2456654.3597391821	1.64608	6951.1	245.1	313772.3	560.2	17456.3	261.6		9.52	0.03
730	2456654.3598068808	1.64717	6983.9	236.1	317478.8	560.0	17706.4	270.0		9.54	0.03
731	2456654.3598745130	1.64825	7001.5	238.1	316731.4	562.7	17040.2	266.6		9.53	0.03
732	2456654.3599422122	1.64934	7540.7	244.5	318161.9	564.8	17119.6	262.3		9.36	0.03
733	2456654.3600099110	1.65042	7080.1	245.4	315718.8	559.7	17434.9	264.2		9.49	0.03
734	2456654.3600775432	1.65151	7403.0	243.4	321242.4	564.3	17591.0	260.1		9.43	0.03
735	2456654.3601452424	1.65259	7580.0	247.3	319818.3	562.2	17690.3	265.5		9.36	0.03
736	2456654.3602129412	1.65368	7513.7	244.9	323157.4	567.0	17687.1	263.5		9.40	0.03
737	2456654.3602806404	1.65476	7279.4	247.4	319159.1	563.3	17606.0	267.8		9.45	0.03
738	2456654.3603482726	1.65585	7418.5	247.8	318539.3	563.8	17715.1	267.6		9.40	0.03
739	2456654.3604159714	1.65693	7321.0	242.6	317002.6	562.5	17581.7	266.6		9.42	0.03
740	2456654.3604836706	1.65802	7544.2	245.0	315580.4	563.6	17824.3	270.8		9.33	0.03
741	2456654.3605513028	1.65910	7694.7	250.5	318412.7	564.9	17711.0	268.3		9.31	0.03
742	2456654.3606190020	1.66019	6969.3	252.0	315965.2	562.2	17696.9	271.1		9.54	0.03
743	2456654.3606867008	1.66127	7208.3	247.5	322186.9	567.0	17940.8	268.0		9.50	0.03
744	2456654.3607543330	1.66236	4726.6	184.6	196552.0	438.3	10985.2	202.9		9.32	0.04
