0	2456654.3104851726	0.85628	3960.8	230.9	166885.4	430.3	9611.6	241.8		9.35	0.06
1	2456654.3104686639	0.85602	7709.3	342.0	327537.9	618.6	17583.0	370.9		9.37	0.04
2	2456654.3105362966	0.85710	7130.7	334.2	326680.8	613.8	17774.3	364.2		9.56	0.04
3	2456654.3106039953	0.85819	7849.3	338.3	323922.4	617.7	18163.5	364.6		9.30	0.04
4	2456654.3106716941	0.85927	7071.9	346.5	312535.5	611.4	17622.1	375.5		9.47	0.05
5	2456654.3107393933	0.86036	7619.6	346.2	322913.6	610.2	17879.6	353.2		9.37	0.04
6	2456654.3108070255	0.86144	7557.3	331.1	323776.4	616.4	17277.9	357.4		9.39	0.04
7	2456654.3108747248	0.86253	8142.6	336.0	326486.6	618.6	17994.7	367.3		9.23	0.04
8	2456654.3109424235	0.86361	7570.1	343.3	318495.4	607.8	17544.7	358.4		9.35	0.04
9	2456654.3110100557	0.86470	7186.1	334.9	323830.4	616.6	17471.5	360.2		9.52	0.04
10	2456654.3110777549	0.86578	7314.8	336.4	322158.9	606.9	17366.6	359.0		9.46	0.04
11	2456654.3111454537	0.86687	7440.4	338.6	326926.8	612.8	18216.5	360.9		9.46	0.04
12	2456654.3112130864	0.86795	8199.3	345.0	325675.3	612.4	17937.7	349.9		9.20	0.04
13	2456654.3112807851	0.86904	7044.5	334.7	324825.4	616.3	18000.3	361.5		9.58	0.05
14	2456654.3113484839	0.87013	7602.3	339.2	325920.2	614.0	17954.9	352.1		9.40	0.04
15	2456654.3114161831	0.87121	7236.1	339.5	326933.0	614.3	18436.4	356.9		9.53	0.05
16	2456654.3114838153	0.87230	7894.4	335.0	324582.5	617.0	17643.9	355.4		9.29	0.04
17	2456654.3115515141	0.87338	7643.3	330.3	326521.0	617.5	17561.6	363.6		9.39	0.04
18	2456654.3116192133	0.87447	7099.6	337.8	322752.9	608.5	17741.3	352.6		9.54	0.05
19	2456654.3116868455	0.87555	7324.0	339.6	326262.6	616.3	17097.9	352.8		9.49	0.04
20	2456654.3117545447	0.87664	6985.8	347.3	323256.0	615.6	17299.3	368.0		9.59	0.05
21	2456654.3118222435	0.87772	7515.9	341.0	324532.0	612.3	18154.1	354.1		9.41	0.04
22	2456654.3118898757	0.87881	7535.1	329.8	322466.7	612.2	18288.8	360.4		9.39	0.04
23	2456654.3119575749	0.87989	6594.7	331.5	324087.0	618.1	17807.2	367.5		9.74	0.05
24	2456654.3120252737	0.88098	7353.5	332.1	326570.9	618.0	18008.9	354.7		9.48	0.04
25	2456654.3120929725	0.88206	7068.6	331.1	320994.9	610.4	17986.8	356.3		9.54	0.04
26	2456654.3121606051	0.88315	7056.4	335.7	322395.7	612.0	17573.8	353.6		9.55	0.05
27	2456654.3122283039	0.88423	7523.2	340.7	325071.0	613.8	17639.4	354.6		9.42	0.04
28	2456654.3122960031	0.88532	7386.6	338.0	325641.4	613.7	18064.3	361.2		9.47	0.04
29	2456654.3123636353	0.88640	7222.4	342.4	327241.6	616.2	18150.5	356.9		9.53	0.05
30	2456654.3124313341	0.88749	6994.2	334.8	326341.0	621.3	17709.8	356.5		9.61	0.05
31	2456654.3124990333	0.88858	7059.6	341.2	328038.1	615.6	17774.8	367.9		9.60	0.05
32	2456654.3125667321	0.88966	7023.7	337.7	326578.7	618.4	17803.0	364.8		9.60	0.05
33	2456654.3126343647	0.89075	7320.9	335.8	324875.2	619.0	17862.0	358.9		9.48	0.04
34	2456654.3127020635	0.89183	7556.5	342.5	322724.7	617.5	18243.2	354.8		9.39	0.04
35	2456654.3127697622	0.89292	7229.5	339.6	325263.6	619.0	18053.5	368.5		9.52	0.05
36	2456654.3128373949	0.89400	7478.1	335.8	327915.2	613.6	18009.6	360.9		9.45	0.04
37	2456654.3129050937	0.89509	6705.7	339.8	327969.7	619.2	18408.2	357.6		9.72	0.05
38	2456654.3129727929	0.89617	6529.4	336.0	327534.0	620.3	17801.6	359.7		9.79	0.05
39	2456654.3130404251	0.89726	7183.2	336.9	326107.0	614.3	18545.1	356.8		9.54	0.05
40	2456654.3131081238	0.89834	7344.2	337.9	323927.2	617.3	17828.9	355.2		9.47	0.04
41	2456654.3131758231	0.89943	7262.9	330.2	325295.4	613.8	17799.0	370.6		9.50	0.04
42	2456654.3132435218	0.90051	7399.6	340.4	326256.4	617.3	18478.9	359.4		9.47	0.04
43	2456654.3133111540	0.90160	7085.5	340.0	323012.7	612.1	18176.3	364.9		9.55	0.05
44	2456654.3133788533	0.90268	7071.8	343.2	322993.1	614.1	17411.0	356.2		9.55	0.05
45	2456654.3134465520	0.90377	7038.1	343.9	323414.6	611.7	17857.1	359.2		9.57	0.05
46	2456654.3135141847	0.90485	7446.2	339.7	325978.7	616.2	18007.9	362.6		9.45	0.04
47	2456654.3135818834	0.90594	6947.1	331.8	325299.8	617.3	17940.0	357.5		9.62	0.05
48	2456654.3136495822	0.90702	7251.8	339.5	325437.3	618.6	18367.6	362.6		9.51	0.04
49	2456654.3137172814	0.90811	7191.1	342.1	323967.4	618.7	18474.2	364.7		9.52	0.05
50	2456654.3137849136	0.90919	6987.2	334.5	325905.7	616.6	17797.2	366.6		9.61	0.05
51	2456654.3138526129	0.91028	7160.4	345.0	323355.5	615.2	18177.6	360.3		9.53	0.05
52	2456654.3139203116	0.91137	6916.9	346.8	325145.7	615.1	17874.5	365.5		9.63	0.05
53	2456654.3139879438	0.91245	6931.0	348.8	324729.4	611.0	17866.1	354.2		9.62	0.05
54	2456654.3140556430	0.91354	6966.5	333.2	327602.9	614.9	18247.3	359.2		9.63	0.05
55	2456654.3141233418	0.91462	6946.0	334.1	325214.0	614.3	17977.4	357.9		9.62	0.05
56	2456654.3141909740	0.91571	7162.9	341.6	327004.7	611.7	18298.8	354.5		9.55	0.05
57	2456654.3142586732	0.91679	6677.4	338.3	321670.1	611.0	17662.6	360.0		9.69	0.05
58	2456654.3143263720	0.91788	6719.6	354.5	325682.4	616.3	17270.5	355.2		9.70	0.05
59	2456654.3143940712	0.91896	6821.5	339.4	324182.7	616.7	18046.7	357.0		9.65	0.05
60	2456654.3144617034	0.92005	6280.6	339.8	326498.3	619.5	17387.1	364.9		9.88	0.05
61	2456654.3145294022	0.92113	6793.0	343.2	325585.7	615.9	17774.9	362.1		9.67	0.05
62	2456654.3145971014	0.92222	7415.7	342.3	327749.2	614.9	18062.7	364.9		9.47	0.04
63	2456654.3146647336	0.92330	6548.5	329.7	325157.3	619.2	17976.3	368.1		9.76	0.05
64	2456654.3147324328	0.92439	6682.2	337.2	326045.1	611.7	17435.3	358.6		9.72	0.05
65	2456654.3148001316	0.92547	6313.2	336.4	324509.7	614.9	17911.6	360.6		9.85	0.05
66	2456654.3148677638	0.92656	7090.3	339.6	326325.2	618.2	18498.5	367.7		9.57	0.05
67	2456654.3149354630	0.92764	6800.7	341.6	325249.8	616.3	18150.2	365.2		9.67	0.05
68	2456654.3150031618	0.92873	7034.9	334.3	323580.9	616.3	18454.1	363.7		9.57	0.05
69	2456654.3150708606	0.92982	6401.6	330.8	320626.5	612.3	17798.8	367.2		9.78	0.05
70	2456654.3151384932	0.93090	6772.0	341.2	324643.2	614.4	18404.9	357.8		9.67	0.05
71	2456654.3152061920	0.93199	6910.1	340.1	324098.4	616.8	17976.8	351.6		9.62	0.05
72	2456654.3152738912	0.93307	6688.2	335.8	325575.6	610.2	18025.5	356.1		9.71	0.05
73	2456654.3153415234	0.93416	6577.8	336.9	324354.2	613.6	18204.2	361.8		9.75	0.05
74	2456654.3154092222	0.93524	7247.4	338.2	325518.0	617.4	17578.0	362.5		9.51	0.04
75	2456654.3154769214	0.93633	7076.9	347.0	324078.0	615.0	18269.4	365.6		9.56	0.05
76	2456654.3155446202	0.93741	6495.5	345.9	323157.5	621.3	17642.6	360.1		9.77	0.05
77	2456654.3156122528	0.93850	7072.7	348.4	321904.3	613.6	17468.3	363.0		9.55	0.05
78	2456654.3156799516	0.93958	7244.2	346.1	328532.1	615.4	18318.0	366.7		9.54	0.05
79	2456654.3157476503	0.94067	6773.9	330.7	324270.8	612.5	19307.8	354.8		9.67	0.05
80	2456654.3158152830	0.94175	6519.5	336.3	328483.6	618.7	17827.2	351.4		9.80	0.05
81	2456654.3158829818	0.94284	6451.7	337.8	321177.2	613.3	17758.4	351.2		9.77	0.05
82	2456654.3159506805	0.94392	6838.2	333.4	323701.3	613.4	17529.5	359.5		9.64	0.05
83	2456654.3160183132	0.94501	7199.4	331.3	329117.8	620.4	17952.1	361.3		9.56	0.04
84	2456654.3160860119	0.94609	7113.8	339.1	325015.1	615.8	18190.4	363.5		9.55	0.05
85	2456654.3161537112	0.94718	6806.8	331.3	321282.5	615.9	18217.6	361.5		9.64	0.05
86	2456654.3162214099	0.94826	7474.8	340.4	327417.9	613.6	18397.4	356.5		9.45	0.04
87	2456654.3162890421	0.94935	6824.2	341.4	321644.6	612.0	17496.0	358.3		9.63	0.05
88	2456654.3163567414	0.95043	7099.2	337.0	320529.3	605.8	18310.2	359.6		9.52	0.05
89	2456654.3164244401	0.95152	6932.0	331.2	323489.1	613.0	18516.5	362.1		9.61	0.05
90	2456654.3164920728	0.95260	8018.6	339.4	323213.2	612.0	17576.8	358.2		9.24	0.04
91	2456654.3165597715	0.95369	7084.1	340.0	326573.9	616.1	18482.2	369.2		9.58	0.05
92	2456654.3166274703	0.95478	7616.3	343.6	327153.9	617.1	18041.7	357.3		9.40	0.04
93	2456654.3166951695	0.95586	7172.7	342.8	323254.0	614.4	17786.2	358.5		9.52	0.05
94	2456654.3167628017	0.95695	7094.4	337.6	326475.8	624.3	17819.0	364.1		9.57	0.05
95	2456654.3168305005	0.95803	7356.1	342.9	325396.5	614.2	18160.5	361.7		9.47	0.04
96	2456654.3168981997	0.95912	7240.1	336.0	327994.4	619.6	17745.3	358.8		9.53	0.04
97	2456654.3169658319	0.96020	7319.7	339.0	327593.3	619.7	18352.7	360.6		9.50	0.04
98	2456654.3170335311	0.96129	7486.8	344.0	325577.3	617.8	18601.8	353.9		9.43	0.04
99	2456654.3171012299	0.96237	6880.6	338.6	327448.0	614.4	17805.8	354.1		9.66	0.05
100	2456654.3171688621	0.96346	7314.3	336.1	325293.8	621.7	18535.4	363.2		9.49	0.04
101	2456654.3172365613	0.96454	7783.3	340.9	326884.7	618.1	17807.7	363.1		9.34	0.04
102	2456654.3173042601	0.96563	7791.1	342.7	323217.7	614.8	18101.5	361.5		9.31	0.04
103	2456654.3173719593	0.96671	7464.3	351.9	319877.4	616.6	18053.4	372.7		9.39	0.05
104	2456654.3174395915	0.96780	7550.4	343.2	320669.8	615.6	17502.4	353.5		9.37	0.04
105	2456654.3175072903	0.96888	7316.0	344.5	321830.3	618.5	17842.8	365.3		9.46	0.05
106	2456654.3175749895	0.96997	7002.6	339.8	321976.7	612.2	17844.0	364.3		9.57	0.05
107	2456654.3176426217	0.97105	7542.2	338.0	324298.5	616.6	17418.6	361.6		9.40	0.04
108	2456654.3177103205	0.97214	7499.8	344.2	327607.1	621.5	18179.5	360.6		9.44	0.04
109	2456654.3177780197	0.97322	7210.4	344.3	325019.5	618.0	18132.4	359.4		9.52	0.05
110	2456654.3178457185	0.97431	7536.0	337.4	325662.6	621.9	17854.4	360.6		9.42	0.04
111	2456654.3179133511	0.97539	7672.1	346.4	325489.4	615.5	18152.6	356.4		9.37	0.04
112	2456654.3179810499	0.97648	7249.8	347.6	323393.8	617.3	17853.7	356.2		9.49	0.05
113	2456654.3180487487	0.97757	7373.9	342.8	323824.4	616.9	18515.8	354.5		9.46	0.04
114	2456654.3181163813	0.97865	6735.1	350.2	325265.8	618.2	18761.2	361.0		9.69	0.05
115	2456654.3181840801	0.97974	6447.7	332.8	324961.4	622.1	17882.5	371.6		9.80	0.05
116	2456654.3182517793	0.98082	5577.4	340.3	322931.3	611.2	18027.3	363.6		10.15	0.06
117	2456654.3183194115	0.98191	3645.8	338.4	328265.0	617.5	18224.1	361.6		11.25	0.09
118	2456654.3183871103	0.98299	2060.9	335.9	327081.2	614.0	17888.5	355.2		12.67	0.16
119	2456654.3184548095	0.98408	2245.3	346.2	327784.6	621.7	18023.7	368.7		12.46	0.15
120	2456654.3185225083	0.98516	966.8	337.7	327386.8	614.7	17291.3	362.8		14.56	0.35
121	2456654.3185901404	0.98625	1149.9	332.8	326662.7	616.5	17899.5	369.0		14.12	0.29
122	2456654.3186578397	0.98733	686.7	330.9	328793.3	623.1	17933.9	356.8		15.43	0.48
123	2456654.3187255384	0.98842	1501.8	342.5	326735.6	621.5	18517.2	367.0		13.46	0.23
124	2456654.3187931711	0.98950	1057.3	339.9	325132.6	619.4	17995.2	368.0		14.32	0.32
125	2456654.3188608699	0.99059	691.6	337.5	325788.9	615.0	17352.6	356.7		15.39	0.49
126	2456654.3189285686	0.99167	1445.8	326.9	325973.4	616.6	17944.4	359.2		13.55	0.22
127	2456654.3189962013	0.99276	872.5	342.8	324350.0	619.7	17510.6	366.4		14.80	0.39
128	2456654.3190639000	0.99384	1048.3	337.8	325767.5	615.9	18501.0	363.5		14.35	0.32
129	2456654.3191315993	0.99493	922.9	338.4	327419.0	616.1	19448.2	366.3		14.68	0.36
130	2456654.3191992980	0.99602	1171.3	334.7	324065.8	618.3	18598.4	365.5		14.06	0.28
131	2456654.3192669302	0.99710	859.2	339.0	324326.5	618.1	18287.2	366.2		14.83	0.39
132	2456654.3193346295	0.99819	961.6	341.8	325815.2	616.0	18239.1	366.7		14.56	0.35
133	2456654.3194023282	0.99927	1209.8	337.8	325976.2	616.5	18292.1	366.5		13.99	0.28
134	2456654.3194699604	1.00036	116.3	343.1	326944.0	619.4	18163.6	361.8		19.85	2.95
135	2456654.3195376596	1.00144	761.4	345.0	325896.9	613.4	18060.1	383.2		15.15	0.45
136	2456654.3196053584	1.00253	632.4	335.4	327594.5	621.1	18445.9	368.2		15.63	0.53
137	2456654.3196730576	1.00361	1054.3	330.8	325575.3	616.7	18597.2	371.6		14.33	0.31
138	2456654.3197406898	1.00470	695.8	332.3	322446.2	616.7	17514.8	362.0		15.35	0.48
139	2456654.3198083886	1.00578	1025.4	343.6	326580.8	622.0	18543.5	365.0		14.41	0.33
140	2456654.3198760878	1.00687	893.1	335.6	324492.5	618.1	18358.1	367.3		14.74	0.37
141	2456654.3199437200	1.00795	353.2	337.2	324893.2	616.6	17965.6	359.8		17.06	0.95
142	2456654.3200114192	1.00904	804.0	336.8	323760.9	609.7	17920.5	362.8		15.00	0.42
143	2456654.3200791180	1.01012	548.1	345.4	325197.8	622.2	18128.6	366.0		15.96	0.63
144	2456654.3201467502	1.01121	999.8	331.5	328111.5	622.8	18051.8	370.0		14.48	0.33
145	2456654.3202144494	1.01229	691.2	341.2	325111.9	617.0	18188.2	373.2		15.38	0.49
146	2456654.3202821482	1.01338	632.7	338.0	325943.2	622.0	18327.0	373.6		15.61	0.53
147	2456654.3203498470	1.01446	1388.5	335.5	324158.4	613.4	18115.4	368.8		13.63	0.24
148	2456654.3204174796	1.01555	706.2	337.7	327963.1	619.9	18616.6	363.3		15.35	0.48
149	2456654.3204851784	1.01663	1197.4	346.4	327289.8	621.4	19142.5	372.5		14.03	0.29
150	2456654.3205528776	1.01772	1336.3	341.7	327975.1	619.0	18530.4	361.4		13.76	0.25
151	2456654.3206205098	1.01880	1933.9	344.0	327959.7	623.0	18138.3	365.1		12.83	0.18
152	2456654.3206882086	1.01989	2568.0	337.3	322692.1	614.5	18139.8	365.3		12.08	0.13
153	2456654.3207559078	1.02098	2760.8	338.5	327461.8	618.6	17997.4	359.4		11.94	0.12
154	2456654.3208236066	1.02206	3416.6	340.3	328247.4	620.3	18000.5	360.8		11.41	0.10
155	2456654.3208912392	1.02315	4408.9	349.2	326371.3	610.3	18135.0	366.1		10.76	0.08
156	2456654.3209589380	1.02423	6812.0	344.1	329942.1	617.4	18280.6	362.0		9.70	0.05
157	2456654.3210266368	1.02532	6490.9	335.5	323737.6	617.6	18202.3	354.9		9.77	0.05
158	2456654.3210942694	1.02640	7178.0	347.1	322402.5	612.2	18002.9	366.1		9.51	0.05
159	2456654.3211619682	1.02749	7407.5	341.3	326814.3	622.0	18024.3	362.6		9.47	0.04
160	2456654.3212296669	1.02857	7007.5	351.3	324838.0	623.5	17538.4	375.8		9.59	0.05
161	2456654.3212972996	1.02966	6839.6	345.1	330143.7	621.4	18359.3	362.0		9.69	0.05
162	2456654.3213649984	1.03074	6692.6	347.1	327094.5	617.2	18598.9	369.2		9.72	0.05
163	2456654.3214326976	1.03183	7341.6	347.1	325183.0	618.9	17972.8	379.0		9.48	0.05
164	2456654.3215003964	1.03291	6674.8	346.3	327478.7	620.3	18345.9	373.4		9.73	0.05
165	2456654.3215680285	1.03400	6903.3	349.6	324511.3	619.2	17682.9	361.3		9.63	0.05
166	2456654.3216357278	1.03508	6752.5	357.5	331877.5	623.8	18467.9	377.4		9.74	0.05
167	2456654.3217034265	1.03617	7011.4	349.9	330570.4	623.0	18850.8	371.1		9.63	0.05
168	2456654.3217710592	1.03725	7023.0	349.6	330564.0	620.2	18807.4	364.6		9.63	0.05
169	2456654.3218387580	1.03834	6845.1	350.8	326488.3	622.9	17817.5	377.6		9.66	0.05
170	2456654.3219064567	1.03943	7015.0	351.7	326707.0	621.6	18959.4	376.5		9.60	0.05
171	2456654.3219741560	1.04051	7108.2	361.3	327319.1	620.9	17734.9	368.1		9.57	0.05
172	2456654.3220417881	1.04160	7339.3	348.3	319273.9	617.2	17935.2	375.4		9.43	0.05
173	2456654.3221094869	1.04268	6651.0	346.1	326215.2	617.7	18922.2	367.9		9.73	0.05
174	2456654.3221771861	1.04377	7600.3	345.7	329172.1	628.4	18161.8	373.6		9.42	0.04
175	2456654.3222448183	1.04485	7270.0	352.7	328791.6	621.6	18053.9	368.9		9.53	0.05
176	2456654.3223125176	1.04594	6523.8	341.5	329597.3	622.0	18583.0	367.0		9.81	0.05
177	2456654.3223802163	1.04702	7032.0	344.6	327658.5	623.9	18167.5	366.8		9.60	0.05
178	2456654.3224478485	1.04811	7601.1	341.7	328218.4	622.4	18409.0	383.3		9.41	0.04
179	2456654.3225155477	1.04919	7325.9	352.3	327229.2	620.2	18277.0	371.8		9.50	0.05
180	2456654.3225832465	1.05028	6833.7	345.3	327450.8	619.0	18123.4	378.9		9.67	0.05
181	2456654.3226509457	1.05136	6662.4	347.5	326774.2	622.6	18437.4	365.2		9.73	0.05
182	2456654.3227185779	1.05245	6996.1	342.4	325099.6	622.1	17704.3	370.0		9.60	0.05
183	2456654.3227862767	1.05353	6915.3	344.4	325193.5	621.5	18053.6	367.1		9.63	0.05
184	2456654.3228539759	1.05462	7288.8	349.8	327276.3	618.5	18657.1	374.0		9.51	0.05
185	2456654.3229216081	1.05570	6630.9	354.3	326508.6	624.1	18326.2	372.1		9.74	0.05
186	2456654.3229893073	1.05679	7525.7	353.6	330036.4	621.7	17899.3	371.3		9.45	0.05
187	2456654.3230570061	1.05787	7372.3	356.6	327960.8	626.7	18127.8	375.9		9.49	0.05
188	2456654.3231246383	1.05896	6865.5	349.1	322095.2	620.9	18071.3	362.9		9.62	0.05
189	2456654.3231923375	1.06004	7372.3	353.6	328187.1	627.2	18065.6	368.1		9.49	0.05
190	2456654.3232600363	1.06113	7321.7	353.4	329290.9	620.8	18182.1	371.6		9.52	0.05
191	2456654.3233277351	1.06222	7397.3	342.8	326384.7	623.0	18471.6	382.5		9.47	0.04
192	2456654.3233953677	1.06330	7505.6	351.7	327193.8	621.7	18282.6	375.8		9.44	0.04
193	2456654.3234630665	1.06439	7126.4	355.6	327746.0	624.8	17881.0	375.9		9.57	0.05
194	2456654.3235307657	1.06547	7667.3	365.2	328528.5	620.8	18289.9	381.1		9.39	0.05
195	2456654.3235983979	1.06656	7778.8	352.3	324288.7	624.1	19046.9	373.3		9.33	0.04
196	2456654.3236660967	1.06764	7189.9	359.3	327602.8	622.0	18369.0	375.8		9.55	0.05
197	2456654.3237337959	1.06873	7603.9	351.2	327579.4	622.5	18142.6	370.3		9.41	0.04
198	2456654.3238014947	1.06981	7494.4	360.7	322713.3	618.8	17826.0	368.4		9.41	0.05
199	2456654.3238691273	1.07090	7449.2	353.8	330424.8	624.3	18607.5	371.0		9.48	0.05
200	2456654.3239368261	1.07198	7525.0	357.5	327104.4	627.2	18669.2	381.8		9.43	0.05
201	2456654.3240045249	1.07307	6975.2	346.2	327266.2	623.8	18271.6	382.5		9.62	0.05
202	2456654.3240721575	1.07415	7544.2	355.7	327741.9	625.0	18100.6	375.7		9.43	0.05
203	2456654.3241398563	1.07524	7388.1	352.4	324911.2	621.7	18386.5	366.1		9.46	0.05
204	2456654.3242075550	1.07632	7190.0	359.0	328019.3	626.8	17814.4	367.6		9.55	0.05
205	2456654.3242751877	1.07741	6949.6	367.0	323450.6	622.0	17881.8	367.6		9.60	0.05
206	2456654.3243428865	1.07849	7291.0	359.5	322630.6	627.9	17848.7	380.1		9.47	0.05
207	2456654.3244105857	1.07958	7771.0	363.9	326668.9	631.1	18204.5	377.2		9.35	0.04
208	2456654.3244782845	1.08066	6524.1	352.1	328969.3	626.9	17894.0	377.8		9.80	0.05
209	2456654.3245459166	1.08175	7521.3	355.2	329331.6	618.6	18323.0	372.0		9.45	0.05
210	2456654.3246136159	1.08283	7260.9	358.9	328616.3	622.2	18432.9	369.1		9.53	0.05
211	2456654.3246813146	1.08392	7724.1	346.9	327300.3	617.5	18570.5	373.5		9.37	0.04
212	2456654.3247489473	1.08500	7551.8	347.4	328226.6	624.6	19171.2	372.2		9.43	0.04
213	2456654.3248166461	1.08609	7877.3	350.7	323566.9	627.0	17934.7	371.2		9.29	0.04
214	2456654.3248843448	1.08718	6885.7	356.2	326524.2	622.5	17965.7	370.4		9.65	0.05
215	2456654.3249520441	1.08826	7276.5	348.8	327040.9	625.2	18410.6	375.7		9.51	0.05
216	2456654.3250196762	1.08935	7342.6	351.5	328226.6	622.1	18261.4	371.1		9.50	0.05
217	2456654.3250873750	1.09043	6987.4	355.8	327369.2	620.4	18046.6	380.2		9.62	0.05
218	2456654.3251550742	1.09152	6617.4	351.5	328274.0	623.2	18196.8	375.1		9.76	0.05
219	2456654.3252227064	1.09260	7568.9	361.0	325060.5	621.9	18200.5	370.8		9.40	0.05
220	2456654.3252904057	1.09369	7945.9	354.5	326966.5	619.8	18024.4	377.5		9.29	0.04
221	2456654.3253581044	1.09477	6519.3	353.2	328582.4	618.9	18182.3	364.2		9.80	0.05
222	2456654.3254257366	1.09586	6858.6	344.1	325141.5	623.9	18529.7	369.5		9.65	0.05
223	2456654.3254934358	1.09694	7349.4	351.7	326111.9	622.2	18266.0	361.2		9.48	0.05
224	2456654.3255611346	1.09803	7253.7	359.2	327096.9	624.1	18398.4	374.3		9.52	0.05
225	2456654.3256288334	1.09911	7417.8	356.3	327498.9	620.3	18359.1	374.9		9.47	0.05
226	2456654.3256964660	1.10020	7361.4	350.5	328307.2	620.8	18591.7	374.9		9.49	0.05
227	2456654.3257641648	1.10128	7285.0	354.6	327455.6	624.0	18756.0	385.0		9.51	0.05
228	2456654.3258318640	1.10237	6886.0	346.5	329467.2	623.6	18551.3	376.8		9.67	0.05
229	2456654.3258994962	1.10345	7326.0	354.5	328557.3	624.5	17984.3	368.3		9.51	0.05
230	2456654.3259671950	1.10454	6793.0	344.9	329160.1	622.0	18603.0	376.1		9.70	0.05
231	2456654.3260348942	1.10563	7556.2	349.8	327799.9	623.0	17505.1	374.5		9.43	0.04
232	2456654.3261025930	1.10671	7403.6	351.5	329429.3	626.9	18125.5	382.5		9.49	0.05
233	2456654.3261702256	1.10780	6887.2	355.5	329872.2	622.8	17951.6	369.3		9.67	0.05
234	2456654.3262379244	1.10888	7373.1	355.1	330972.9	623.4	17924.4	382.4		9.51	0.05
235	2456654.3263056232	1.10997	7501.9	358.2	328407.5	622.7	18103.2	372.5		9.45	0.05
236	2456654.3263732558	1.11105	7156.9	350.3	327602.5	626.1	18381.4	373.4		9.56	0.05
237	2456654.3264409546	1.11214	7315.9	357.8	328983.3	627.6	18402.5	381.8		9.51	0.05
238	2456654.3265086538	1.11322	7333.5	366.8	328044.4	620.6	18219.5	374.2		9.50	0.05
239	2456654.3265762860	1.11431	7877.1	357.7	331442.9	626.5	18970.8	368.0		9.35	0.04
240	2456654.3266439848	1.11539	7249.5	354.0	331527.2	625.5	18471.5	375.0		9.56	0.05
241	2456654.3267116840	1.11648	7150.1	351.6	327612.4	618.7	18124.6	369.2		9.56	0.05
242	2456654.3267793828	1.11756	6748.8	352.3	330620.3	625.9	17839.0	370.8		9.73	0.05
243	2456654.3268470149	1.11865	7368.8	351.8	331369.8	627.3	18124.7	373.8		9.51	0.05
244	2456654.3269147142	1.11973	7348.0	348.5	328569.0	621.8	17460.3	370.4		9.50	0.05
245	2456654.3269824130	1.12082	6987.3	341.7	328588.5	621.7	19037.1	374.9		9.63	0.05
246	2456654.3270500456	1.12190	6842.7	343.2	329846.0	627.2	18217.6	365.6		9.69	0.05
247	2456654.3271177444	1.12299	6541.8	356.6	331427.6	629.0	18602.1	362.1		9.81	0.05
248	2456654.3271854431	1.12407	7410.5	350.5	331750.2	625.5	18971.2	367.1		9.50	0.05
249	2456654.3272531424	1.12516	7006.3	347.3	328037.1	624.6	17826.1	370.5		9.62	0.05
250	2456654.3273207746	1.12624	6709.9	356.4	329633.2	629.0	18851.3	377.3		9.74	0.05
251	2456654.3273884738	1.12733	7210.9	356.0	326783.4	624.6	18499.2	372.0		9.53	0.05
252	2456654.3274561726	1.12842	6990.1	348.1	327066.4	626.1	17765.3	366.6		9.61	0.05
253	2456654.3275238047	1.12950	6940.5	353.8	330078.6	622.9	17948.1	373.0		9.65	0.05
254	2456654.3275915040	1.13059	6798.3	358.4	329405.1	625.5	18327.8	369.5		9.70	0.05
255	2456654.3276592027	1.13167	6613.8	357.1	330617.6	628.2	18049.4	375.3		9.78	0.05
256	2456654.3277268349	1.13276	6984.1	349.6	328475.9	622.9	17763.3	374.1		9.63	0.05
257	2456654.3277945342	1.13384	6297.1	346.8	329778.2	624.8	18169.4	370.7		9.90	0.05
258	2456654.3278622329	1.13493	6722.2	343.2	327909.9	626.1	18262.3	370.6		9.72	0.05
259	2456654.3279299322	1.13601	6281.9	354.8	328423.7	616.6	18341.5	367.2		9.89	0.05
260	2456654.3279975643	1.13710	7276.0	358.4	328823.7	623.0	18741.9	371.6		9.53	0.05
261	2456654.3280652631	1.13818	7017.8	350.8	328694.1	621.5	18126.9	367.4		9.62	0.05
262	2456654.3281329623	1.13927	6506.2	348.7	327808.9	624.0	18479.0	375.1		9.80	0.05
263	2456654.3282005945	1.14035	6623.0	348.4	329916.3	626.7	17773.0	370.8		9.77	0.05
264	2456654.3282682938	1.14144	6689.0	347.6	330927.9	620.1	18924.4	372.3		9.75	0.05
265	2456654.3283359925	1.14252	6076.8	347.8	328407.4	622.1	18598.0	368.9		9.97	0.06
266	2456654.3284036247	1.14361	6541.0	359.7	330593.1	623.7	18216.8	373.4		9.81	0.05
267	2456654.3284713239	1.14469	6674.3	340.6	332438.8	626.0	18165.7	367.0		9.77	0.05
268	2456654.3285390227	1.14578	6367.4	344.8	328505.2	619.0	18738.7	365.0		9.86	0.05
269	2456654.3286067215	1.14687	6814.4	347.4	330694.9	622.0	18243.9	373.3		9.71	0.05
270	2456654.3286743541	1.14795	6581.1	346.8	330577.6	624.5	18257.1	374.2		9.79	0.05
271	2456654.3287420529	1.14904	6626.7	344.8	326946.1	621.9	18486.1	370.4		9.75	0.05
272	2456654.3288097521	1.15012	6477.5	337.6	327639.5	620.2	17824.9	365.1		9.81	0.05
273	2456654.3288773843	1.15121	6688.9	347.9	330528.9	623.8	18097.5	364.0		9.75	0.05
274	2456654.3289450831	1.15229	7011.4	343.8	331758.9	624.2	17904.6	365.3		9.64	0.05
275	2456654.3290127823	1.15338	6584.5	344.5	330292.5	618.0	18057.3	372.8		9.79	0.05
276	2456654.3290804811	1.15446	6818.0	334.4	329108.0	621.4	18695.1	372.3		9.69	0.05
277	2456654.3291481137	1.15555	7110.3	334.2	330081.6	620.7	18959.8	361.8		9.59	0.05
278	2456654.3292158125	1.15663	6726.1	352.4	327085.4	624.2	17745.6	375.0		9.71	0.05
279	2456654.3292835113	1.15772	6720.4	339.2	326634.5	619.2	18153.9	369.6		9.71	0.05
280	2456654.3293511439	1.15880	7194.9	337.2	330729.1	620.5	18281.4	362.9		9.57	0.04
281	2456654.3294188427	1.15989	5818.7	344.1	330441.1	626.6	18235.5	366.1		10.10	0.06
282	2456654.3294865415	1.16097	6294.6	344.6	329628.3	620.7	17973.3	357.5		9.90	0.05
283	2456654.3295541741	1.16206	7174.7	345.9	330335.3	619.3	18405.2	364.3		9.57	0.05
284	2456654.3296218729	1.16314	6566.0	345.3	327227.4	620.4	18106.6	372.3		9.77	0.05
285	2456654.3296895721	1.16423	6861.2	337.0	330428.9	621.2	18419.0	372.8		9.69	0.05
286	2456654.3297572709	1.16531	6721.1	334.4	331044.2	621.7	18360.7	371.3		9.74	0.05
287	2456654.3298249030	1.16640	6552.7	335.2	326861.2	617.4	18763.1	372.6		9.77	0.05
288	2456654.3298926023	1.16748	6735.3	339.3	328048.9	625.8	18332.5	369.9		9.71	0.05
289	2456654.3299603011	1.16857	6711.9	345.8	330304.9	620.1	18348.7	365.9		9.74	0.05
290	2456654.3300279337	1.16965	6347.5	346.2	326854.0	618.8	17576.3	367.8		9.85	0.05
291	2456654.3300956325	1.17074	6976.8	349.1	327623.2	628.4	17900.3	373.7		9.62	0.05
292	2456654.3301633312	1.17183	6497.6	336.8	329024.1	624.1	18265.1	360.9		9.81	0.05
293	2456654.3302310305	1.17291	6507.0	344.2	329370.8	618.3	18911.7	369.9		9.81	0.05
294	2456654.3302986627	1.17400	6616.9	346.5	327593.5	623.1	18399.4	370.7		9.76	0.05
295	2456654.3303663614	1.17508	6054.7	336.1	327295.5	620.2	17808.4	362.9		9.98	0.05
296	2456654.3304340607	1.17617	6651.9	348.6	327153.5	622.0	18400.9	367.1		9.74	0.05
297	2456654.3305016928	1.17725	6031.7	342.1	328028.3	618.5	17827.2	378.5		9.99	0.05
298	2456654.3305693921	1.17834	6421.7	341.0	328689.4	617.3	18630.0	375.9		9.84	0.05
299	2456654.3306370908	1.17942	5927.4	348.2	324815.0	619.3	18176.2	368.2		10.01	0.06
300	2456654.3307047230	1.18051	6700.0	343.6	330359.6	621.3	18381.8	358.7		9.75	0.05
301	2456654.3307724223	1.18159	6257.6	342.7	330351.0	622.1	18735.5	367.6		9.92	0.05
302	2456654.3308401210	1.18268	6775.6	349.5	326859.2	624.7	17494.3	371.5		9.69	0.05
303	2456654.3309078203	1.18376	6442.3	348.5	329790.4	624.2	17974.1	371.8		9.84	0.05
304	2456654.3309754524	1.18485	6454.1	346.2	327770.6	622.2	18296.0	362.9		9.82	0.05
305	2456654.3310431512	1.18593	6342.7	345.5	329911.6	622.9	18485.4	369.7		9.88	0.05
306	2456654.3311108504	1.18702	6606.9	354.1	329977.4	626.0	18290.9	370.1		9.78	0.05
307	2456654.3311784826	1.18810	6322.8	341.5	331517.9	624.7	18508.8	368.2		9.90	0.05
308	2456654.3312461814	1.18919	6918.2	347.9	330965.7	621.5	19061.4	371.6		9.67	0.05
309	2456654.3313138806	1.19027	6075.7	361.4	327131.4	619.5	18619.1	375.2		9.97	0.06
310	2456654.3313815794	1.19136	6557.9	344.5	324692.0	623.2	17767.9	381.8		9.76	0.05
311	2456654.3314492120	1.19244	6419.3	350.9	328783.8	623.5	18821.7	368.3		9.84	0.05
312	2456654.3315169108	1.19353	6807.0	347.2	328913.4	620.3	17910.4	366.2		9.69	0.05
313	2456654.3315846096	1.19462	6955.2	345.9	325133.0	619.2	17921.2	370.6		9.61	0.05
314	2456654.3316522422	1.19570	6507.9	350.6	329185.0	621.3	18141.3	362.6		9.81	0.05
315	2456654.3317199410	1.19679	7224.7	343.6	330786.8	625.4	18853.2	367.1		9.56	0.05
316	2456654.3317876402	1.19787	6777.8	342.8	332146.3	622.0	18521.2	372.2		9.73	0.05
317	2456654.3318552724	1.19896	6349.8	344.8	327118.7	617.3	18615.2	367.8		9.85	0.05
318	2456654.3319229712	1.20004	6664.3	342.1	328347.6	621.8	18283.7	371.4		9.74	0.05
319	2456654.3319906704	1.20113	6393.9	345.6	325154.2	619.1	17895.0	369.6		9.82	0.05
320	2456654.3320583692	1.20221	7216.7	355.5	329808.7	621.1	18900.2	361.9		9.56	0.05
321	2456654.3321260014	1.20330	6763.5	351.8	330184.1	619.1	18006.8	363.4		9.72	0.05
322	2456654.3321937006	1.20438	6877.0	336.4	329171.2	620.8	17931.3	369.8		9.67	0.05
323	2456654.3322613994	1.20547	6655.8	337.4	329125.4	619.8	17384.3	367.5		9.75	0.05
324	2456654.3323290320	1.20655	6717.7	344.3	326388.1	616.2	18307.7	370.7		9.71	0.05
325	2456654.3323967308	1.20764	5894.2	349.5	329144.7	616.1	18347.7	368.4		10.06	0.06
326	2456654.3324644295	1.20872	7434.6	347.1	327118.1	615.6	18841.1	371.1		9.46	0.04
327	2456654.3325320622	1.20981	6928.3	342.1	327964.6	624.7	18002.9	371.6		9.64	0.05
328	2456654.3325997610	1.21089	6451.9	346.5	330832.0	619.6	19085.3	367.6		9.84	0.05
329	2456654.3326674602	1.21198	6706.0	344.4	326971.0	618.5	17357.6	367.2		9.72	0.05
330	2456654.3327351590	1.21307	6713.8	343.4	327160.5	618.2	17870.1	361.6		9.72	0.05
331	2456654.3328027911	1.21415	6823.6	346.8	327120.2	621.4	18082.9	366.7		9.67	0.05
332	2456654.3328704904	1.21524	6294.4	348.1	330699.4	625.1	18011.7	365.3		9.90	0.05
333	2456654.3329381892	1.21632	7203.6	342.8	330391.8	625.0	18344.4	365.5		9.56	0.05
334	2456654.3330058213	1.21741	6394.9	342.0	330335.2	624.5	18348.3	373.2		9.86	0.05
335	2456654.3330735206	1.21849	6415.3	345.2	330607.3	624.6	18350.3	369.7		9.86	0.05
336	2456654.3331412193	1.21958	6706.1	344.1	331100.8	625.3	18438.6	370.1		9.75	0.05
337	2456654.3332089186	1.22066	6387.4	351.5	329671.6	620.9	18730.5	371.4		9.86	0.05
338	2456654.3332765508	1.22175	7223.3	343.0	328967.9	622.6	18719.7	365.8		9.55	0.05
339	2456654.3333442495	1.22283	6723.0	340.2	331686.3	622.7	18553.2	364.7		9.75	0.05
340	2456654.3334119488	1.22392	6559.2	346.9	328922.9	622.7	18405.8	366.3		9.79	0.05
341	2456654.3334795809	1.22500	6335.9	334.6	330816.2	622.6	18232.9	365.0		9.89	0.05
342	2456654.3335472802	1.22609	6740.9	342.0	333166.7	624.5	19044.8	366.3		9.75	0.05
343	2456654.3336149789	1.22717	6718.5	347.7	329348.8	622.4	18297.7	373.6		9.73	0.05
344	2456654.3336826111	1.22826	6718.4	341.8	327836.9	617.1	18208.5	364.0		9.72	0.05
345	2456654.3337503104	1.22934	6569.3	346.1	331377.7	619.9	18935.4	371.0		9.80	0.05
346	2456654.3338180091	1.23043	6677.0	349.0	329496.0	619.2	18917.4	370.0		9.75	0.05
347	2456654.3338857079	1.23151	6631.2	348.7	328578.7	619.4	18256.9	372.8		9.76	0.05
348	2456654.3339533405	1.23260	6902.2	346.8	325767.0	621.0	18262.3	371.2		9.64	0.05
349	2456654.3340210393	1.23368	7073.2	344.7	328783.7	622.1	18537.9	370.7		9.60	0.05
350	2456654.3340887385	1.23477	6879.2	343.9	324899.3	618.9	17861.8	373.5		9.64	0.05
351	2456654.3341563707	1.23585	6782.7	344.2	324664.3	614.5	18332.4	369.0		9.67	0.05
352	2456654.3342240695	1.23694	7113.6	335.5	329028.3	617.4	18157.4	365.5		9.59	0.05
353	2456654.3342917687	1.23803	6610.9	345.2	327757.6	614.1	18456.4	362.4		9.76	0.05
354	2456654.3343594675	1.23911	6742.7	347.8	330153.0	619.4	18686.6	364.9		9.73	0.05
355	2456654.3344271001	1.24020	6675.9	344.9	330020.1	620.1	18868.1	370.6		9.75	0.05
356	2456654.3344947989	1.24128	6698.9	327.0	330863.8	620.6	18521.5	370.1		9.75	0.05
357	2456654.3345624977	1.24237	7041.8	340.4	328525.0	623.6	17908.2	368.0		9.61	0.05
358	2456654.3346301303	1.24345	6647.2	348.8	327803.5	614.3	17389.5	358.8		9.75	0.05
359	2456654.3346978291	1.24454	6290.7	339.2	328736.5	618.7	18347.2	366.3		9.89	0.05
360	2456654.3347655279	1.24562	7055.7	339.2	327978.0	616.5	18550.9	361.5		9.60	0.05
361	2456654.3348331605	1.24671	6675.6	339.4	328139.6	618.7	18816.4	360.4		9.74	0.05
362	2456654.3349008593	1.24779	6536.9	352.2	330871.3	619.1	18312.0	361.4		9.81	0.05
363	2456654.3349685585	1.24888	6428.6	334.0	323926.2	609.8	18575.0	372.0		9.80	0.05
364	2456654.3350362573	1.24996	6478.5	326.9	327816.1	616.7	18093.2	350.6		9.81	0.05
365	2456654.3351038895	1.25105	6989.3	347.2	327151.2	616.8	18460.7	366.1		9.62	0.05
366	2456654.3351715887	1.25213	6811.6	335.8	328791.2	618.0	18529.5	363.9		9.69	0.05
367	2456654.3352392875	1.25322	7029.7	343.7	329486.0	622.7	18719.1	367.7		9.62	0.05
368	2456654.3353069201	1.25430	7145.1	348.6	329016.7	617.7	18280.6	359.3		9.57	0.05
369	2456654.3353746189	1.25539	6568.4	336.6	329624.2	620.4	19258.1	356.8		9.79	0.05
370	2456654.3354423176	1.25648	6468.4	333.2	324284.7	615.3	18713.1	361.5		9.79	0.05
371	2456654.3355100169	1.25756	6949.2	341.9	328689.9	618.0	18316.0	356.5		9.64	0.05
372	2456654.3355776491	1.25865	6772.8	342.0	325116.9	616.8	17944.2	361.5		9.68	0.05
373	2456654.3356453478	1.25973	6971.8	348.2	327073.1	614.8	18519.0	368.2		9.62	0.05
374	2456654.3357130471	1.26082	6104.3	340.5	326935.5	613.1	18671.5	364.8		9.95	0.05
375	2456654.3357806792	1.26190	6967.7	339.0	326444.3	612.4	18664.3	364.3		9.62	0.05
376	2456654.3358483785	1.26299	6720.1	335.4	330896.9	619.4	18236.5	364.9		9.74	0.05
377	2456654.3359160773	1.26407	6874.8	344.2	327010.3	620.7	18508.0	362.7		9.66	0.05
378	2456654.3359837094	1.26516	6498.9	342.4	329382.3	617.4	18652.9	362.2		9.81	0.05
379	2456654.3360514087	1.26624	6919.9	348.3	330693.9	620.4	18240.0	364.5		9.67	0.05
380	2456654.3361191074	1.26733	6791.6	338.3	330578.1	619.4	18392.5	365.7		9.71	0.05
381	2456654.3361868067	1.26841	6537.9	341.4	328024.6	624.3	17907.7	365.0		9.79	0.05
382	2456654.3362544389	1.26950	6170.4	348.3	330276.7	622.5	18153.8	363.6		9.95	0.05
383	2456654.3363221376	1.27058	6793.1	336.3	327825.1	616.8	18536.0	367.4		9.69	0.05
384	2456654.3363898369	1.27167	7125.1	334.2	329999.1	620.9	18606.3	376.3		9.59	0.05
385	2456654.3364574690	1.27275	7033.8	342.6	330516.5	619.7	18643.7	362.5		9.62	0.05
386	2456654.3365251678	1.27384	6392.8	347.2	327878.6	618.0	17846.2	369.5		9.84	0.05
387	2456654.3365928670	1.27492	6266.8	334.0	330068.7	617.6	18966.0	363.5		9.91	0.05
388	2456654.3366605658	1.27601	6359.3	344.1	325474.9	616.7	17869.6	367.5		9.84	0.05
389	2456654.3367281985	1.27709	6731.0	340.0	327940.3	619.0	18103.3	361.6		9.72	0.05
390	2456654.3367958972	1.27818	6432.7	337.5	327848.0	617.0	18810.4	369.3		9.83	0.05
391	2456654.3368635960	1.27927	6599.4	344.8	322873.3	619.9	18861.1	365.4		9.73	0.05
392	2456654.3369312286	1.28035	6266.6	344.8	325350.6	618.8	17540.1	367.0		9.87	0.05
393	2456654.3369989274	1.28144	7017.5	333.0	329378.0	618.9	18812.4	363.2		9.62	0.05
394	2456654.3370666266	1.28252	6393.2	337.0	331348.7	621.7	19007.5	366.1		9.87	0.05
395	2456654.3371342588	1.28361	6554.9	339.8	329210.0	616.4	18351.6	371.9		9.79	0.05
396	2456654.3372019576	1.28469	6931.5	347.8	333968.7	624.3	19581.3	370.3		9.69	0.05
397	2456654.3372696568	1.28578	6181.0	342.7	326891.5	621.8	17495.0	364.8		9.92	0.05
398	2456654.3373373556	1.28686	6216.0	342.9	330022.9	619.3	17557.1	367.7		9.93	0.05
399	2456654.3374049882	1.28795	7209.6	343.1	329668.7	619.3	18457.8	374.1		9.56	0.05
400	2456654.3374726870	1.28903	6840.2	342.3	330869.7	618.3	19149.5	364.4		9.70	0.05
401	2456654.3375403858	1.29012	6210.8	354.5	328969.4	621.2	19572.9	372.4		9.92	0.06
402	2456654.3376080184	1.29120	6574.9	343.1	330216.1	621.0	18914.9	363.3		9.79	0.05
403	2456654.3376757172	1.29229	6590.5	339.6	326729.9	622.1	17859.0	371.1		9.76	0.05
404	2456654.3377434160	1.29337	6670.3	356.1	327885.9	623.4	18393.1	355.6		9.74	0.05
405	2456654.3378110486	1.29446	6315.7	351.3	330284.3	618.0	18038.9	366.4		9.89	0.05
406	2456654.3378787474	1.29554	6708.6	354.6	327829.7	623.0	18237.3	371.3		9.72	0.05
407	2456654.3379464466	1.29663	5942.7	356.3	331179.5	622.5	18597.1	370.8		10.05	0.06
408	2456654.3380141454	1.29771	6319.0	351.2	330874.5	627.5	18239.3	367.8		9.90	0.05
409	2456654.3380817776	1.29880	6773.6	358.7	328955.9	621.2	18626.6	374.6		9.71	0.05
410	2456654.3381494768	1.29988	6692.8	349.1	328970.7	626.8	18334.2	365.5		9.74	0.05
411	2456654.3382171756	1.30097	6048.8	353.7	329778.3	626.5	18255.1	383.2		10.00	0.06
412	2456654.3382848082	1.30205	6096.2	357.2	330867.2	628.4	18079.4	376.7		9.99	0.06
413	2456654.3383525070	1.30314	6478.8	367.5	331719.9	627.8	18551.2	376.5		9.84	0.05
414	2456654.3384202057	1.30423	6908.3	350.7	330789.9	625.1	18702.7	376.8		9.67	0.05
415	2456654.3384879050	1.30531	6108.7	351.3	329900.4	626.7	18013.3	383.3		9.97	0.06
416	2456654.3385555372	1.30640	6655.8	357.1	330870.6	622.4	18885.2	377.3		9.77	0.05
417	2456654.3386232359	1.30748	6490.7	357.4	331354.7	625.6	18299.5	371.7		9.83	0.05
418	2456654.3386909352	1.30857	6433.8	353.8	330772.2	625.2	18834.4	379.6		9.85	0.05
419	2456654.3387585673	1.30965	6552.4	349.8	330935.3	623.6	18761.7	374.1		9.81	0.05
420	2456654.3388262666	1.31074	6623.6	360.1	327055.0	618.9	18621.9	379.8		9.75	0.05
421	2456654.3388939654	1.31182	6267.9	346.6	325825.3	622.9	18087.5	379.2		9.88	0.05
422	2456654.3389615975	1.31291	6163.5	356.6	329137.0	628.0	18871.0	381.3		9.94	0.06
423	2456654.3390292968	1.31399	6591.5	361.0	326197.4	623.2	18946.7	374.9		9.75	0.05
424	2456654.3390969955	1.31508	6317.7	363.0	330348.6	626.3	18414.3	379.7		9.89	0.06
425	2456654.3391646943	1.31616	6137.9	346.7	330003.9	627.7	18409.9	378.9		9.96	0.05
426	2456654.3392323270	1.31725	6647.2	350.9	327431.9	623.4	18864.0	375.7		9.74	0.05
427	2456654.3393000257	1.31833	6553.9	357.8	328499.4	620.7	18778.0	370.7		9.79	0.05
428	2456654.3393677250	1.31942	6898.0	350.8	329841.9	626.0	19005.3	370.0		9.67	0.05
429	2456654.3394353571	1.32050	7040.8	360.3	328334.1	629.0	18340.8	385.5		9.61	0.05
430	2456654.3395030559	1.32159	7142.1	349.9	329154.9	625.5	18437.1	376.4		9.58	0.05
431	2456654.3395707551	1.32268	6643.8	358.9	328561.9	628.7	18360.4	385.2		9.75	0.05
432	2456654.3396384539	1.32376	6537.2	355.0	326617.5	622.7	17947.1	376.8		9.78	0.05
433	2456654.3397060866	1.32485	6423.1	349.3	325993.6	627.1	18092.4	378.1		9.82	0.05
434	2456654.3397737853	1.32593	6596.2	358.8	328467.4	624.3	18300.9	384.3		9.77	0.05
435	2456654.3398414841	1.32702	6888.3	350.6	327927.2	621.2	17989.9	372.4		9.66	0.05
436	2456654.3399091167	1.32810	6791.3	355.6	328926.1	623.9	18758.8	377.1		9.70	0.05
437	2456654.3399768155	1.32919	7225.0	358.7	329220.5	626.9	18382.1	372.8		9.55	0.05
438	2456654.3400445143	1.33027	6474.1	356.8	330997.7	630.6	17613.4	374.7		9.84	0.05
439	2456654.3401121469	1.33136	6557.6	354.0	330699.9	630.4	18637.7	367.9		9.80	0.05
440	2456654.3401798457	1.33244	7029.0	368.9	332012.3	626.4	18798.9	375.7		9.64	0.05
441	2456654.3402475449	1.33353	7248.2	353.9	331634.5	630.7	18666.1	368.3		9.56	0.05
442	2456654.3403152437	1.33461	7124.7	352.7	329396.0	626.2	18659.0	373.4		9.58	0.05
443	2456654.3403828759	1.33570	7033.7	360.3	329406.7	620.3	18811.8	371.1		9.62	0.05
444	2456654.3404505751	1.33678	6631.0	345.0	325299.6	618.9	18226.4	371.3		9.73	0.05
445	2456654.3405182739	1.33787	6693.9	356.4	326623.5	619.8	18410.1	369.3		9.72	0.05
446	2456654.3405859065	1.33895	6827.5	356.4	328116.9	622.9	19114.1	377.3		9.68	0.05
447	2456654.3406536053	1.34004	6974.3	349.1	330574.6	625.7	18325.7	372.6		9.65	0.05
448	2456654.3407213041	1.34112	6958.5	353.0	331181.7	621.7	18980.4	364.4		9.66	0.05
449	2456654.3407889367	1.34221	6535.3	355.5	325537.9	619.4	17739.0	372.0		9.77	0.05
450	2456654.3408566355	1.34329	6728.8	349.8	328692.2	620.8	18875.8	361.7		9.72	0.05
451	2456654.3409243347	1.34438	6760.7	348.9	332246.1	627.4	19216.3	374.2		9.74	0.05
452	2456654.3409920335	1.34547	6999.2	342.9	330734.2	625.7	18025.7	379.0		9.64	0.05
453	2456654.3410596657	1.34655	6481.1	347.0	330135.0	628.2	18572.8	372.5		9.83	0.05
454	2456654.3411273649	1.34764	6735.4	346.8	328282.9	623.4	18660.1	375.1		9.72	0.05
455	2456654.3411950637	1.34872	6586.5	355.1	328574.2	620.7	17553.7	384.4		9.77	0.05
456	2456654.3412626958	1.34981	6742.9	351.2	327361.6	627.6	18390.0	372.1		9.71	0.05
457	2456654.3413303951	1.35089	6859.6	351.6	328755.6	624.9	17951.7	373.7		9.67	0.05
458	2456654.3413980938	1.35198	6543.6	352.6	331827.6	626.1	18685.1	372.1		9.82	0.05
459	2456654.3414657931	1.35306	6540.8	350.5	329678.2	626.0	18446.0	374.1		9.80	0.05
460	2456654.3415334253	1.35415	6896.4	350.6	330135.3	623.3	18624.2	375.6		9.67	0.05
461	2456654.3416011240	1.35523	5927.6	356.3	330210.6	623.6	18789.8	371.1		10.05	0.06
462	2456654.3416688233	1.35632	6610.7	352.6	330109.8	623.7	18468.8	378.8		9.78	0.05
463	2456654.3417364554	1.35740	6414.3	351.7	332390.3	628.8	18538.7	384.5		9.87	0.05
464	2456654.3418041547	1.35849	7382.7	360.3	330383.9	627.4	18846.8	375.1		9.50	0.05
465	2456654.3418718535	1.35957	6866.3	368.9	329987.1	620.7	19229.5	377.0		9.68	0.05
466	2456654.3419394856	1.36066	7015.8	354.0	331253.3	625.2	19260.1	383.2		9.64	0.05
467	2456654.3420071849	1.36174	7450.6	348.2	330879.9	630.9	19234.0	380.6		9.48	0.04
468	2456654.3420748836	1.36283	7047.5	355.0	325499.0	619.5	18250.6	376.7		9.58	0.05
469	2456654.3421425824	1.36392	6696.3	350.0	328779.4	625.2	17849.2	373.3		9.73	0.05
470	2456654.3422102151	1.36500	6570.0	353.5	327925.2	621.5	18652.0	378.9		9.78	0.05
471	2456654.3422779138	1.36609	6742.8	352.4	328949.6	627.1	17967.4	382.6		9.72	0.05
472	2456654.3423456131	1.36717	6926.5	359.4	327483.0	626.4	17943.6	374.1		9.64	0.05
473	2456654.3424132452	1.36826	6187.4	357.5	329015.3	629.6	18532.8	371.8		9.93	0.06
474	2456654.3424809440	1.36934	6663.7	355.4	331156.1	627.5	18741.8	380.7		9.76	0.05
475	2456654.3425486432	1.37043	6813.6	353.9	329534.2	620.8	18872.0	380.7		9.70	0.05
476	2456654.3426163420	1.37151	6555.0	357.0	332908.7	630.4	19185.9	375.6		9.82	0.05
477	2456654.3426839747	1.37260	6799.5	355.9	329385.5	626.7	18545.5	374.5		9.70	0.05
478	2456654.3427516734	1.37368	6671.7	356.9	327834.9	621.8	18351.4	381.2		9.74	0.05
479	2456654.3428193722	1.37477	7376.0	345.9	331273.3	627.8	18922.5	366.4		9.51	0.05
480	2456654.3428870048	1.37585	6391.0	364.9	327661.8	623.9	17648.4	379.3		9.84	0.06
481	2456654.3429547036	1.37694	6736.0	351.7	325837.7	623.6	18541.9	375.0		9.70	0.05
482	2456654.3430224024	1.37802	7182.1	351.6	329798.4	623.5	18807.9	376.2		9.57	0.05
483	2456654.3430900350	1.37911	6817.2	353.6	330133.9	620.2	18926.0	380.1		9.70	0.05
484	2456654.3431577338	1.38019	6817.6	356.1	328639.6	623.4	18318.3	371.5		9.69	0.05
485	2456654.3432254330	1.38128	6646.7	360.1	331066.4	625.3	18698.0	376.2		9.77	0.05
486	2456654.3432931318	1.38236	6832.4	360.3	325427.4	621.1	18389.0	372.0		9.66	0.05
487	2456654.3433607640	1.38345	6832.1	352.9	329690.0	625.2	18002.5	374.7		9.69	0.05
488	2456654.3434284632	1.38453	5895.7	350.2	330740.9	630.8	18909.7	380.3		10.07	0.06
489	2456654.3434961620	1.38562	7074.8	350.1	330663.5	626.7	18572.5	373.4		9.61	0.05
490	2456654.3435637946	1.38670	6627.4	353.8	330916.3	630.0	18737.3	384.6		9.78	0.05
491	2456654.3436314934	1.38779	6781.9	349.2	330818.3	625.6	18701.1	383.9		9.72	0.05
492	2456654.3436991922	1.38888	6326.6	362.1	327665.2	627.7	18623.9	377.2		9.87	0.06
493	2456654.3437668914	1.38996	7420.8	357.4	331538.9	625.2	19027.1	382.0		9.50	0.05
494	2456654.3438345236	1.39105	6669.5	365.2	331373.3	628.6	18058.6	381.4		9.76	0.05
495	2456654.3439022223	1.39213	6363.9	349.3	328867.5	623.4	18776.3	377.0		9.86	0.05
496	2456654.3439699216	1.39322	7012.0	353.5	330121.1	622.4	18618.4	373.5		9.63	0.05
497	2456654.3440375538	1.39430	7421.9	358.3	331009.5	624.2	18314.6	374.6		9.49	0.05
498	2456654.3441052530	1.39539	6702.0	352.2	330918.9	624.9	18635.7	383.0		9.75	0.05
499	2456654.3441729518	1.39647	6665.7	355.8	325495.8	622.4	18326.7	380.3		9.72	0.05
500	2456654.3442405839	1.39756	7029.7	355.6	331267.0	621.9	18730.8	378.6		9.63	0.05
501	2456654.3443082832	1.39864	6610.6	356.3	331995.4	625.6	19294.2	376.3		9.79	0.05
502	2456654.3443759819	1.39973	6588.0	356.3	331528.7	627.7	19312.0	382.4		9.80	0.05
503	2456654.3444436812	1.40081	5947.9	355.4	330084.0	624.9	18091.4	365.5		10.04	0.06
504	2456654.3445113134	1.40190	6494.2	346.4	327995.8	626.2	19011.4	371.5		9.81	0.05
505	2456654.3445790121	1.40298	7183.6	347.9	329785.7	618.8	18240.3	370.4		9.57	0.05
506	2456654.3446467114	1.40407	6754.2	359.5	328315.0	620.3	18683.1	368.3		9.71	0.05
507	2456654.3447143435	1.40515	6628.3	351.6	325522.8	622.8	18351.0	371.7		9.74	0.05
508	2456654.3447820423	1.40624	6311.7	356.2	326275.8	622.6	18379.6	375.9		9.86	0.05
509	2456654.3448497416	1.40732	5727.4	346.8	326531.5	622.5	18571.8	374.7		10.11	0.06
510	2456654.3449174403	1.40841	6937.9	362.4	326582.5	622.7	18203.7	381.0		9.63	0.05
511	2456654.3449850730	1.40949	7147.5	348.7	330217.7	619.7	18907.5	373.7		9.58	0.05
512	2456654.3450527717	1.41058	6418.2	355.8	330002.1	623.1	18743.5	371.1		9.85	0.05
513	2456654.3451204705	1.41167	6504.5	349.8	331408.2	626.7	18458.5	372.3		9.83	0.05
514	2456654.3451881032	1.41275	6004.2	342.3	329935.8	628.3	18740.8	377.5		10.02	0.06
515	2456654.3452558019	1.41384	7008.1	353.4	330426.4	621.8	18646.5	368.6		9.63	0.05
516	2456654.3453235012	1.41492	6266.4	358.3	329792.5	627.9	18795.2	365.7		9.91	0.06
517	2456654.3453911333	1.41601	6371.8	348.7	333028.9	624.4	18738.5	382.4		9.89	0.05
518	2456654.3454588321	1.41709	7049.5	357.7	330657.6	624.3	18941.6	373.4		9.62	0.05
519	2456654.3455265313	1.41818	6614.0	354.4	329754.8	625.0	18603.6	377.0		9.77	0.05
520	2456654.3455942301	1.41926	7347.8	340.8	333731.8	628.0	18959.1	367.0		9.54	0.04
521	2456654.3456618623	1.42035	6874.7	354.8	331614.9	624.6	17994.6	374.0		9.69	0.05
522	2456654.3457295615	1.42143	6472.4	354.3	325175.6	618.9	17621.8	372.5		9.79	0.05
523	2456654.3457972603	1.42252	6294.0	344.0	327321.3	622.4	18269.8	372.3		9.88	0.05
524	2456654.3458648929	1.42360	7016.1	350.4	330930.7	628.6	18667.1	383.3		9.63	0.05
525	2456654.3459325917	1.42469	7007.8	341.3	330163.0	619.8	18355.4	368.9		9.63	0.05
526	2456654.3460002905	1.42577	6485.6	351.5	330647.2	622.7	19425.0	368.6		9.83	0.05
527	2456654.3460679897	1.42686	6617.9	350.8	332456.0	624.2	18808.2	375.4		9.79	0.05
528	2456654.3461356219	1.42794	6325.3	347.4	328658.2	621.2	18047.9	374.6		9.88	0.05
529	2456654.3462033211	1.42903	7106.8	357.6	329551.2	619.0	18898.9	375.7		9.59	0.05
530	2456654.3462710199	1.43012	6757.0	350.6	329497.4	626.4	19224.8	373.4		9.72	0.05
531	2456654.3463386521	1.43120	6798.9	347.4	326727.6	616.2	18630.4	367.3		9.68	0.05
532	2456654.3464063513	1.43229	6541.5	348.7	328575.9	622.0	18392.1	377.0		9.79	0.05
533	2456654.3464740501	1.43337	6612.3	348.4	326079.9	620.0	18484.9	363.7		9.75	0.05
534	2456654.3465416823	1.43446	7049.8	355.3	331763.3	626.6	19123.4	371.5		9.63	0.05
535	2456654.3466093815	1.43554	7451.9	351.4	328638.0	616.2	18060.1	365.0		9.47	0.05
536	2456654.3466770803	1.43663	6443.5	348.4	328713.3	619.0	18539.3	366.6		9.83	0.05
537	2456654.3467447795	1.43771	6468.1	343.1	332131.5	624.2	18883.6	361.3		9.85	0.05
538	2456654.3468124117	1.43880	6873.6	341.3	330510.4	617.9	18776.3	373.5		9.68	0.05
539	2456654.3468801104	1.43988	7270.3	349.2	330435.5	625.7	18431.5	371.2		9.54	0.05
540	2456654.3469478097	1.44097	7250.3	350.4	329282.6	621.4	18598.0	373.1		9.54	0.05
541	2456654.3470154419	1.44205	6789.8	352.7	328122.4	620.0	17949.1	367.3		9.69	0.05
542	2456654.3470831411	1.44314	6638.5	343.5	330553.3	620.7	18710.2	364.8		9.77	0.05
543	2456654.3471508399	1.44422	7404.6	352.9	332262.9	623.9	19094.9	364.9		9.51	0.05
544	2456654.3472184720	1.44531	6868.5	344.0	333435.1	621.0	18381.1	376.0		9.71	0.05
545	2456654.3472861713	1.44639	7015.7	354.0	332574.5	621.3	19243.2	367.8		9.65	0.05
546	2456654.3473538700	1.44748	7188.9	347.0	332921.6	617.5	18472.9	370.4		9.59	0.05
547	2456654.3474215688	1.44856	7347.6	351.4	331041.5	620.9	19318.0	372.1		9.52	0.05
548	2456654.3474892015	1.44965	7310.7	339.0	329139.6	620.9	18394.6	365.1		9.52	0.04
549	2456654.3475569002	1.45073	7159.3	351.1	329203.7	617.0	18243.6	372.2		9.57	0.05
550	2456654.3476245995	1.45182	6799.0	349.5	327080.9	620.5	18655.1	369.9		9.68	0.05
551	2456654.3476922316	1.45290	6249.5	351.7	325720.2	617.6	18130.4	369.4		9.88	0.05
552	2456654.3477599304	1.45399	7025.0	352.1	331657.4	619.7	19008.4	371.1		9.64	0.05
553	2456654.3478276297	1.45508	7218.8	340.4	328377.2	617.3	18744.7	369.8		9.54	0.05
554	2456654.3478953284	1.45616	6672.7	350.6	331048.9	621.8	19011.3	368.5		9.76	0.05
555	2456654.3479629611	1.45725	7012.8	343.9	331508.6	624.6	18801.9	372.4		9.64	0.05
556	2456654.3480306598	1.45833	7466.3	352.9	333877.9	626.8	19016.1	374.7		9.50	0.05
557	2456654.3480983586	1.45942	7225.6	342.5	332586.6	621.5	19033.4	366.1		9.57	0.05
558	2456654.3481659913	1.46050	7018.9	346.3	333272.5	615.8	18895.6	371.8		9.65	0.05
559	2456654.3482336900	1.46159	6901.3	344.0	329817.7	621.7	18309.5	369.9		9.67	0.05
560	2456654.3483013888	1.46267	6849.4	351.3	329019.3	619.2	18638.2	363.1		9.68	0.05
561	2456654.3483690214	1.46376	6781.2	351.1	329768.3	622.1	18694.7	368.8		9.71	0.05
562	2456654.3484367202	1.46484	7062.4	359.8	330298.6	622.8	18474.2	370.7		9.61	0.05
563	2456654.3485044194	1.46593	7065.2	345.0	329198.4	628.6	19130.3	372.1		9.60	0.05
564	2456654.3485721182	1.46701	7351.0	352.2	327302.9	622.2	18841.5	364.6		9.49	0.05
565	2456654.3486397504	1.46810	7027.5	354.3	330089.1	620.8	18669.6	373.9		9.62	0.05
566	2456654.3487074496	1.46918	7705.1	347.0	332232.9	623.5	18762.7	369.2		9.41	0.04
567	2456654.3487751484	1.47027	6645.1	350.9	331522.2	623.5	19361.4	368.1		9.77	0.05
568	2456654.3488427810	1.47135	7428.6	348.0	331582.6	620.5	18363.6	361.7		9.50	0.04
569	2456654.3489104798	1.47244	7486.6	345.8	330688.1	622.8	19096.3	370.2		9.47	0.04
570	2456654.3489781786	1.47353	7342.9	354.6	330868.5	616.2	18802.8	368.8		9.52	0.05
571	2456654.3490458778	1.47461	7916.8	353.6	331206.6	622.6	18455.0	369.7		9.33	0.04
572	2456654.3491135100	1.47570	7675.6	351.3	332151.6	624.0	19038.2	366.6		9.42	0.04
573	2456654.3491812088	1.47678	7346.7	341.6	326751.8	618.7	18297.8	363.2		9.49	0.04
574	2456654.3492489080	1.47787	7628.1	353.8	333024.2	622.7	19110.6	370.9		9.44	0.04
575	2456654.3493165402	1.47895	7917.3	350.2	333072.7	624.9	19001.8	375.2		9.35	0.04
576	2456654.3493842394	1.48004	7915.5	339.8	332943.1	625.6	19024.6	373.9		9.35	0.04
577	2456654.3494519382	1.48112	6832.8	354.2	331722.0	627.0	18692.0	368.2		9.71	0.05
578	2456654.3495195704	1.48221	7687.5	354.2	327904.1	624.7	18347.4	372.7		9.38	0.04
579	2456654.3495872696	1.48329	7209.4	343.6	330000.2	619.0	19106.9	368.6		9.56	0.05
580	2456654.3496549684	1.48438	7437.0	349.7	326134.8	614.7	18076.4	368.2		9.45	0.05
581	2456654.3497226676	1.48546	7645.4	338.2	331631.6	620.8	18710.7	358.0		9.42	0.04
582	2456654.3497902998	1.48655	7211.4	341.2	332467.9	623.6	18905.2	367.1		9.58	0.05
583	2456654.3498579985	1.48763	7201.6	347.9	328748.4	619.5	19335.2	363.1		9.55	0.05
584	2456654.3499256978	1.48872	7264.9	348.4	331693.8	619.0	19477.0	367.4		9.55	0.05
585	2456654.3499933300	1.48980	7307.6	339.7	331099.0	616.7	18732.3	362.9		9.53	0.04
586	2456654.3500610287	1.49089	6863.3	346.7	331443.3	624.3	18269.3	360.5		9.69	0.05
587	2456654.3501287280	1.49197	7363.7	340.8	330431.1	619.6	19008.1	362.1		9.51	0.04
588	2456654.3501963601	1.49306	7308.0	341.3	330822.3	620.6	18049.7	367.4		9.53	0.04
589	2456654.3502640594	1.49414	7185.1	341.7	333374.5	621.7	19279.0	363.6		9.59	0.05
590	2456654.3503317581	1.49523	7288.8	351.4	330811.8	621.9	18598.8	364.6		9.54	0.05
591	2456654.3503994569	1.49632	7593.8	353.9	331866.7	623.7	18937.3	366.6		9.44	0.04
592	2456654.3504670896	1.49740	7452.7	352.5	332368.6	621.4	19191.7	370.1		9.49	0.05
593	2456654.3505347883	1.49849	7086.0	338.7	329083.0	618.9	18140.7	370.4		9.60	0.05
594	2456654.3506024876	1.49957	7098.0	344.7	329633.0	620.2	18564.3	362.1		9.60	0.05
595	2456654.3506701197	1.50066	6694.3	349.5	332091.8	625.8	18963.4	371.7		9.76	0.05
596	2456654.3507378185	1.50174	7207.2	344.2	330922.6	618.5	19017.9	353.6		9.57	0.05
597	2456654.3508055178	1.50283	7052.7	347.1	330609.1	615.9	18454.6	368.6		9.62	0.05
598	2456654.3508732165	1.50391	7475.3	352.1	332145.6	618.9	18544.6	363.4		9.48	0.05
599	2456654.3509408487	1.50500	7032.3	340.1	332728.2	616.9	18228.8	368.8		9.64	0.05
600	2456654.3510085479	1.50608	7409.4	338.8	332074.6	623.5	18275.7	352.0		9.51	0.04
601	2456654.3510762467	1.50717	7190.1	340.8	330232.5	623.7	18674.4	357.5		9.57	0.05
602	2456654.3511438794	1.50825	7810.3	342.9	334039.2	624.8	19329.1	359.7		9.39	0.04
603	2456654.3512115781	1.50934	7020.2	349.4	332064.2	623.6	18999.4	374.9		9.64	0.05
604	2456654.3512792769	1.51042	7575.4	355.4	332475.2	619.9	18537.4	359.7		9.45	0.05
605	2456654.3513469095	1.51151	7415.4	355.3	331483.8	623.3	18805.1	359.0		9.50	0.05
606	2456654.3514146083	1.51259	6999.6	337.1	333328.9	621.2	19146.5	370.2		9.66	0.05
607	2456654.3514823075	1.51368	7468.2	340.0	333015.8	617.7	18269.4	370.3		9.49	0.04
608	2456654.3515500063	1.51476	7255.6	334.4	331430.9	618.9	18671.3	370.3		9.55	0.04
609	2456654.3516176385	1.51585	7210.2	341.2	330572.2	620.5	17594.0	363.2		9.56	0.05
610	2456654.3516853377	1.51693	6428.0	347.9	331658.4	619.9	18302.3	364.3		9.86	0.05
611	2456654.3517530365	1.51802	6989.8	342.2	333048.2	621.2	18505.3	368.5		9.66	0.05
612	2456654.3518206691	1.51911	7376.9	338.3	333614.2	621.3	19012.0	367.3		9.53	0.04
613	2456654.3518883679	1.52019	7414.1	345.8	333997.4	616.6	18490.4	359.6		9.52	0.04
614	2456654.3519560667	1.52128	7546.8	342.0	331941.4	623.1	18315.3	363.4		9.46	0.04
615	2456654.3520237659	1.52236	7212.0	347.5	330189.1	616.9	18785.8	359.6		9.56	0.05
616	2456654.3520913981	1.52345	7280.1	350.4	332559.9	621.9	18996.3	369.6		9.55	0.05
617	2456654.3521590969	1.52453	7285.7	343.0	331927.3	616.8	19095.7	365.2		9.55	0.05
618	2456654.3522267961	1.52562	7059.5	339.6	335455.7	623.0	18823.0	359.7		9.65	0.05
619	2456654.3522944283	1.52670	7365.3	332.5	334089.7	623.0	18327.2	366.5		9.54	0.04
620	2456654.3523621275	1.52779	7047.3	346.7	332852.4	621.0	19004.5	366.1		9.64	0.05
621	2456654.3524298263	1.52887	7766.4	341.9	332013.4	621.2	18907.2	371.2		9.39	0.04
622	2456654.3524974585	1.52996	7629.8	339.4	330304.4	619.1	18669.3	361.3		9.42	0.04
623	2456654.3525651577	1.53104	7499.5	334.0	330714.3	620.4	19012.5	357.6		9.47	0.04
624	2456654.3526328565	1.53213	7085.7	341.8	331944.8	624.1	18662.7	357.6		9.62	0.05
625	2456654.3527005552	1.53321	7179.8	336.4	332116.0	616.8	18191.9	359.8		9.59	0.04
626	2456654.3527681879	1.53430	7065.8	345.5	332889.3	622.1	18566.7	359.7		9.63	0.05
627	2456654.3528358866	1.53538	6611.4	344.2	332911.4	620.8	19568.3	364.4		9.80	0.05
628	2456654.3529035859	1.53647	7054.3	337.3	334227.2	621.0	19343.7	362.2		9.65	0.05
629	2456654.3529712181	1.53755	7580.3	339.8	332948.8	621.2	18764.8	362.7		9.46	0.04
630	2456654.3530389168	1.53864	7144.5	343.7	332652.9	620.0	18689.6	361.6		9.60	0.05
631	2456654.3531066161	1.53973	7005.3	339.7	332694.8	622.1	18991.5	357.4		9.65	0.05
632	2456654.3531743148	1.54081	7528.0	340.1	333706.1	619.1	18883.0	358.5		9.48	0.04
633	2456654.3532419475	1.54190	7632.3	338.6	332101.2	621.3	18675.3	370.3		9.43	0.04
634	2456654.3533096462	1.54298	7137.1	348.6	333942.9	621.7	18488.9	361.5		9.61	0.05
635	2456654.3533773450	1.54407	7315.6	347.3	334093.5	620.8	19630.4	362.2		9.55	0.05
636	2456654.3534449777	1.54515	7358.2	346.7	331650.6	617.8	18626.7	365.0		9.52	0.05
637	2456654.3535126764	1.54624	6796.6	345.0	329150.8	615.0	18103.1	361.0		9.70	0.05
638	2456654.3535803752	1.54732	7586.9	338.0	331384.0	622.6	18291.8	356.4		9.44	0.04
639	2456654.3536480078	1.54841	7245.4	334.1	332632.6	618.9	19059.2	366.7		9.57	0.04
640	2456654.3537157066	1.54949	7148.6	336.8	329901.1	618.7	18711.2	363.0		9.58	0.05
641	2456654.3537834059	1.55058	7937.2	345.9	333410.8	619.8	18746.3	369.4		9.34	0.04
642	2456654.3538511046	1.55166	7202.5	341.0	332134.2	618.6	18500.2	357.5		9.58	0.05
643	2456654.3539187368	1.55275	7481.1	342.4	332572.6	618.3	19009.0	359.5		9.49	0.04
644	2456654.3539864360	1.55383	7266.9	341.0	330902.2	616.7	18065.7	356.6		9.55	0.05
645	2456654.3540541348	1.55492	7194.4	350.8	329870.8	626.5	18955.1	363.0		9.56	0.05
646	2456654.3541217675	1.55600	7519.6	338.8	329453.9	622.5	18682.8	359.8		9.45	0.04
647	2456654.3541894662	1.55709	7088.1	340.2	328936.5	619.5	18875.2	357.2		9.59	0.05
648	2456654.3542571650	1.55817	7267.5	342.7	331541.5	619.2	18916.7	367.1		9.55	0.05
649	2456654.3543248642	1.55926	7371.4	347.4	329930.2	620.9	18358.2	360.6		9.50	0.05
650	2456654.3543924964	1.56034	7316.1	343.8	334805.5	624.4	18407.0	361.9		9.56	0.05
651	2456654.3544601952	1.56143	7139.6	337.2	331433.4	620.2	18795.8	365.9		9.59	0.05
652	2456654.3545278944	1.56252	6895.6	338.7	334516.1	620.6	18714.4	364.5		9.70	0.05
653	2456654.3545955266	1.56360	7532.3	339.5	331598.5	616.0	18468.2	357.9		9.46	0.04
654	2456654.3546632258	1.56469	7734.9	347.4	334226.7	625.0	18880.1	372.1		9.42	0.04
655	2456654.3547309246	1.56577	7870.3	347.0	330194.5	615.4	20932.1	373.1		9.34	0.04
656	2456654.3547985568	1.56686	7039.4	334.7	333781.8	617.4	18744.9	354.8		9.65	0.05
657	2456654.3548662560	1.56794	7343.4	335.3	331482.3	623.3	18387.1	364.0		9.52	0.04
658	2456654.3549339548	1.56903	7565.2	334.8	333431.6	619.1	18819.0	361.3		9.46	0.04
659	2456654.3550016540	1.57011	7693.0	343.8	336270.4	620.8	18672.2	367.3		9.44	0.04
660	2456654.3550692862	1.57120	7468.5	347.1	330556.1	620.1	18229.4	358.4		9.48	0.04
661	2456654.3551369850	1.57228	7170.1	341.0	332246.2	619.4	18272.4	363.7		9.59	0.05
662	2456654.3552046842	1.57337	7314.6	344.1	331338.8	622.9	18806.7	358.5		9.53	0.05
663	2456654.3552723164	1.57445	7788.9	334.8	330300.3	621.1	18352.7	355.4		9.37	0.04
664	2456654.3553400156	1.57554	7202.6	336.3	331475.0	620.1	18126.3	373.6		9.57	0.04
665	2456654.3554077144	1.57662	7303.0	340.9	334377.4	618.4	18424.5	373.7		9.56	0.04
666	2456654.3554753466	1.57771	7074.7	343.2	333763.2	624.6	18460.1	377.4		9.63	0.05
667	2456654.3555430458	1.57879	7023.2	339.4	332362.8	617.9	18553.6	363.4		9.64	0.05
668	2456654.3556107446	1.57988	7906.0	348.7	333920.7	619.5	18856.8	361.7		9.36	0.04
669	2456654.3556784433	1.58097	7298.3	342.6	333320.7	619.5	18604.5	363.5		9.55	0.05
670	2456654.3557460760	1.58205	7502.6	341.4	330585.2	619.8	18577.8	363.2		9.46	0.04
671	2456654.3558137747	1.58314	7427.4	340.7	329586.3	623.8	18608.2	365.5		9.48	0.04
672	2456654.3558814740	1.58422	7011.8	348.2	334538.9	623.6	18174.2	360.6		9.66	0.05
673	2456654.3559491062	1.58531	7933.8	339.0	329866.3	615.0	18696.6	358.5		9.32	0.04
674	2456654.3560168049	1.58639	7248.1	332.4	332985.9	619.1	18553.0	355.0		9.57	0.04
675	2456654.3560845042	1.58748	7393.0	338.5	332776.1	620.3	18515.1	362.6		9.52	0.04
676	2456654.3561522029	1.58856	7138.0	340.2	331205.4	617.8	18732.8	357.8		9.59	0.05
677	2456654.3562198356	1.58965	7339.5	338.4	331213.0	618.8	18826.6	363.2		9.52	0.04
678	2456654.3562875343	1.59073	7748.8	340.6	330428.1	615.2	19036.9	361.8		9.38	0.04
679	2456654.3563552331	1.59182	7721.8	344.4	331701.5	619.8	18645.7	366.3		9.40	0.04
680	2456654.3564228658	1.59290	7515.5	342.2	331850.1	617.6	18981.2	366.7		9.47	0.04
681	2456654.3564905645	1.59399	7479.5	329.1	331708.4	615.5	18893.6	362.5		9.48	0.04
682	2456654.3565582633	1.59507	6945.3	337.2	331489.4	619.1	18647.5	361.7		9.66	0.05
683	2456654.3566258959	1.59616	7866.8	341.9	330773.5	615.7	18889.5	364.2		9.35	0.04
684	2456654.3566935947	1.59724	7074.3	337.8	330826.6	619.2	18418.2	361.7		9.61	0.05
685	2456654.3567612940	1.59833	7153.0	339.0	331743.0	620.6	19371.6	351.7		9.59	0.05
686	2456654.3568289927	1.59941	7447.4	343.2	332032.6	618.2	18348.2	352.7		9.49	0.04
687	2456654.3568966249	1.60050	7325.0	334.8	330958.3	619.8	18857.8	366.4		9.53	0.04
688	2456654.3569643241	1.60158	6908.3	338.4	331830.8	623.3	18066.4	368.8		9.68	0.05
689	2456654.3570320229	1.60267	7381.9	335.9	332680.2	622.6	18359.2	357.9		9.52	0.04
690	2456654.3570996555	1.60375	7668.5	347.6	336774.0	626.1	18680.5	365.8		9.46	0.04
691	2456654.3571673543	1.60484	7497.3	339.5	332574.5	614.0	18146.6	361.1		9.48	0.04
692	2456654.3572350531	1.60593	6866.3	332.7	333353.4	621.8	18361.5	363.6		9.71	0.05
693	2456654.3573027523	1.60701	6740.3	346.3	333987.2	622.1	18958.2	354.7		9.76	0.05
694	2456654.3573703845	1.60810	7870.3	340.2	332016.9	620.2	19063.7	367.2		9.36	0.04
695	2456654.3574380833	1.60918	7392.6	339.1	331130.7	617.8	18732.3	357.1		9.51	0.04
696	2456654.3575057825	1.61027	6754.4	334.0	332821.5	623.8	18643.1	361.3		9.74	0.05
697	2456654.3575734147	1.61135	6941.7	339.0	334323.4	618.3	18671.5	358.7		9.69	0.05
698	2456654.3576411139	1.61244	6621.5	338.8	333557.0	623.9	19252.1	360.1		9.80	0.05
699	2456654.3577088127	1.61352	6575.2	344.5	336480.9	623.6	18764.8	357.5		9.84	0.05
700	2456654.3577764449	1.61461	6772.5	335.6	334946.0	621.4	18598.2	360.2		9.75	0.05
701	2456654.3578441441	1.61569	7406.1	343.3	334310.3	621.1	18488.3	351.0		9.52	0.04
702	2456654.3579118429	1.61678	7257.1	342.8	333664.1	622.2	18224.2	360.2		9.57	0.05
703	2456654.3579795416	1.61786	7081.2	342.4	331710.7	615.7	18949.3	358.4		9.62	0.05
704	2456654.3580471743	1.61895	7072.9	341.4	333596.1	616.7	18549.4	358.6		9.63	0.05
705	2456654.3581148731	1.62003	6665.7	347.8	335824.2	624.2	18989.8	363.5		9.80	0.05
706	2456654.3581825723	1.62112	7081.7	342.4	336987.5	620.7	19192.4	367.1		9.66	0.05
707	2456654.3582502045	1.62220	7021.9	330.6	332409.2	623.2	18341.5	363.8		9.64	0.05
708	2456654.3583179032	1.62329	7068.0	342.3	331802.3	616.8	18677.0	356.8		9.62	0.05
709	2456654.3583856025	1.62437	7276.1	345.5	330193.8	621.1	17949.1	367.8		9.54	0.05
710	2456654.3584532347	1.62546	7552.6	351.6	332931.7	624.8	18917.5	357.1		9.47	0.04
711	2456654.3585209339	1.62655	7446.0	337.9	329317.2	623.5	18724.3	362.2		9.47	0.04
712	2456654.3585886327	1.62763	7610.1	342.0	332084.4	623.8	18768.6	358.3		9.44	0.04
713	2456654.3586563314	1.62872	7359.0	349.4	332433.9	619.2	18933.5	374.0		9.53	0.05
714	2456654.3587239641	1.62980	6997.4	348.6	330116.3	618.8	18081.5	366.8		9.63	0.05
715	2456654.3587916628	1.63089	7080.0	349.2	332682.7	625.2	18934.2	368.1		9.62	0.05
716	2456654.3588593621	1.63197	7910.9	341.7	333553.1	627.0	18755.6	362.5		9.35	0.04
717	2456654.3589269943	1.63306	7284.5	338.1	333596.4	624.8	18949.6	360.0		9.56	0.04
718	2456654.3589946930	1.63414	7676.4	341.1	332407.1	618.9	19085.3	366.3		9.42	0.04
719	2456654.3590623923	1.63523	7190.6	339.1	329095.8	618.4	18638.1	365.1		9.56	0.05
720	2456654.3591300910	1.63631	7719.1	340.2	329404.7	617.0	19143.6	365.2		9.38	0.04
721	2456654.3591977232	1.63740	7251.3	338.6	335264.4	620.6	18491.4	366.2		9.58	0.04
722	2456654.3592654224	1.63848	7561.6	336.5	332269.7	618.8	19153.4	365.7		9.46	0.04
723	2456654.3593331212	1.63957	7564.3	342.6	330598.8	618.3	18160.8	364.1		9.44	0.04
724	2456654.3594007539	1.64065	7946.5	340.6	331540.3	621.1	18598.9	356.7		9.33	0.04
725	2456654.3594684526	1.64174	7958.1	347.5	335234.6	621.7	18697.9	356.2		9.35	0.04
726	2456654.3595361514	1.64282	7302.6	343.9	330612.9	619.2	18720.6	364.5		9.53	0.05
727	2456654.3596037840	1.64391	7435.9	343.4	334397.2	620.7	18764.1	357.9		9.52	0.04
728	2456654.3596714828	1.64499	6937.4	337.3	330432.7	619.0	19312.1	360.2		9.66	0.05
729	2456654.3597391821	1.64608	7447.0	343.4	332970.0	621.6	18574.9	355.8		9.50	0.04
730	2456654.3598068808	1.64717	7524.1	330.4	334781.9	618.9	19098.8	367.6		9.49	0.04
731	2456654.3598745130	1.64825	7831.0	333.5	334419.1	623.2	18227.3	363.7		9.39	0.04
732	2456654.3599422122	1.64934	7912.2	341.4	333676.2	624.2	18382.5	356.8		9.35	0.04
733	2456654.3600099110	1.65042	7729.2	343.5	334234.6	618.6	18788.1	359.9		9.42	0.04
734	2456654.3600775432	1.65151	7814.2	340.2	336740.4	620.7	18506.0	353.1		9.41	0.04
735	2456654.3601452424	1.65259	8317.2	345.2	335697.6	618.1	18713.1	360.7		9.24	0.04
736	2456654.3602129412	1.65368	7963.0	342.4	336987.1	623.5	18416.9	357.3		9.36	0.04
737	2456654.3602806404	1.65476	7658.1	346.2	335251.9	620.9	18531.9	364.9		9.45	0.04
738	2456654.3603482726	1.65585	7791.5	346.5	334547.7	622.9	18882.1	364.3		9.40	0.04
739	2456654.3604159714	1.65693	8158.1	340.4	333466.8	622.3	18805.2	363.4		9.28	0.04
740	2456654.3604836706	1.65802	8019.4	342.2	332682.7	624.9	19363.6	369.6		9.31	0.04
741	2456654.3605513028	1.65910	8222.4	350.3	334612.8	624.7	18687.7	364.0		9.27	0.04
742	2456654.3606190020	1.66019	7291.6	353.4	333317.3	622.6	19209.9	368.8		9.56	0.05
743	2456654.3606867008	1.66127	7816.6	345.9	337623.9	625.6	19561.0	364.6		9.41	0.04
744	2456654.3607543330	1.66236	5080.8	258.1	206756.9	481.7	11618.6	274.6		9.27	0.05
