0	2456654.3104851726	0.85628	3904.2	300.1	171060.2	471.1	9938.3	309.9		9.45	0.07
1	2456654.3104686639	0.85602	8065.6	445.8	335595.6	684.3	18251.5	478.5		9.32	0.05
2	2456654.3105362966	0.85710	7109.7	435.2	334958.0	677.8	18296.7	469.0		9.63	0.06
3	2456654.3106039953	0.85819	8073.3	440.6	332893.1	684.5	18609.7	469.4		9.30	0.05
4	2456654.3106716941	0.85927	7296.2	445.7	325239.0	679.5	18087.8	478.0		9.49	0.06
5	2456654.3107393933	0.86036	8351.9	451.6	332441.4	675.1	18744.2	454.3		9.21	0.05
6	2456654.3108070255	0.86144	7649.4	430.8	333381.8	684.1	18051.5	460.2		9.44	0.05
7	2456654.3108747248	0.86253	8590.0	437.5	335886.5	685.9	18443.5	473.0		9.17	0.05
8	2456654.3109424235	0.86361	7640.8	447.4	330176.7	673.8	18173.8	461.9		9.42	0.06
9	2456654.3110100557	0.86470	7307.7	436.4	332453.5	683.5	18074.8	463.6		9.54	0.06
10	2456654.3110777549	0.86578	7803.6	438.4	331535.3	669.7	18210.3	462.4		9.37	0.05
11	2456654.3111454537	0.86687	7359.7	440.9	334580.1	676.2	18910.8	464.3		9.54	0.06
12	2456654.3112130864	0.86795	8387.0	449.1	334122.4	676.3	18460.2	449.6		9.21	0.05
13	2456654.3112807851	0.86904	7083.2	436.0	333975.0	683.1	18311.3	464.9		9.63	0.06
14	2456654.3113484839	0.87013	7660.7	442.0	334621.5	678.7	18914.8	452.9		9.44	0.06
15	2456654.3114161831	0.87121	7459.7	442.4	335235.9	678.9	19320.1	459.2		9.51	0.06
16	2456654.3114838153	0.87230	8098.0	436.0	332530.2	683.6	18232.1	457.2		9.29	0.05
17	2456654.3115515141	0.87338	7595.1	430.1	334643.1	683.6	18049.2	468.2		9.46	0.05
18	2456654.3116192133	0.87447	7362.0	440.5	331381.3	672.1	18818.6	453.0		9.52	0.06
19	2456654.3116868455	0.87555	7503.5	442.7	334092.0	681.4	17586.3	454.0		9.49	0.06
20	2456654.3117545447	0.87664	6928.8	452.9	332133.6	682.2	18013.9	474.3		9.67	0.06
21	2456654.3118222435	0.87772	7445.1	444.4	333108.1	676.2	18721.5	455.2		9.50	0.06
22	2456654.3118898757	0.87881	7400.7	429.7	331238.4	677.6	18963.1	463.3		9.50	0.06
23	2456654.3119575749	0.87989	6722.3	432.2	333281.6	685.5	18534.3	473.8		9.76	0.06
24	2456654.3120252737	0.88098	7718.0	432.8	335056.6	684.4	18926.0	456.5		9.43	0.05
25	2456654.3120929725	0.88206	7279.7	431.8	329666.2	675.1	18916.5	458.4		9.53	0.06
26	2456654.3121606051	0.88315	7180.9	437.6	332208.9	677.8	18213.3	454.9		9.59	0.06
27	2456654.3122283039	0.88423	8019.2	444.1	333791.2	678.5	18453.8	456.1		9.32	0.05
28	2456654.3122960031	0.88532	7922.1	440.7	333115.9	677.5	18284.2	464.3		9.35	0.05
29	2456654.3123636353	0.88640	7049.7	446.3	335234.5	681.7	18545.1	458.8		9.65	0.06
30	2456654.3124313341	0.88749	7532.5	436.6	334182.5	689.1	18339.5	458.7		9.48	0.06
31	2456654.3124990333	0.88858	7057.1	444.5	335395.7	679.2	18585.2	473.9		9.65	0.06
32	2456654.3125667321	0.88966	7087.6	440.0	334159.0	684.5	18043.3	469.6		9.63	0.06
33	2456654.3126343647	0.89075	7488.3	437.5	332423.7	686.2	18478.3	461.8		9.48	0.06
34	2456654.3127020635	0.89183	7873.4	446.5	332244.6	686.3	18834.1	456.2		9.36	0.05
35	2456654.3127697622	0.89292	7446.1	442.8	332920.7	686.1	18762.0	474.3		9.50	0.06
36	2456654.3128373949	0.89400	7491.0	437.6	334893.5	676.5	18426.3	464.1		9.50	0.06
37	2456654.3129050937	0.89509	6651.8	443.4	335119.9	684.2	18468.2	459.1		9.80	0.06
38	2456654.3129727929	0.89617	6872.9	438.2	335621.5	687.2	18324.0	462.8		9.72	0.06
39	2456654.3130404251	0.89726	7205.3	439.1	334192.7	678.7	19230.2	458.5		9.59	0.06
40	2456654.3131081238	0.89834	7710.0	440.8	332793.0	684.7	18389.1	456.7		9.41	0.06
41	2456654.3131758231	0.89943	7793.6	430.4	332945.1	678.2	18628.0	477.3		9.39	0.05
42	2456654.3132435218	0.90051	7576.6	443.7	333796.1	682.8	19189.5	462.1		9.46	0.06
43	2456654.3133111540	0.90160	7632.7	443.4	332425.3	677.8	19187.7	469.3		9.43	0.06
44	2456654.3133788533	0.90268	7366.1	447.4	331959.6	680.2	17942.2	458.3		9.52	0.06
45	2456654.3134465520	0.90377	7106.8	448.3	332240.6	676.2	18849.7	462.4		9.61	0.06
46	2456654.3135141847	0.90485	7743.5	442.9	333173.6	681.4	18914.5	466.5		9.40	0.06
47	2456654.3135818834	0.90594	7196.5	432.6	333510.5	683.9	18704.2	459.8		9.59	0.06
48	2456654.3136495822	0.90702	7588.2	442.6	333274.2	685.4	18944.6	466.5		9.46	0.06
49	2456654.3137172814	0.90811	7296.1	446.2	332416.3	687.3	19346.8	469.2		9.55	0.06
50	2456654.3137849136	0.90919	7062.6	436.1	334158.8	682.7	18793.1	472.3		9.64	0.06
51	2456654.3138526129	0.91028	7542.0	450.0	333092.0	682.3	18850.8	463.5		9.47	0.06
52	2456654.3139203116	0.91137	6871.5	452.3	333644.7	680.9	18628.3	470.8		9.71	0.06
53	2456654.3139879438	0.91245	6714.7	454.3	333247.4	675.0	18904.4	455.3		9.76	0.07
54	2456654.3140556430	0.91354	7264.6	434.6	334864.3	678.9	18903.1	461.9		9.58	0.06
55	2456654.3141233418	0.91462	7060.7	435.5	333150.0	679.0	18772.2	460.6		9.64	0.06
56	2456654.3141909740	0.91571	7261.9	445.3	334276.2	673.6	19446.7	456.0		9.57	0.06
57	2456654.3142586732	0.91679	6875.5	441.2	330084.7	676.0	18457.3	463.4		9.68	0.06
58	2456654.3143263720	0.91788	6646.1	462.6	334782.1	682.3	17932.8	457.1		9.80	0.07
59	2456654.3143940712	0.91896	6702.1	442.2	333287.0	684.0	18906.4	459.1		9.77	0.06
60	2456654.3144617034	0.92005	6351.5	443.7	334380.8	686.3	18031.2	470.1		9.91	0.07
61	2456654.3145294022	0.92113	7026.8	447.7	333080.3	681.2	18309.2	466.0		9.65	0.06
62	2456654.3145971014	0.92222	7886.6	446.6	335600.6	678.8	18919.2	469.8		9.38	0.05
63	2456654.3146647336	0.92330	6657.0	430.0	333701.1	687.4	18578.3	472.8		9.79	0.06
64	2456654.3147324328	0.92439	6464.7	439.7	335376.0	675.4	17975.0	461.7		9.87	0.07
65	2456654.3148001316	0.92547	6556.7	438.8	332415.5	680.4	18391.7	464.2		9.81	0.06
66	2456654.3148677638	0.92656	7492.5	443.2	334625.4	685.0	19131.7	473.2		9.50	0.06
67	2456654.3149354630	0.92764	7135.8	445.8	333433.6	683.0	18937.1	470.1		9.61	0.06
68	2456654.3150031618	0.92873	7210.2	435.8	332283.8	683.7	19089.3	467.3		9.58	0.06
69	2456654.3150708606	0.92982	6768.0	431.4	329606.4	679.4	18734.2	472.6		9.71	0.06
70	2456654.3151384932	0.93090	6841.6	445.3	332813.1	679.6	18882.6	459.7		9.71	0.06
71	2456654.3152061920	0.93199	6942.9	443.3	332841.4	684.4	18467.4	452.0		9.67	0.06
72	2456654.3152738912	0.93307	7032.5	437.9	333121.9	672.4	18561.0	458.1		9.64	0.06
73	2456654.3153415234	0.93416	6721.9	439.3	332752.2	678.9	18621.3	465.2		9.76	0.06
74	2456654.3154092222	0.93524	7377.4	441.0	333639.8	684.0	18086.5	465.9		9.53	0.06
75	2456654.3154769214	0.93633	7260.0	452.9	332890.8	681.6	19073.2	470.3		9.56	0.06
76	2456654.3155446202	0.93741	6876.7	450.9	331725.4	690.5	17919.7	463.3		9.69	0.06
77	2456654.3156122528	0.93850	7539.6	454.5	331760.0	680.9	18256.7	467.4		9.46	0.06
78	2456654.3156799516	0.93958	7163.2	451.3	335581.7	679.1	19039.7	471.2		9.62	0.06
79	2456654.3157476503	0.94067	6782.0	430.8	333169.3	677.5	20027.8	455.5		9.74	0.06
80	2456654.3158152830	0.94175	6827.0	438.8	336433.0	684.0	18350.3	451.4		9.74	0.06
81	2456654.3158829818	0.94284	6284.2	440.0	330276.1	680.7	18641.5	451.1		9.90	0.07
82	2456654.3159506805	0.94392	7072.2	434.6	332062.6	678.8	17849.9	461.9		9.62	0.06
83	2456654.3160183132	0.94501	7310.9	431.4	336861.6	686.8	18647.3	464.4		9.58	0.06
84	2456654.3160860119	0.94609	7048.7	440.8	333700.3	682.2	18926.7	467.9		9.64	0.06
85	2456654.3161537112	0.94718	6958.0	432.2	331779.1	685.8	19194.9	465.4		9.66	0.06
86	2456654.3162214099	0.94826	7697.2	443.3	336554.9	678.0	19398.7	458.7		9.44	0.06
87	2456654.3162890421	0.94935	6946.9	445.3	332325.7	679.0	18396.6	460.9		9.67	0.06
88	2456654.3163567414	0.95043	7043.0	439.0	330124.3	669.3	18854.3	461.6		9.62	0.06
89	2456654.3164244401	0.95152	6862.6	431.6	331743.8	678.7	19324.1	465.6		9.70	0.06
90	2456654.3164920728	0.95260	8562.3	442.1	331532.7	676.7	18407.7	461.1		9.14	0.05
91	2456654.3165597715	0.95369	7387.7	443.4	335726.7	682.7	19273.2	475.4		9.54	0.06
92	2456654.3166274703	0.95478	7841.3	447.9	335977.4	683.2	18721.9	459.7		9.39	0.06
93	2456654.3166951695	0.95586	7357.4	446.6	332655.6	681.3	18358.6	461.6		9.53	0.06
94	2456654.3167628017	0.95695	7481.6	439.1	336000.5	694.2	18885.2	469.2		9.51	0.06
95	2456654.3168305005	0.95803	7527.6	446.9	334472.1	679.6	18971.2	466.2		9.48	0.06
96	2456654.3168981997	0.95912	7214.6	437.9	336162.4	686.5	18537.8	460.7		9.60	0.06
97	2456654.3169658319	0.96020	7226.1	441.7	334525.1	686.5	18787.5	462.6		9.59	0.06
98	2456654.3170335311	0.96129	7536.7	448.3	333373.1	684.4	19338.5	454.0		9.47	0.06
99	2456654.3171012299	0.96237	6965.8	441.1	334929.3	678.1	18420.8	454.8		9.68	0.06
100	2456654.3171688621	0.96346	7409.5	437.7	333866.1	691.0	19125.2	467.1		9.52	0.06
101	2456654.3172365613	0.96454	8087.1	444.2	334744.1	684.4	18417.1	466.6		9.31	0.05
102	2456654.3173042601	0.96563	8287.7	447.0	333251.3	682.5	19216.3	465.5		9.24	0.05
103	2456654.3173719593	0.96671	7590.6	458.9	330703.5	686.9	18718.3	480.1		9.44	0.06
104	2456654.3174395915	0.96780	7692.8	447.6	330778.2	684.6	17652.6	454.4		9.40	0.06
105	2456654.3175072903	0.96888	7868.2	448.6	330925.0	687.0	18514.6	470.9		9.35	0.05
106	2456654.3175749895	0.96997	7098.4	442.9	331917.5	678.9	18770.4	469.3		9.61	0.06
107	2456654.3176426217	0.97105	7728.5	440.1	333005.5	683.5	18322.7	465.9		9.41	0.05
108	2456654.3177103205	0.97214	7557.1	448.4	334624.7	688.9	18839.2	463.4		9.48	0.06
109	2456654.3177780197	0.97322	7696.1	449.1	333119.6	685.4	18873.9	461.6		9.42	0.06
110	2456654.3178457185	0.97431	7930.4	439.6	333754.4	691.2	18629.4	462.9		9.35	0.05
111	2456654.3179133511	0.97539	7881.1	451.7	333731.8	680.4	18699.7	457.5		9.36	0.06
112	2456654.3179810499	0.97648	7224.7	453.4	333215.2	685.5	18922.3	458.4		9.58	0.06
113	2456654.3180487487	0.97757	7697.3	446.7	333396.6	685.4	19269.6	455.4		9.42	0.06
114	2456654.3181163813	0.97865	7295.6	457.4	335410.8	686.8	19648.9	463.0		9.57	0.06
115	2456654.3181840801	0.97974	6420.5	434.5	334112.4	692.3	18630.4	478.9		9.88	0.07
116	2456654.3182517793	0.98082	5825.6	444.6	333194.2	677.1	18521.4	467.3		10.12	0.07
117	2456654.3183194115	0.98191	4177.7	443.8	336428.2	683.1	18908.6	465.5		10.97	0.10
118	2456654.3183871103	0.98299	2495.9	441.1	335605.4	678.3	18591.5	456.6		12.25	0.17
119	2456654.3184548095	0.98408	2594.7	455.0	335478.4	689.6	18626.2	474.1		12.16	0.17
120	2456654.3185225083	0.98516	1219.6	444.4	335583.5	679.2	18305.1	467.6		14.04	0.36
121	2456654.3185901404	0.98625	836.6	437.7	334886.6	682.4	18782.2	475.6		14.98	0.52
122	2456654.3186578397	0.98733	525.4	435.4	336054.2	690.8	18517.3	458.9		16.15	0.83
123	2456654.3187255384	0.98842	1680.0	450.2	334002.9	689.5	18888.8	472.1		13.23	0.27
124	2456654.3187931711	0.98950	668.5	446.9	333696.6	688.0	19174.2	474.3		15.53	0.67
125	2456654.3188608699	0.99059	963.8	444.0	333594.0	680.0	17764.6	459.0		14.62	0.46
126	2456654.3189285686	0.99167	1546.0	429.8	333749.6	682.8	18683.9	462.4		13.44	0.28
127	2456654.3189962013	0.99276	933.5	451.0	332641.4	688.4	18453.4	471.3		14.69	0.48
128	2456654.3190639000	0.99384	1205.4	443.8	332656.8	681.4	19256.2	467.3		14.05	0.37
129	2456654.3191315993	0.99493	1168.3	445.0	334246.0	680.8	19858.6	470.5		14.14	0.38
130	2456654.3191992980	0.99602	1257.5	440.2	332689.1	686.6	19461.1	469.4		13.95	0.35
131	2456654.3192669302	0.99710	1024.4	446.3	333115.3	686.3	19129.5	471.1		14.46	0.43
132	2456654.3193346295	0.99819	895.7	449.6	334054.9	682.1	19313.3	471.4		14.80	0.50
133	2456654.3194023282	0.99927	1469.8	444.5	334110.8	682.7	18968.6	471.2		13.57	0.30
134	2456654.3194699604	1.00036	242.5	451.6	334611.8	686.7	18889.4	465.1		18.07	1.86
135	2456654.3195376596	1.00144	552.0	453.8	334034.0	678.0	18848.2	493.3		16.01	0.82
136	2456654.3196053584	1.00253	415.9	440.9	335497.5	689.2	19003.8	474.0		16.73	1.06
137	2456654.3196730576	1.00361	564.0	435.1	334069.6	683.5	19442.0	477.5		15.96	0.77
138	2456654.3197406898	1.00470	386.4	437.1	331066.5	684.8	18179.7	465.4		16.88	1.13
139	2456654.3198083886	1.00578	895.1	450.6	334129.8	690.8	19159.8	469.2		14.81	0.50
140	2456654.3198760878	1.00687	992.8	440.8	332378.6	685.8	18968.2	472.2		14.53	0.44
141	2456654.3199437200	1.00795	348.7	443.9	332784.4	683.0	18391.9	461.7		17.15	1.27
142	2456654.3200114192	1.00904	684.3	443.2	332792.5	673.8	18849.7	467.2		15.47	0.65
143	2456654.3200791180	1.01012	123.3	454.4	333173.8	692.0	19024.8	470.6		19.75	3.68
144	2456654.3201467502	1.01121	1113.0	436.4	335698.3	691.5	18991.6	476.8		14.27	0.39
145	2456654.3202144494	1.01229	626.8	448.5	332213.8	683.5	18940.2	480.1		15.68	0.71
146	2456654.3202821482	1.01338	218.5	444.7	333595.2	691.1	19367.9	481.6		18.33	2.03
147	2456654.3203498470	1.01446	1130.1	441.1	332005.3	678.5	19155.5	475.0		14.21	0.39
148	2456654.3204174796	1.01555	965.8	444.4	334840.8	686.7	19362.3	467.4		14.62	0.46
149	2456654.3204851784	1.01663	1191.5	455.6	334849.0	689.5	19871.2	479.3		14.10	0.38
150	2456654.3205528776	1.01772	1607.6	449.3	335669.5	685.4	19187.3	464.4		13.35	0.28
151	2456654.3206205098	1.01880	1855.9	451.9	335756.2	691.6	18638.2	469.3		13.00	0.24
152	2456654.3206882086	1.01989	2410.4	442.4	332662.7	682.0	18661.4	469.6		12.32	0.18
153	2456654.3207559078	1.02098	2660.0	444.0	335808.5	685.2	18533.5	462.2		12.10	0.16
154	2456654.3208236066	1.02206	3564.5	446.2	335622.6	687.5	18972.0	464.5		11.36	0.12
155	2456654.3208912392	1.02315	4418.7	457.3	333482.8	672.4	18720.1	471.4		10.81	0.10
156	2456654.3209589380	1.02423	6726.9	448.9	336292.9	681.4	18869.2	465.0		9.78	0.06
157	2456654.3210266368	1.02532	6676.4	437.5	333135.4	686.5	18486.0	455.6		9.77	0.06
158	2456654.3210942694	1.02640	7201.7	451.6	332335.0	678.7	18917.1	471.4		9.58	0.06
159	2456654.3211619682	1.02749	7403.3	444.6	334011.9	690.6	18868.8	466.8		9.52	0.06
160	2456654.3212296669	1.02857	7145.4	457.8	333461.5	694.7	18071.2	484.3		9.61	0.06
161	2456654.3212972996	1.02966	6698.1	449.4	337272.4	688.2	18918.3	464.6		9.80	0.07
162	2456654.3213649984	1.03074	6937.4	453.0	334415.7	682.7	18733.3	474.9		9.69	0.06
163	2456654.3214326976	1.03183	7894.3	452.6	333383.9	686.6	18574.2	488.9		9.36	0.06
164	2456654.3215003964	1.03291	7163.9	452.0	334876.3	687.7	19078.9	481.1		9.61	0.06
165	2456654.3215680285	1.03400	7133.7	456.1	332788.1	687.9	18274.1	465.2		9.61	0.06
166	2456654.3216357278	1.03508	7016.2	466.7	337848.1	690.4	19206.3	486.5		9.69	0.06
167	2456654.3217034265	1.03617	7150.8	456.6	337664.4	689.6	19544.8	477.2		9.64	0.06
168	2456654.3217710592	1.03725	7360.8	455.9	337158.4	685.4	19294.7	469.1		9.56	0.06
169	2456654.3218387580	1.03834	7193.1	457.9	334190.3	692.3	18535.9	487.1		9.60	0.06
170	2456654.3219064567	1.03943	7247.5	459.1	334132.9	690.0	19932.7	484.3		9.58	0.06
171	2456654.3219741560	1.04051	7056.5	471.6	334958.3	688.7	18528.6	473.8		9.65	0.06
172	2456654.3220417881	1.04160	7571.6	454.0	330475.2	688.7	18748.4	484.3		9.44	0.06
173	2456654.3221094869	1.04268	6793.2	451.6	333781.2	684.1	20026.2	473.8		9.74	0.06
174	2456654.3221771861	1.04377	7848.6	450.5	335925.9	698.8	18826.7	481.5		9.39	0.06
175	2456654.3222448183	1.04485	7508.4	460.0	335953.8	688.9	18602.3	475.0		9.50	0.06
176	2456654.3223125176	1.04594	6394.6	445.3	335750.2	688.7	19138.8	472.0		9.90	0.07
177	2456654.3223802163	1.04702	7037.9	449.4	335810.3	693.5	19065.2	472.5		9.66	0.06
178	2456654.3224478485	1.04811	7794.4	445.2	335332.5	690.5	19027.7	494.1		9.40	0.06
179	2456654.3225155477	1.04919	7480.8	459.4	334183.1	687.5	18878.3	478.5		9.50	0.06
180	2456654.3225832465	1.05028	6687.8	450.4	335516.0	686.0	18866.0	488.4		9.79	0.07
181	2456654.3226509457	1.05136	6662.7	453.4	335117.4	691.8	19519.7	469.7		9.79	0.07
182	2456654.3227185779	1.05245	6955.3	446.2	333446.2	692.1	18461.6	476.8		9.67	0.06
183	2456654.3227862767	1.05353	6699.5	449.2	333306.9	691.0	18903.0	472.8		9.77	0.06
184	2456654.3228539759	1.05462	7727.5	456.2	334633.4	684.9	19633.8	481.7		9.42	0.06
185	2456654.3229216081	1.05570	6748.9	462.4	333963.2	694.4	18958.9	479.2		9.75	0.07
186	2456654.3229893073	1.05679	7490.7	460.8	336807.2	688.4	18537.1	478.3		9.51	0.06
187	2456654.3230570061	1.05787	7420.3	465.0	335581.3	698.0	18873.1	484.6		9.53	0.06
188	2456654.3231246383	1.05896	7163.5	455.4	330923.8	692.2	19248.6	467.7		9.58	0.06
189	2456654.3231923375	1.06004	7439.4	461.2	336099.4	698.4	18933.7	473.7		9.53	0.06
190	2456654.3232600363	1.06113	7517.9	461.1	335848.3	687.3	18918.1	478.9		9.50	0.06
191	2456654.3233277351	1.06222	7251.0	446.5	333772.3	692.4	19217.4	492.5		9.57	0.06
192	2456654.3233953677	1.06330	7818.4	458.5	334618.0	690.4	19208.7	484.6		9.39	0.06
193	2456654.3234630665	1.06439	7369.0	463.6	335015.3	694.5	18396.3	484.5		9.54	0.06
194	2456654.3235307657	1.06547	7837.8	476.3	335551.3	687.7	18997.9	491.5		9.39	0.06
195	2456654.3235983979	1.06656	8437.0	459.6	332513.5	695.8	19924.0	480.4		9.19	0.05
196	2456654.3236660967	1.06764	6996.3	468.6	334483.5	690.0	19435.8	484.4		9.67	0.06
197	2456654.3237337959	1.06873	7771.6	457.8	334385.4	690.6	18935.0	477.0		9.40	0.06
198	2456654.3238014947	1.06981	7825.7	470.6	331615.0	688.6	18563.0	474.3		9.37	0.06
199	2456654.3238691273	1.07090	7267.9	460.7	336813.6	692.2	19461.0	477.6		9.59	0.06
200	2456654.3239368261	1.07198	7639.3	466.2	335331.7	699.2	19868.9	492.3		9.45	0.06
201	2456654.3240045249	1.07307	7122.5	451.6	334638.7	693.0	19495.6	493.9		9.62	0.06
202	2456654.3240721575	1.07415	7618.7	463.8	335147.3	694.5	19053.8	484.6		9.46	0.06
203	2456654.3241398563	1.07524	7887.4	459.9	333569.2	691.5	19383.0	471.5		9.36	0.06
204	2456654.3242075550	1.07632	7156.9	468.3	335375.7	697.0	18449.7	473.5		9.62	0.06
205	2456654.3242751877	1.07741	7410.1	479.4	332573.6	692.9	18852.2	473.8		9.51	0.06
206	2456654.3243428865	1.07849	7342.0	468.8	332048.7	703.2	18812.5	490.6		9.53	0.06
207	2456654.3244105857	1.07958	7852.9	474.5	334920.8	705.2	18373.4	486.0		9.38	0.06
208	2456654.3244782845	1.08066	7151.5	460.0	335831.9	696.6	18904.8	487.2		9.62	0.06
209	2456654.3245459166	1.08175	8209.5	463.5	335726.4	683.6	18563.9	478.8		9.28	0.05
210	2456654.3246136159	1.08283	7337.7	468.0	335548.4	690.0	18779.7	475.1		9.56	0.06
211	2456654.3246813146	1.08392	8442.2	452.2	334849.2	683.8	19137.7	481.1		9.20	0.05
212	2456654.3247489473	1.08500	7926.2	452.8	335228.9	694.1	19942.5	478.9		9.36	0.06
213	2456654.3248166461	1.08609	8101.7	457.1	332478.1	700.6	18961.9	478.6		9.29	0.05
214	2456654.3248843448	1.08718	7003.4	464.8	334556.1	691.6	18709.4	476.4		9.67	0.06
215	2456654.3249520441	1.08826	7748.8	455.1	335264.2	695.9	19233.0	484.0		9.42	0.06
216	2456654.3250196762	1.08935	7673.1	458.9	335084.1	689.5	19115.2	477.9		9.44	0.06
217	2456654.3250873750	1.09043	7391.1	464.3	335520.8	688.3	18426.7	490.0		9.54	0.06
218	2456654.3251550742	1.09152	6907.7	458.7	335088.3	691.4	18707.8	483.5		9.70	0.06
219	2456654.3252227064	1.09260	7616.9	470.7	333834.3	691.9	19051.7	477.7		9.45	0.06
220	2456654.3252904057	1.09369	8211.6	462.0	334655.0	687.3	19304.5	487.2		9.27	0.05
221	2456654.3253581044	1.09477	6597.2	460.8	335640.4	684.8	18601.4	468.6		9.82	0.07
222	2456654.3254257366	1.09586	7277.8	449.3	333679.7	695.0	18813.3	475.2		9.56	0.06
223	2456654.3254934358	1.09694	7820.3	458.6	333213.6	691.2	18947.5	464.7		9.38	0.06
224	2456654.3255611346	1.09803	7477.1	468.6	335006.0	694.3	19445.5	482.3		9.51	0.06
225	2456654.3256288334	1.09911	7623.3	464.7	334043.4	687.1	19161.3	483.0		9.45	0.06
226	2456654.3256964660	1.10020	7615.3	456.9	335472.2	688.3	19025.4	482.8		9.46	0.06
227	2456654.3257641648	1.10128	7343.8	462.2	334896.4	693.7	19659.2	496.3		9.55	0.06
228	2456654.3258318640	1.10237	6950.4	452.1	336389.1	691.9	19417.3	485.5		9.70	0.06
229	2456654.3258994962	1.10345	7539.8	462.3	335430.1	693.5	18597.4	474.5		9.49	0.06
230	2456654.3259671950	1.10454	6600.4	449.9	335762.0	689.1	19529.1	484.7		9.82	0.07
231	2456654.3260348942	1.10563	7707.9	455.6	334303.3	691.2	17905.6	483.0		9.42	0.06
232	2456654.3261025930	1.10671	7306.3	458.6	337682.0	697.3	18734.8	493.5		9.58	0.06
233	2456654.3261702256	1.10780	7196.5	464.6	336812.0	690.2	18791.0	476.0		9.61	0.06
234	2456654.3262379244	1.10888	7475.4	463.0	338007.9	691.1	18177.2	493.2		9.53	0.06
235	2456654.3263056232	1.10997	7802.4	467.0	335008.5	690.5	18651.0	479.5		9.40	0.06
236	2456654.3263732558	1.11105	7496.9	456.8	335363.8	696.5	18969.7	481.0		9.50	0.06
237	2456654.3264409546	1.11214	7610.1	466.9	335770.2	697.5	19092.0	492.0		9.47	0.06
238	2456654.3265086538	1.11322	7568.9	478.4	334913.7	687.4	18607.1	482.1		9.47	0.06
239	2456654.3265762860	1.11431	8406.1	466.5	338033.1	695.2	19628.6	472.6		9.24	0.05
240	2456654.3266439848	1.11539	7557.2	461.7	338300.5	693.4	19484.8	482.0		9.50	0.06
241	2456654.3267116840	1.11648	7355.8	458.6	334971.2	684.8	18725.6	475.2		9.55	0.06
242	2456654.3267793828	1.11756	6678.6	459.2	337453.3	694.3	18481.6	477.7		9.81	0.07
243	2456654.3268470149	1.11865	7774.0	458.7	338438.8	696.3	18984.3	481.4		9.43	0.06
244	2456654.3269147142	1.11973	7521.4	454.6	336626.6	689.5	18270.1	477.5		9.50	0.06
245	2456654.3269824130	1.12082	7351.1	445.7	335414.6	688.5	19799.4	482.8		9.55	0.06
246	2456654.3270500456	1.12190	6780.6	447.8	336523.4	696.6	19113.7	470.8		9.76	0.06
247	2456654.3271177444	1.12299	6729.1	465.6	338306.6	698.7	19615.3	466.0		9.79	0.07
248	2456654.3271854431	1.12407	7803.4	457.4	337772.0	692.5	19897.4	472.1		9.42	0.06
249	2456654.3272531424	1.12516	6866.6	453.0	335512.8	693.9	18577.3	477.3		9.72	0.06
250	2456654.3273207746	1.12624	6846.8	465.0	337217.1	700.0	19287.9	485.8		9.74	0.07
251	2456654.3273884738	1.12733	7171.0	464.5	335080.1	694.2	19214.2	479.2		9.61	0.06
252	2456654.3274561726	1.12842	7291.1	454.0	335007.8	696.8	18605.8	472.7		9.57	0.06
253	2456654.3275238047	1.12950	7384.8	461.7	337021.9	689.9	18690.4	480.5		9.55	0.06
254	2456654.3275915040	1.13059	6993.5	468.0	336468.3	694.3	19572.2	476.4		9.68	0.06
255	2456654.3276592027	1.13167	6755.8	466.1	337176.2	697.5	19003.9	483.9		9.78	0.07
256	2456654.3277268349	1.13276	7085.9	455.6	335529.1	690.5	18269.0	482.1		9.64	0.06
257	2456654.3277945342	1.13384	6331.8	452.6	336535.4	693.0	18537.0	477.2		9.93	0.07
258	2456654.3278622329	1.13493	6845.8	447.7	335373.8	696.1	19193.0	477.0		9.73	0.06
259	2456654.3279299322	1.13601	6490.8	463.0	336286.9	681.6	19088.0	472.0		9.87	0.07
260	2456654.3279975643	1.13710	7477.5	467.3	336369.6	691.0	19725.9	478.7		9.52	0.06
261	2456654.3280652631	1.13818	7024.2	457.3	335411.9	688.3	18988.6	472.8		9.66	0.06
262	2456654.3281329623	1.13927	7102.9	455.4	335878.8	693.4	19155.9	483.2		9.64	0.06
263	2456654.3282005945	1.14035	6949.9	454.7	336300.1	695.5	18847.9	478.1		9.70	0.06
264	2456654.3282682938	1.14144	6812.1	453.3	337959.0	685.2	19548.8	479.3		9.76	0.06
265	2456654.3283359925	1.14252	5785.7	453.7	335593.4	689.5	19481.4	474.9		10.15	0.08
266	2456654.3284036247	1.14361	6863.2	469.6	337794.7	691.0	19156.3	481.3		9.74	0.07
267	2456654.3284713239	1.14469	6916.5	444.4	339355.1	693.1	19112.9	473.0		9.73	0.06
268	2456654.3285390227	1.14578	6596.4	450.3	336537.1	685.0	19469.1	469.6		9.83	0.07
269	2456654.3286067215	1.14687	7108.5	453.2	337617.9	688.2	19144.4	480.7		9.65	0.06
270	2456654.3286743541	1.14795	6324.7	452.3	337679.4	692.1	18812.1	482.0		9.94	0.07
271	2456654.3287420529	1.14904	6911.4	449.6	334776.8	690.4	19334.7	476.9		9.70	0.06
272	2456654.3288097521	1.15012	6581.1	440.5	335744.6	687.3	18859.0	470.3		9.83	0.06
273	2456654.3288773843	1.15121	6837.6	454.0	337396.6	691.0	18351.5	468.2		9.75	0.06
274	2456654.3289450831	1.15229	7246.1	448.3	338353.2	691.1	18282.5	469.1		9.61	0.06
275	2456654.3290127823	1.15338	6611.1	449.7	337167.4	682.5	18472.0	479.2		9.83	0.07
276	2456654.3290804811	1.15446	6875.0	435.9	335917.7	688.3	19610.4	478.3		9.72	0.06
277	2456654.3291481137	1.15555	7443.3	435.9	336880.7	686.4	19814.6	465.2		9.53	0.06
278	2456654.3292158125	1.15663	6725.3	459.8	334974.4	693.5	18624.5	483.5		9.77	0.07
279	2456654.3292835113	1.15772	6985.3	442.5	334693.6	686.4	18884.1	475.9		9.67	0.06
280	2456654.3293511439	1.15880	7340.3	439.5	337502.5	686.2	19057.2	466.5		9.57	0.06
281	2456654.3294188427	1.15989	6627.9	449.8	337081.8	694.7	18977.1	471.1		9.82	0.07
282	2456654.3294865415	1.16097	6814.7	450.0	336405.4	686.2	18824.2	459.9		9.75	0.06
283	2456654.3295541741	1.16206	7348.0	451.2	337332.9	684.4	19377.0	469.0		9.57	0.06
284	2456654.3296218729	1.16314	6757.6	450.5	334470.2	687.7	18860.0	479.0		9.75	0.06
285	2456654.3296895721	1.16423	7579.2	439.8	337906.8	687.7	19007.3	479.0		9.49	0.06
286	2456654.3297572709	1.16531	6928.9	436.2	337873.9	687.8	19010.0	477.4		9.72	0.06
287	2456654.3298249030	1.16640	6372.6	437.1	333998.7	683.0	19711.1	479.8		9.90	0.07
288	2456654.3298926023	1.16748	7234.3	442.7	336010.9	696.3	19119.9	475.1		9.60	0.06
289	2456654.3299603011	1.16857	7194.0	451.4	337234.9	685.7	18873.3	469.8		9.62	0.06
290	2456654.3300279337	1.16965	6390.0	452.2	334400.1	685.8	18420.6	473.0		9.89	0.07
291	2456654.3300956325	1.17074	7343.3	455.9	336007.7	700.5	18862.8	481.8		9.56	0.06
292	2456654.3301633312	1.17183	6966.0	439.5	336058.6	692.2	18995.6	464.3		9.69	0.06
293	2456654.3302310305	1.17291	6478.6	449.2	336969.9	683.1	19813.2	476.1		9.88	0.07
294	2456654.3302986627	1.17400	6660.1	451.1	334866.7	691.9	19400.0	477.7		9.79	0.07
295	2456654.3303663614	1.17508	6292.8	438.8	334593.5	687.3	18430.7	465.7		9.93	0.07
296	2456654.3304340607	1.17617	6773.6	454.9	335231.7	690.5	19003.6	472.6		9.75	0.07
297	2456654.3305016928	1.17725	5969.3	447.0	336208.7	684.8	18327.9	488.1		10.08	0.07
298	2456654.3305693921	1.17834	6732.4	445.1	335503.1	681.9	19182.4	483.2		9.77	0.06
299	2456654.3306370908	1.17942	5943.9	454.5	333353.5	688.3	19051.9	474.1		10.07	0.07
300	2456654.3307047230	1.18051	6967.0	448.4	336539.9	686.9	19127.6	460.4		9.69	0.06
301	2456654.3307724223	1.18159	6383.7	447.5	336477.3	688.5	19297.7	471.9		9.91	0.07
302	2456654.3308401210	1.18268	7095.2	456.6	335279.8	695.5	17891.2	477.5		9.64	0.06
303	2456654.3309078203	1.18376	6641.2	455.3	336597.6	691.9	18083.8	477.6		9.81	0.07
304	2456654.3309754524	1.18485	6540.0	452.1	335262.8	690.4	18957.9	465.9		9.84	0.07
305	2456654.3310431512	1.18593	6772.7	451.3	336220.0	689.9	19571.2	475.2		9.76	0.06
306	2456654.3311108504	1.18702	6750.9	462.2	336391.2	694.5	18843.9	476.3		9.77	0.07
307	2456654.3311784826	1.18810	6275.7	445.6	338122.3	692.0	19359.5	473.1		9.97	0.07
308	2456654.3312461814	1.18919	7332.7	454.0	337712.3	687.3	19538.8	477.2		9.57	0.06
309	2456654.3313138806	1.19027	6196.0	472.3	335059.8	687.0	19600.7	482.4		9.98	0.07
310	2456654.3313815794	1.19136	6821.7	449.5	334269.9	694.7	18180.7	491.4		9.73	0.06
311	2456654.3314492120	1.19244	6619.5	458.3	336519.0	691.5	19346.8	474.1		9.82	0.07
312	2456654.3315169108	1.19353	6967.2	453.3	336985.7	687.1	18339.4	471.1		9.70	0.06
313	2456654.3315846096	1.19462	6989.7	451.2	335100.6	688.5	18873.9	477.8		9.67	0.06
314	2456654.3316522422	1.19570	6801.5	458.0	336403.0	688.4	18988.3	466.4		9.75	0.07
315	2456654.3317199410	1.19679	8203.2	448.7	337338.7	693.6	19839.9	472.1		9.29	0.05
316	2456654.3317876402	1.19787	7041.6	447.6	338168.1	687.4	19199.6	478.0		9.68	0.06
317	2456654.3318552724	1.19896	6562.4	449.6	335033.3	683.6	19166.0	472.9		9.83	0.07
318	2456654.3319229712	1.20004	6898.2	446.4	336792.5	690.3	19217.3	477.7		9.72	0.06
319	2456654.3319906704	1.20113	6875.0	451.4	333993.1	687.9	19053.7	475.7		9.71	0.06
320	2456654.3320583692	1.20221	7281.4	463.1	336040.8	687.4	19780.7	465.2		9.58	0.06
321	2456654.3321260014	1.20330	6581.6	458.8	337855.1	684.9	18861.4	467.7		9.85	0.07
322	2456654.3321937006	1.20438	7266.0	438.7	336663.0	687.2	19070.6	476.8		9.59	0.06
323	2456654.3322613994	1.20547	7046.5	440.2	336716.3	685.7	18227.1	473.5		9.67	0.06
324	2456654.3323290320	1.20655	6934.9	449.0	334819.4	682.2	19350.9	477.3		9.69	0.06
325	2456654.3323967308	1.20764	6193.0	456.7	336479.4	680.0	18550.7	473.2		9.99	0.07
326	2456654.3324644295	1.20872	7566.8	452.3	334666.9	680.5	19432.3	476.9		9.47	0.06
327	2456654.3325320622	1.20981	7127.9	446.6	334962.6	694.1	18832.8	477.8		9.63	0.06
328	2456654.3325997610	1.21089	6785.4	452.4	337732.3	684.5	19848.6	471.7		9.77	0.06
329	2456654.3326674602	1.21198	7386.9	449.8	334619.6	685.3	18242.1	472.2		9.53	0.06
330	2456654.3327351590	1.21307	6861.7	447.9	335297.3	685.0	19213.2	465.4		9.72	0.06
331	2456654.3328027911	1.21415	6851.6	452.4	334971.3	690.0	18972.8	471.4		9.72	0.06
332	2456654.3328704904	1.21524	6329.4	454.6	337858.2	693.3	18700.0	470.2		9.94	0.07
333	2456654.3329381892	1.21632	7245.0	447.0	336666.1	692.9	19087.9	469.6		9.60	0.06
334	2456654.3330058213	1.21741	6553.7	446.4	337676.4	692.9	18855.7	479.5		9.86	0.07
335	2456654.3330735206	1.21849	6414.1	450.6	337303.3	692.5	18990.4	476.3		9.91	0.07
336	2456654.3331412193	1.21958	7219.3	449.3	337877.5	693.5	18726.8	476.2		9.61	0.06
337	2456654.3332089186	1.22066	6277.5	459.1	337094.4	687.6	19575.6	477.1		9.96	0.07
338	2456654.3332765508	1.22175	7120.2	447.3	336561.7	690.5	19558.1	469.9		9.64	0.06
339	2456654.3333442495	1.22283	6946.1	443.6	338356.1	688.0	19410.5	469.4		9.71	0.06
340	2456654.3334119488	1.22392	6628.0	452.8	336346.0	690.6	19493.9	471.0		9.82	0.07
341	2456654.3334795809	1.22500	6509.9	436.8	338086.7	689.1	18671.0	469.0		9.87	0.07
342	2456654.3335472802	1.22609	6920.0	446.2	339784.5	690.9	19993.4	470.8		9.73	0.06
343	2456654.3336149789	1.22717	6949.5	454.0	337222.0	690.3	19390.7	480.9		9.71	0.06
344	2456654.3336826111	1.22826	6631.4	445.9	335595.0	682.7	18922.9	467.8		9.81	0.07
345	2456654.3337503104	1.22934	6522.1	451.2	338209.2	685.3	19968.8	477.5		9.87	0.07
346	2456654.3338180091	1.23043	6497.8	455.4	336053.7	684.8	19560.7	476.0		9.86	0.07
347	2456654.3338857079	1.23151	6693.2	454.5	335553.4	685.7	18619.4	480.0		9.79	0.07
348	2456654.3339533405	1.23260	7111.3	451.5	334074.9	689.7	19080.0	478.2		9.62	0.06
349	2456654.3340210393	1.23368	7584.9	449.9	336746.6	690.3	19247.4	477.1		9.48	0.06
350	2456654.3340887385	1.23477	7223.3	448.5	333470.9	687.7	18890.5	481.2		9.58	0.06
351	2456654.3341563707	1.23585	6488.1	448.1	333421.9	680.9	18922.1	474.9		9.85	0.07
352	2456654.3342240695	1.23694	7300.4	436.5	336092.6	682.5	18792.5	470.1		9.57	0.06
353	2456654.3342917687	1.23803	7099.1	449.9	334787.9	677.9	19538.1	466.4		9.63	0.06
354	2456654.3343594675	1.23911	7159.8	454.2	336797.5	684.4	18987.7	468.2		9.63	0.06
355	2456654.3344271001	1.24020	6633.8	450.0	337185.0	686.0	19562.0	476.0		9.82	0.07
356	2456654.3344947989	1.24128	6984.4	426.4	336994.8	685.9	19319.9	476.5		9.69	0.06
357	2456654.3345624977	1.24237	7239.3	444.1	336241.2	692.5	18298.0	473.1		9.60	0.06
358	2456654.3346301303	1.24345	7282.5	455.3	335066.5	678.3	18268.3	461.1		9.57	0.06
359	2456654.3346978291	1.24454	6144.4	441.6	336466.7	684.7	19061.5	471.5		10.01	0.07
360	2456654.3347655279	1.24562	7436.4	442.7	335676.7	682.2	18945.9	464.9		9.52	0.06
361	2456654.3348331605	1.24671	7036.7	442.4	335894.2	684.9	19434.6	462.8		9.66	0.06
362	2456654.3349008593	1.24779	6682.2	458.8	337392.2	683.4	18987.7	464.6		9.80	0.07
363	2456654.3349685585	1.24888	6539.8	436.0	333571.1	674.4	19228.2	477.8		9.83	0.06
364	2456654.3350362573	1.24996	6887.8	425.6	335677.0	682.3	18680.2	450.2		9.72	0.06
365	2456654.3351038895	1.25105	7255.7	452.1	334224.0	682.4	18923.0	470.8		9.58	0.06
366	2456654.3351715887	1.25213	7392.1	437.0	335601.1	683.0	19058.1	467.9		9.54	0.06
367	2456654.3352392875	1.25322	7540.5	448.3	336753.6	690.7	19531.4	472.7		9.50	0.06
368	2456654.3353069201	1.25430	7388.0	454.7	337165.4	683.3	18650.8	461.0		9.55	0.06
369	2456654.3353746189	1.25539	6719.5	438.4	336578.1	686.8	19687.7	457.5		9.78	0.06
370	2456654.3354423176	1.25648	6641.7	434.7	332422.4	682.3	19290.6	464.4		9.78	0.06
371	2456654.3355100169	1.25756	7406.9	446.3	336260.1	683.7	19039.1	458.4		9.54	0.06
372	2456654.3355776491	1.25865	6912.9	446.0	333917.4	683.9	18546.6	464.9		9.69	0.06
373	2456654.3356453478	1.25973	6957.5	454.4	334522.9	679.4	18714.1	472.8		9.68	0.06
374	2456654.3357130471	1.26082	6011.0	443.6	334354.0	676.9	18993.6	469.0		10.05	0.07
375	2456654.3357806792	1.26190	6978.2	441.3	333830.8	676.1	18987.9	468.0		9.67	0.06
376	2456654.3358483785	1.26299	7143.2	437.0	337840.7	684.7	18731.5	469.4		9.64	0.06
377	2456654.3359160773	1.26407	6849.2	448.9	334512.2	688.8	18984.9	466.4		9.72	0.06
378	2456654.3359837094	1.26516	6730.7	446.9	336759.6	682.7	19242.3	465.7		9.78	0.06
379	2456654.3360514087	1.26624	7205.1	454.6	337368.0	685.8	18900.8	469.2		9.62	0.06
380	2456654.3361191074	1.26733	7158.4	440.6	336877.7	684.4	18979.6	470.0		9.63	0.06
381	2456654.3361868067	1.26841	7127.7	445.7	335778.1	694.2	18606.5	469.6		9.63	0.06
382	2456654.3362544389	1.26950	6715.6	455.0	337223.6	689.3	18841.5	468.0		9.79	0.07
383	2456654.3363221376	1.27058	7002.9	438.6	336106.2	683.0	18832.5	472.5		9.68	0.06
384	2456654.3363898369	1.27167	7666.9	435.8	336863.3	687.4	19139.7	484.6		9.46	0.05
385	2456654.3364574690	1.27275	7451.7	447.2	336556.6	684.9	19363.1	465.9		9.53	0.06
386	2456654.3365251678	1.27384	6676.9	453.3	336116.5	684.6	18316.8	475.2		9.80	0.07
387	2456654.3365928670	1.27492	6530.4	436.0	338321.3	682.9	19559.4	467.0		9.87	0.06
388	2456654.3366605658	1.27601	6373.8	449.2	333648.2	684.2	18494.0	472.7		9.89	0.07
389	2456654.3367281985	1.27709	6777.4	443.9	334856.8	685.6	18812.3	465.0		9.75	0.06
390	2456654.3367958972	1.27818	6777.8	440.4	334900.7	682.0	19503.1	475.5		9.75	0.06
391	2456654.3368635960	1.27927	6852.0	449.7	331924.0	690.5	19412.8	469.8		9.70	0.06
392	2456654.3369312286	1.28035	6554.5	449.3	334108.8	687.2	18482.5	472.8		9.83	0.07
393	2456654.3369989274	1.28144	7194.7	434.1	336969.8	684.9	19237.6	466.7		9.62	0.06
394	2456654.3370666266	1.28252	6330.2	439.4	338074.2	687.7	19726.9	470.2		9.94	0.07
395	2456654.3371342588	1.28361	6828.2	443.5	336938.1	681.2	18945.5	478.8		9.75	0.06
396	2456654.3372019576	1.28469	6922.2	453.5	340349.9	690.2	19923.4	475.9		9.74	0.06
397	2456654.3372696568	1.28578	6109.7	447.1	334983.8	691.0	18216.9	469.4		10.01	0.07
398	2456654.3373373556	1.28686	6444.3	447.8	336942.1	684.9	18059.8	473.3		9.89	0.07
399	2456654.3374049882	1.28795	7408.8	447.2	336063.5	685.0	18871.0	481.2		9.54	0.06
400	2456654.3374726870	1.28903	6789.0	446.2	336799.6	682.5	19921.7	468.3		9.76	0.06
401	2456654.3375403858	1.29012	6545.7	463.4	336594.9	688.7	19913.0	478.8		9.85	0.07
402	2456654.3376080184	1.29120	6530.7	447.9	337067.1	687.5	19482.3	466.6		9.86	0.07
403	2456654.3376757172	1.29229	7035.8	443.4	334688.8	691.4	18194.6	477.6		9.66	0.06
404	2456654.3377434160	1.29337	6902.9	464.6	335475.8	692.6	19073.0	457.0		9.71	0.07
405	2456654.3378110486	1.29446	6407.0	459.1	337827.0	683.0	18739.3	470.9		9.91	0.07
406	2456654.3378787474	1.29554	7050.3	463.0	335115.6	691.7	18729.0	478.3		9.65	0.06
407	2456654.3379464466	1.29663	6087.8	465.6	338687.4	690.0	19133.0	476.9		10.05	0.07
408	2456654.3380141454	1.29771	6674.9	457.8	337578.0	697.1	18729.5	473.6		9.81	0.07
409	2456654.3380817776	1.29880	7236.6	468.5	336717.9	689.0	19733.5	482.6		9.60	0.06
410	2456654.3381494768	1.29988	7349.9	456.1	335928.2	697.3	18654.7	469.8		9.56	0.06
411	2456654.3382171756	1.30097	6339.5	462.1	337065.8	696.1	18794.7	494.0		9.93	0.07
412	2456654.3382848082	1.30205	6121.4	466.7	337817.4	698.8	18537.2	485.3		10.03	0.07
413	2456654.3383525070	1.30314	6696.5	480.1	338323.5	697.5	19192.2	485.0		9.81	0.07
414	2456654.3384202057	1.30423	6941.6	457.7	337604.2	693.4	19103.6	485.0		9.71	0.06
415	2456654.3384879050	1.30531	6467.4	458.9	336809.8	696.4	18801.3	494.0		9.88	0.07
416	2456654.3385555372	1.30640	6994.1	466.5	337635.4	689.3	19390.9	485.2		9.69	0.06
417	2456654.3386232359	1.30748	6644.3	466.6	338942.2	694.8	19114.9	478.6		9.83	0.07
418	2456654.3386909352	1.30857	6559.7	461.9	337509.2	693.5	19682.5	489.0		9.85	0.07
419	2456654.3387585673	1.30965	6686.3	456.7	337895.3	691.2	19399.1	481.5		9.81	0.07
420	2456654.3388262666	1.31074	6480.0	470.1	335463.6	686.7	19376.6	489.3		9.87	0.07
421	2456654.3388939654	1.31182	6129.7	451.4	334604.2	693.1	19023.6	489.0		10.00	0.07
422	2456654.3389615975	1.31291	6309.5	465.9	336796.5	699.6	19335.6	491.1		9.94	0.07
423	2456654.3390292968	1.31399	6518.8	471.5	334737.6	694.3	19614.6	482.3		9.85	0.07
424	2456654.3390969955	1.31508	6347.9	474.1	338062.6	695.8	18890.2	489.2		9.94	0.07
425	2456654.3391646943	1.31616	6466.8	453.1	337678.4	698.8	19028.5	488.2		9.89	0.07
426	2456654.3392323270	1.31725	6887.7	458.1	334824.7	692.7	19169.4	483.0		9.71	0.06
427	2456654.3393000257	1.31833	6738.1	467.6	335319.3	687.9	19055.0	476.8		9.77	0.07
428	2456654.3393677250	1.31942	7278.1	458.0	337042.3	695.9	19515.1	475.4		9.59	0.06
429	2456654.3394353571	1.32050	7620.8	470.6	335904.7	701.3	18514.4	496.9		9.46	0.06
430	2456654.3395030559	1.32159	7598.4	456.5	337454.2	696.4	18913.5	484.6		9.48	0.06
431	2456654.3395707551	1.32268	6820.4	469.0	335927.1	701.0	19234.8	496.7		9.74	0.07
432	2456654.3396384539	1.32376	6961.1	464.1	335153.9	692.8	18667.5	485.2		9.69	0.06
433	2456654.3397060866	1.32485	6724.4	456.2	334899.5	700.7	18704.9	486.7		9.77	0.07
434	2456654.3397737853	1.32593	6707.2	468.7	335438.0	694.0	19011.3	494.9		9.78	0.07
435	2456654.3398414841	1.32702	7200.2	457.9	335426.7	690.0	18812.4	479.2		9.60	0.06
436	2456654.3399091167	1.32810	6508.4	462.9	335914.6	692.1	19773.2	486.2		9.86	0.07
437	2456654.3399768155	1.32919	7553.0	467.5	336349.9	697.3	19215.7	480.0		9.49	0.06
438	2456654.3400445143	1.33027	6298.8	465.8	337545.2	701.6	18103.5	483.1		9.95	0.07
439	2456654.3401121469	1.33136	6217.1	461.9	337147.7	701.2	19342.5	473.4		9.98	0.07
440	2456654.3401798457	1.33244	7245.4	481.5	338378.4	694.0	19375.0	484.0		9.61	0.06
441	2456654.3402475449	1.33353	7542.8	461.4	338733.6	701.6	19459.0	474.0		9.51	0.06
442	2456654.3403152437	1.33461	7503.3	460.4	336379.7	695.5	19360.9	480.1		9.51	0.06
443	2456654.3403828759	1.33570	7609.4	471.1	337066.7	687.2	19628.4	477.9		9.48	0.06
444	2456654.3404505751	1.33678	7119.7	451.0	334835.7	687.7	18926.6	478.5		9.63	0.06
445	2456654.3405182739	1.33787	7137.7	465.4	335324.9	688.5	18975.7	475.2		9.62	0.06
446	2456654.3405859065	1.33895	7059.2	465.5	335942.2	692.0	19673.1	485.6		9.66	0.06
447	2456654.3406536053	1.34004	7309.6	455.8	337523.3	694.6	18795.4	479.9		9.58	0.06
448	2456654.3407213041	1.34112	7133.6	460.7	338139.3	688.1	19108.1	468.2		9.65	0.06
449	2456654.3407889367	1.34221	6966.5	464.3	333831.9	687.9	18221.9	479.3		9.67	0.06
450	2456654.3408566355	1.34329	6858.6	456.7	335900.6	688.2	19396.0	464.6		9.73	0.06
451	2456654.3409243347	1.34438	6880.8	455.1	338500.7	696.1	19737.2	481.1		9.74	0.06
452	2456654.3409920335	1.34547	7335.6	447.2	337391.1	694.7	18793.7	488.5		9.57	0.06
453	2456654.3410596657	1.34655	6866.2	453.0	337072.5	699.2	19335.6	479.8		9.73	0.06
454	2456654.3411273649	1.34764	6823.6	452.5	335530.1	692.3	19195.1	482.9		9.74	0.06
455	2456654.3411950637	1.34872	6782.6	463.5	335687.4	687.8	18083.7	496.0		9.75	0.07
456	2456654.3412626958	1.34981	6843.2	458.5	335998.3	699.9	19135.5	479.3		9.73	0.06
457	2456654.3413303951	1.35089	6699.1	458.9	335596.5	694.3	18464.7	481.2		9.78	0.07
458	2456654.3413980938	1.35198	6605.1	460.5	338606.9	694.6	18971.4	478.6		9.84	0.07
459	2456654.3414657931	1.35306	6825.6	457.4	337141.9	695.7	18876.7	481.7		9.75	0.06
460	2456654.3415334253	1.35415	6904.9	457.2	336517.3	690.6	19113.1	483.6		9.72	0.06
461	2456654.3416011240	1.35523	5966.2	465.4	337479.7	691.8	19015.6	477.3		10.09	0.08
462	2456654.3416688233	1.35632	6837.3	460.4	336887.6	691.7	18979.1	487.7		9.74	0.07
463	2456654.3417364554	1.35740	6324.4	459.6	339030.5	698.3	18825.9	495.8		9.95	0.07
464	2456654.3418041547	1.35849	7401.0	469.9	337151.5	697.5	19724.9	482.8		9.55	0.06
465	2456654.3418718535	1.35957	7063.6	481.4	337528.4	687.6	20078.8	485.5		9.67	0.07
466	2456654.3419394856	1.36066	7754.8	462.4	337596.8	693.1	19904.2	493.5		9.43	0.06
467	2456654.3420071849	1.36174	7385.5	453.0	337719.4	702.3	19776.9	490.0		9.56	0.06
468	2456654.3420748836	1.36283	7112.7	463.4	334277.2	688.4	18805.1	485.3		9.63	0.06
469	2456654.3421425824	1.36392	6684.5	455.7	336442.3	695.0	18380.7	481.0		9.80	0.07
470	2456654.3422102151	1.36500	6649.0	461.6	335287.3	689.9	19119.9	488.3		9.80	0.07
471	2456654.3422779138	1.36609	7226.6	460.0	336186.5	697.3	18258.1	493.6		9.60	0.06
472	2456654.3423456131	1.36717	7432.5	468.5	335848.0	698.1	18829.2	482.4		9.53	0.06
473	2456654.3424132452	1.36826	6496.6	467.3	336050.7	701.3	19442.1	478.9		9.86	0.07
474	2456654.3424809440	1.36934	7371.0	464.4	338037.1	697.3	19073.1	490.1		9.56	0.06
475	2456654.3425486432	1.37043	7262.4	462.2	336884.9	687.9	19011.2	490.0		9.59	0.06
476	2456654.3426163420	1.37151	6829.8	466.3	339460.3	700.6	19709.7	483.4		9.77	0.07
477	2456654.3426839747	1.37260	7183.3	464.5	336229.2	696.6	19271.9	482.2		9.62	0.06
478	2456654.3427516734	1.37368	6883.2	465.9	336140.8	691.0	19071.1	491.3		9.72	0.07
479	2456654.3428193722	1.37477	8021.3	451.4	338699.7	698.1	19649.2	471.5		9.36	0.05
480	2456654.3428870048	1.37585	6582.3	476.6	335128.6	694.1	18307.5	488.8		9.83	0.07
481	2456654.3429547036	1.37694	6980.6	459.4	334804.3	694.8	18643.0	482.5		9.68	0.06
482	2456654.3430224024	1.37802	7480.0	458.6	337897.3	691.9	19322.6	484.6		9.53	0.06
483	2456654.3430900350	1.37911	7427.7	461.6	337286.5	686.3	19602.6	489.8		9.54	0.06
484	2456654.3431577338	1.38019	7330.9	465.1	336836.9	692.6	18733.0	478.2		9.57	0.06
485	2456654.3432254330	1.38128	7119.5	470.3	337824.5	693.7	19080.5	484.3		9.65	0.06
486	2456654.3432931318	1.38236	7277.3	470.5	335082.9	691.8	18991.7	479.3		9.57	0.06
487	2456654.3433607640	1.38345	7349.3	460.7	337544.8	694.4	19145.8	483.3		9.57	0.06
488	2456654.3434284632	1.38453	6164.8	457.5	337549.2	702.5	19448.1	489.9		10.01	0.07
489	2456654.3434961620	1.38562	7310.3	457.3	337921.4	696.4	18844.6	481.0		9.58	0.06
490	2456654.3435637946	1.38670	6619.9	461.6	338597.6	701.2	19477.7	495.7		9.84	0.07
491	2456654.3436314934	1.38779	6950.2	455.7	337366.8	694.2	19239.8	495.1		9.71	0.06
492	2456654.3436991922	1.38888	6781.7	473.0	336418.4	699.9	19350.0	485.8		9.76	0.07
493	2456654.3437668914	1.38996	7376.4	466.5	338536.4	693.4	19492.0	491.5		9.57	0.06
494	2456654.3438345236	1.39105	6701.2	477.0	338446.9	698.8	18598.6	491.8		9.81	0.07
495	2456654.3439022223	1.39213	6897.6	456.2	336015.1	691.9	19503.4	485.7		9.71	0.06
496	2456654.3439699216	1.39322	7267.6	461.2	337338.4	690.0	19112.3	480.9		9.59	0.06
497	2456654.3440375538	1.39430	7761.1	467.2	336588.4	691.2	18647.0	482.1		9.42	0.06
498	2456654.3441052530	1.39539	6986.0	459.9	337941.9	693.3	19201.4	493.5		9.70	0.06
499	2456654.3441729518	1.39647	6784.3	464.5	334667.8	693.3	19171.7	490.7		9.75	0.07
500	2456654.3442405839	1.39756	7379.9	464.0	337560.7	688.0	19182.2	487.3		9.56	0.06
501	2456654.3443082832	1.39864	6984.5	465.3	338033.1	693.2	19732.1	483.9		9.70	0.06
502	2456654.3443759819	1.39973	6641.1	465.0	338301.7	697.4	19953.8	492.1		9.83	0.07
503	2456654.3444436812	1.40081	6130.9	464.0	336605.5	693.2	18750.9	470.2		10.01	0.07
504	2456654.3445113134	1.40190	6927.8	452.4	335507.3	697.2	19326.6	477.8		9.70	0.06
505	2456654.3445790121	1.40298	7126.2	453.6	336659.6	684.9	18569.4	476.2		9.64	0.06
506	2456654.3446467114	1.40407	7197.8	469.8	335674.8	687.7	19177.8	473.4		9.61	0.06
507	2456654.3447143435	1.40515	7140.6	459.0	333919.1	693.7	19212.3	478.5		9.61	0.06
508	2456654.3447820423	1.40624	6577.8	465.4	334546.0	693.0	19388.4	484.2		9.82	0.07
509	2456654.3448497416	1.40732	5571.6	453.0	334320.3	691.9	19458.3	481.9		10.24	0.08
510	2456654.3449174403	1.40841	7378.7	473.5	334377.6	692.5	18454.4	490.6		9.53	0.06
511	2456654.3449850730	1.40949	7778.3	455.1	337515.0	685.6	19395.4	480.9		9.43	0.06
512	2456654.3450527717	1.41058	6512.6	464.5	337577.2	691.4	19381.3	477.4		9.87	0.07
513	2456654.3451204705	1.41167	6508.0	456.5	337630.7	695.2	18806.7	478.1		9.87	0.07
514	2456654.3451881032	1.41275	6354.1	447.2	337105.0	699.3	19676.1	486.7		9.93	0.07
515	2456654.3452558019	1.41384	7254.4	461.2	337459.7	688.7	18987.9	474.0		9.60	0.06
516	2456654.3453235012	1.41492	6667.3	468.0	336741.5	698.5	18986.9	470.0		9.81	0.07
517	2456654.3453911333	1.41601	6435.8	455.1	339669.2	690.9	19398.8	492.2		9.92	0.07
518	2456654.3454588321	1.41709	7157.4	466.9	336972.9	692.4	19475.2	480.0		9.63	0.06
519	2456654.3455265313	1.41818	6481.9	462.6	337019.6	694.0	19363.2	484.6		9.88	0.07
520	2456654.3455942301	1.41926	7613.9	444.2	340140.1	696.4	19560.5	471.6		9.50	0.06
521	2456654.3456618623	1.42035	6668.2	463.0	339355.4	692.9	18235.4	480.8		9.82	0.07
522	2456654.3457295615	1.42143	6796.0	462.7	335307.7	688.5	18454.0	480.6		9.75	0.07
523	2456654.3457972603	1.42252	6672.0	449.0	336211.6	692.3	18343.5	479.1		9.80	0.07
524	2456654.3458648929	1.42360	7089.2	457.1	338336.5	699.2	19165.8	493.6		9.66	0.06
525	2456654.3459325917	1.42469	7122.0	445.0	337163.3	685.7	18836.4	474.9		9.64	0.06
526	2456654.3460002905	1.42577	6508.3	458.5	337862.7	689.7	19755.7	472.9		9.87	0.07
527	2456654.3460679897	1.42686	6507.2	458.0	338396.9	691.2	19278.4	482.8		9.88	0.07
528	2456654.3461356219	1.42794	6499.0	452.5	335285.1	688.1	18826.7	482.4		9.86	0.07
529	2456654.3462033211	1.42903	7013.2	465.9	337221.1	685.3	19441.0	483.7		9.68	0.06
530	2456654.3462710199	1.43012	7381.0	457.9	336881.9	696.7	19841.3	479.7		9.55	0.06
531	2456654.3463386521	1.43120	7004.8	453.3	335167.6	682.5	19373.1	472.5		9.67	0.06
532	2456654.3464063513	1.43229	7031.8	455.4	337294.7	690.9	18927.3	485.4		9.68	0.06
533	2456654.3464740501	1.43337	6915.9	454.2	333862.0	688.6	19076.5	467.8		9.69	0.06
534	2456654.3465416823	1.43446	7106.0	463.7	338153.7	695.0	19737.4	477.1		9.66	0.06
535	2456654.3466093815	1.43554	7967.8	457.6	335463.2	680.6	18891.3	469.7		9.35	0.06
536	2456654.3466770803	1.43663	6714.4	455.0	336290.3	685.8	19468.8	471.6		9.78	0.07
537	2456654.3467447795	1.43771	6786.0	447.8	339085.0	691.5	19395.0	463.6		9.78	0.06
538	2456654.3468124117	1.43880	6736.1	444.6	337652.7	682.9	19315.9	480.1		9.79	0.06
539	2456654.3468801104	1.43988	7643.6	455.6	337446.4	695.1	18855.2	477.4		9.47	0.06
540	2456654.3469478097	1.44097	7590.9	456.0	336475.0	688.8	19013.4	480.0		9.48	0.06
541	2456654.3470154419	1.44205	6990.4	459.9	335518.7	687.3	18724.5	472.7		9.68	0.06
542	2456654.3470831411	1.44314	6751.1	447.6	336560.4	686.6	19074.6	468.7		9.77	0.06
543	2456654.3471508399	1.44422	7920.8	460.4	339285.6	691.4	19624.4	468.7		9.39	0.06
544	2456654.3472184720	1.44531	6965.3	448.3	339695.0	685.5	18554.8	483.7		9.72	0.06
545	2456654.3472861713	1.44639	6972.5	461.8	338453.0	686.5	19824.2	472.4		9.71	0.06
546	2456654.3473538700	1.44748	7398.0	452.0	339308.1	680.7	18684.0	476.2		9.56	0.06
547	2456654.3474215688	1.44856	7752.9	458.5	338200.3	687.7	19637.8	478.0		9.44	0.06
548	2456654.3474892015	1.44965	7534.0	441.0	336560.6	688.2	18649.7	469.6		9.50	0.06
549	2456654.3475569002	1.45073	7545.8	457.7	336900.2	682.1	19029.0	479.4		9.50	0.06
550	2456654.3476245995	1.45182	7330.5	456.2	335635.2	689.1	18885.0	476.0		9.56	0.06
551	2456654.3476922316	1.45290	6420.1	459.3	334911.4	685.8	18670.6	475.6		9.89	0.07
552	2456654.3477599304	1.45399	7010.4	459.1	338287.2	684.7	19426.1	477.1		9.69	0.06
553	2456654.3478276297	1.45508	7511.7	443.4	336062.7	683.5	19674.8	475.3		9.50	0.06
554	2456654.3478953284	1.45616	7027.6	457.7	337931.5	688.4	19387.7	473.1		9.68	0.06
555	2456654.3479629611	1.45725	6969.8	448.5	338324.0	692.7	19178.2	478.9		9.71	0.06
556	2456654.3480306598	1.45833	7621.4	459.5	340665.4	695.2	19454.7	481.6		9.50	0.06
557	2456654.3480983586	1.45942	7595.0	446.3	338471.4	686.9	19462.5	470.1		9.49	0.06
558	2456654.3481659913	1.46050	7296.2	451.5	339383.7	678.0	19221.2	478.2		9.60	0.06
559	2456654.3482336900	1.46159	7150.5	449.1	337187.5	689.2	18828.8	475.1		9.63	0.06
560	2456654.3483013888	1.46267	7110.5	458.0	336228.0	685.8	19156.7	466.3		9.64	0.06
561	2456654.3483690214	1.46376	6794.6	458.1	336687.4	689.6	19157.1	473.5		9.76	0.07
562	2456654.3484367202	1.46484	7081.1	469.6	336731.2	690.1	18897.9	476.0		9.65	0.06
563	2456654.3485044194	1.46593	7330.1	449.0	336319.4	699.8	19751.7	478.6		9.57	0.06
564	2456654.3485721182	1.46701	7591.9	459.3	335224.6	691.6	19683.8	467.9		9.47	0.06
565	2456654.3486397504	1.46810	7337.5	461.6	337122.8	687.5	18766.9	481.1		9.57	0.06
566	2456654.3487074496	1.46918	7926.8	451.7	339159.4	690.7	19022.7	474.2		9.39	0.05
567	2456654.3487751484	1.47027	6904.9	458.1	338543.2	690.9	20092.6	472.2		9.73	0.06
568	2456654.3488427810	1.47135	7985.8	453.8	338957.1	685.9	19007.0	464.9		9.37	0.05
569	2456654.3489104798	1.47244	7651.5	450.9	337693.9	690.2	19160.7	475.4		9.47	0.06
570	2456654.3489781786	1.47353	7434.0	461.9	337063.4	679.6	19615.1	474.2		9.54	0.06
571	2456654.3490458778	1.47461	8435.9	460.9	338609.4	689.7	18972.0	475.3		9.23	0.05
572	2456654.3491135100	1.47570	7771.3	457.0	338474.7	691.1	19348.7	470.8		9.44	0.06
573	2456654.3491812088	1.47678	7625.6	445.1	335103.6	686.4	18670.9	466.6		9.46	0.06
574	2456654.3492489080	1.47787	7983.4	461.2	339764.8	688.6	19563.0	476.6		9.38	0.06
575	2456654.3493165402	1.47895	8168.7	456.2	339616.8	691.9	19469.5	481.5		9.32	0.05
576	2456654.3493842394	1.48004	8314.0	442.5	339471.7	693.6	19368.8	479.9		9.27	0.05
577	2456654.3494519382	1.48112	7113.0	462.4	338778.5	696.3	19117.6	472.7		9.66	0.06
578	2456654.3495195704	1.48221	8078.7	462.1	336132.7	695.1	18734.3	478.8		9.32	0.06
579	2456654.3495872696	1.48329	7551.1	448.2	337584.9	684.8	19402.4	473.2		9.50	0.06
580	2456654.3496549684	1.48438	7632.9	455.3	336247.7	681.5	18630.2	473.8		9.46	0.06
581	2456654.3497226676	1.48546	7682.5	440.4	338562.1	686.7	19470.1	459.5		9.46	0.06
582	2456654.3497902998	1.48655	7605.0	445.1	339109.3	690.1	19283.4	470.7		9.49	0.06
583	2456654.3498579985	1.48763	7714.8	453.9	336619.7	686.7	19861.0	466.3		9.44	0.06
584	2456654.3499256978	1.48872	7411.8	454.4	338975.2	684.0	19999.3	471.6		9.56	0.06
585	2456654.3499933300	1.48980	7440.5	442.7	338542.9	680.8	19116.0	465.5		9.54	0.06
586	2456654.3500610287	1.49089	7196.6	451.6	337975.7	692.0	18648.9	462.9		9.62	0.06
587	2456654.3501287280	1.49197	7236.6	443.8	336874.3	685.2	19589.9	464.3		9.60	0.06
588	2456654.3501963601	1.49306	7336.1	444.2	337633.9	687.0	18678.6	472.6		9.57	0.06
589	2456654.3502640594	1.49414	7378.3	445.2	339588.0	687.1	19777.3	466.5		9.57	0.06
590	2456654.3503317581	1.49523	7141.1	458.2	337348.5	688.4	19279.0	468.4		9.64	0.06
591	2456654.3503994569	1.49632	7858.7	461.3	338282.0	690.3	19123.4	470.1		9.41	0.06
592	2456654.3504670896	1.49740	7827.1	459.4	339904.0	687.1	19844.7	475.9		9.43	0.06
593	2456654.3505347883	1.49849	7478.1	441.6	336885.5	685.2	18807.8	476.0		9.52	0.06
594	2456654.3506024876	1.49957	7527.3	449.2	336831.5	687.1	18883.0	464.9		9.50	0.06
595	2456654.3506701197	1.50066	6850.6	456.1	338951.4	693.9	19459.7	477.1		9.75	0.06
596	2456654.3507378185	1.50174	7493.7	448.6	338131.6	683.5	19680.3	453.1		9.52	0.06
597	2456654.3508055178	1.50283	6995.6	452.9	337897.1	679.6	18857.6	473.0		9.69	0.06
598	2456654.3508732165	1.50391	7744.5	459.1	337970.9	682.4	19119.6	466.1		9.44	0.06
599	2456654.3509408487	1.50500	6866.5	443.2	338771.7	679.7	18192.8	473.3		9.75	0.06
600	2456654.3510085479	1.50608	7773.0	441.6	339229.2	690.5	18628.7	450.9		9.44	0.05
601	2456654.3510762467	1.50717	6951.7	443.9	337179.8	692.0	19073.6	458.3		9.70	0.06
602	2456654.3511438794	1.50825	7933.8	446.4	340190.1	691.2	19648.3	460.5		9.40	0.05
603	2456654.3512115781	1.50934	7030.0	455.9	338586.6	690.5	19482.5	481.5		9.69	0.06
604	2456654.3512792769	1.51042	7770.6	463.4	339171.5	684.1	18918.6	462.0		9.44	0.06
605	2456654.3513469095	1.51151	8059.2	463.8	338339.7	690.4	19670.1	461.1		9.34	0.06
606	2456654.3514146083	1.51259	7496.9	439.8	339406.2	685.9	19663.1	475.1		9.53	0.06
607	2456654.3514823075	1.51368	7592.2	442.9	339720.4	680.3	18476.5	476.0		9.50	0.06
608	2456654.3515500063	1.51476	7463.2	435.9	339081.2	683.7	19167.5	475.8		9.54	0.06
609	2456654.3516176385	1.51585	7333.3	444.6	337029.3	686.2	18012.6	466.6		9.57	0.06
610	2456654.3516853377	1.51693	6630.6	454.4	338083.4	684.8	18954.0	468.0		9.83	0.07
611	2456654.3517530365	1.51802	7084.0	446.1	339846.7	686.2	18749.0	472.7		9.68	0.06
612	2456654.3518206691	1.51911	7345.5	440.7	339522.3	685.6	19468.5	470.9		9.58	0.06
613	2456654.3518883679	1.52019	7626.5	450.6	340088.9	677.9	18836.1	460.9		9.49	0.06
614	2456654.3519560667	1.52128	7902.2	445.6	339209.8	689.9	18904.8	467.2		9.40	0.05
615	2456654.3520237659	1.52236	7378.8	453.4	338481.8	681.5	19559.4	462.1		9.56	0.06
616	2456654.3520913981	1.52345	7908.6	457.3	339649.5	687.5	19716.5	475.3		9.40	0.06
617	2456654.3521590969	1.52453	7197.7	447.1	338493.2	679.9	19519.7	468.1		9.63	0.06
618	2456654.3522267961	1.52562	7044.7	442.7	342179.3	687.1	19419.4	462.1		9.71	0.06
619	2456654.3522944283	1.52670	7605.0	432.8	340795.5	688.2	18936.5	471.5		9.51	0.05
620	2456654.3523621275	1.52779	7232.3	452.2	338866.6	685.4	19498.5	470.2		9.62	0.06
621	2456654.3524298263	1.52887	7932.6	445.5	339230.8	686.7	19263.8	477.0		9.39	0.05
622	2456654.3524974585	1.52996	7975.6	442.3	338239.8	684.8	19374.5	463.5		9.37	0.05
623	2456654.3525651577	1.53104	7855.5	435.1	337955.5	686.1	19553.0	458.8		9.40	0.05
624	2456654.3526328565	1.53213	7324.1	445.7	338579.1	690.9	19090.0	458.9		9.58	0.06
625	2456654.3527005552	1.53321	7714.4	438.8	339507.5	680.0	18870.5	462.5		9.46	0.05
626	2456654.3527681879	1.53430	7121.1	450.8	339879.8	688.2	19110.9	461.1		9.66	0.06
627	2456654.3528358866	1.53538	6684.1	449.4	340065.5	686.3	19899.8	466.8		9.82	0.07
628	2456654.3529035859	1.53647	7219.1	439.5	340434.4	684.8	19556.4	464.3		9.63	0.06
629	2456654.3529712181	1.53755	7510.7	442.4	339523.8	685.8	19405.5	466.2		9.53	0.06
630	2456654.3530389168	1.53864	7648.7	448.1	339214.3	684.4	19516.7	464.8		9.48	0.06
631	2456654.3531066161	1.53973	7132.3	443.0	339526.4	687.5	19656.2	458.8		9.66	0.06
632	2456654.3531743148	1.54081	7962.0	443.4	340438.8	682.3	19310.3	459.8		9.39	0.05
633	2456654.3532419475	1.54190	7758.1	441.1	339160.6	686.5	19349.6	476.1		9.44	0.05
634	2456654.3533096462	1.54298	7415.0	455.0	340290.5	686.1	18922.5	463.4		9.57	0.06
635	2456654.3533773450	1.54407	7559.7	453.1	340226.3	684.7	20071.3	464.6		9.52	0.06
636	2456654.3534449777	1.54515	7349.3	452.0	338248.4	681.7	18828.3	468.5		9.57	0.06
637	2456654.3535126764	1.54624	7169.9	449.8	337077.1	679.1	18760.2	464.3		9.63	0.06
638	2456654.3535803752	1.54732	8139.1	440.6	338460.4	689.2	18946.8	457.9		9.32	0.05
639	2456654.3536480078	1.54841	7420.8	435.4	339991.5	683.5	18976.9	470.8		9.56	0.06
640	2456654.3537157066	1.54949	7169.4	439.0	337845.8	684.6	19385.5	466.6		9.63	0.06
641	2456654.3537834059	1.55058	8334.0	450.4	340645.0	684.7	19355.8	474.9		9.28	0.05
642	2456654.3538511046	1.55166	7507.9	444.6	339537.4	682.9	19413.7	458.6		9.53	0.06
643	2456654.3539187368	1.55275	7958.6	446.3	339210.1	682.5	19440.2	461.4		9.38	0.05
644	2456654.3539864360	1.55383	7493.2	444.7	337985.0	680.7	18577.3	457.2		9.52	0.06
645	2456654.3540541348	1.55492	7643.5	457.5	337549.0	696.2	19558.2	466.5		9.47	0.06
646	2456654.3541217675	1.55600	7659.2	441.3	336450.4	689.6	19269.9	462.4		9.46	0.06
647	2456654.3541894662	1.55709	7195.4	443.3	337521.1	685.7	19277.6	458.9		9.62	0.06
648	2456654.3542571650	1.55817	7886.2	447.1	339173.7	684.0	18890.9	471.4		9.40	0.05
649	2456654.3543248642	1.55926	7758.9	453.3	337259.1	687.8	18871.9	462.5		9.43	0.06
650	2456654.3543924964	1.56034	7035.9	447.8	341219.8	690.2	18592.6	463.9		9.70	0.06
651	2456654.3544601952	1.56143	7134.5	439.2	338989.3	685.7	19079.1	470.3		9.65	0.06
652	2456654.3545278944	1.56252	7058.9	441.7	341217.9	684.8	19470.6	468.8		9.70	0.06
653	2456654.3545955266	1.56360	7453.2	441.9	338763.3	678.6	19185.5	460.0		9.54	0.06
654	2456654.3546632258	1.56469	7852.7	452.4	340812.7	691.1	19408.8	478.6		9.43	0.06
655	2456654.3547309246	1.56577	8139.8	452.1	337662.0	679.0	22724.3	480.1		9.31	0.05
656	2456654.3547985568	1.56686	6988.7	435.8	340229.2	680.1	19245.2	455.7		9.71	0.06
657	2456654.3548662560	1.56794	7395.0	436.8	338867.9	690.4	19089.9	468.1		9.56	0.06
658	2456654.3549339548	1.56903	7857.5	436.4	340236.6	682.5	19433.9	464.3		9.42	0.05
659	2456654.3550016540	1.57011	8081.3	447.8	342107.7	683.2	19108.5	472.3		9.36	0.05
660	2456654.3550692862	1.57120	7408.1	452.1	337662.2	685.5	19001.3	460.9		9.55	0.06
661	2456654.3551369850	1.57228	7257.4	444.3	339428.7	683.7	18738.1	467.7		9.61	0.06
662	2456654.3552046842	1.57337	7602.7	448.5	339245.2	690.1	19372.2	460.5		9.50	0.06
663	2456654.3552723164	1.57445	7907.2	435.8	337608.1	687.2	18814.7	456.6		9.39	0.05
664	2456654.3553400156	1.57554	7506.2	438.4	339268.4	686.0	18414.0	480.0		9.53	0.06
665	2456654.3554077144	1.57662	7404.7	444.0	341000.7	681.0	19101.8	480.2		9.57	0.06
666	2456654.3554753466	1.57771	7232.7	447.8	340387.4	690.6	19001.8	486.0		9.63	0.06
667	2456654.3555430458	1.57879	7256.2	442.6	339330.5	681.0	19177.9	466.1		9.61	0.06
668	2456654.3556107446	1.57988	7890.9	454.0	339882.4	682.7	19493.2	464.2		9.41	0.06
669	2456654.3556784433	1.58097	7499.6	446.3	340472.1	683.3	19193.7	467.2		9.54	0.06
670	2456654.3557460760	1.58205	8116.6	445.0	338413.2	686.3	18791.0	466.8		9.33	0.05
671	2456654.3558137747	1.58314	7595.7	444.1	337545.2	692.3	19189.7	470.0		9.49	0.06
672	2456654.3558814740	1.58422	7243.1	454.4	341030.7	688.7	19188.4	463.1		9.63	0.06
673	2456654.3559491062	1.58531	8136.3	441.2	337904.1	678.7	19204.3	460.0		9.32	0.05
674	2456654.3560168049	1.58639	7463.0	432.9	339313.0	682.7	19315.3	455.9		9.54	0.06
675	2456654.3560845042	1.58748	7693.7	441.5	340231.1	685.0	19203.5	466.3		9.47	0.06
676	2456654.3561522029	1.58856	7293.0	443.5	338818.6	681.8	19410.3	459.5		9.60	0.06
677	2456654.3562198356	1.58965	7506.4	441.2	338618.4	683.8	19331.5	465.7		9.52	0.06
678	2456654.3562875343	1.59073	7671.2	443.5	337560.8	678.8	19340.2	464.5		9.46	0.06
679	2456654.3563552331	1.59182	8149.7	449.0	338685.5	685.0	19149.1	470.0		9.32	0.05
680	2456654.3564228658	1.59290	7498.3	445.9	337966.5	681.1	19032.4	470.1		9.52	0.06
681	2456654.3564905645	1.59399	8027.7	428.9	338516.2	678.3	19505.4	465.2		9.35	0.05
682	2456654.3565582633	1.59507	7256.2	440.0	338182.0	683.4	19043.1	463.9		9.60	0.06
683	2456654.3566258959	1.59616	8358.4	445.5	338844.1	679.4	19099.9	466.9		9.26	0.05
684	2456654.3566935947	1.59724	6915.3	440.4	338316.2	684.7	18581.4	464.0		9.73	0.06
685	2456654.3567612940	1.59833	7342.8	442.0	338688.7	685.5	19873.8	450.7		9.58	0.06
686	2456654.3568289927	1.59941	7642.6	447.6	338827.2	682.4	19032.0	452.2		9.48	0.06
687	2456654.3568966249	1.60050	7422.8	436.4	338556.0	685.0	19288.5	470.1		9.55	0.06
688	2456654.3569643241	1.60158	7031.9	441.2	339685.7	690.0	18250.9	474.5		9.69	0.06
689	2456654.3570320229	1.60267	7766.7	437.9	339510.9	687.8	18891.5	460.1		9.44	0.05
690	2456654.3570996555	1.60375	7771.2	452.5	342587.3	690.4	19203.6	470.4		9.47	0.06
691	2456654.3571673543	1.60484	7978.0	442.7	338482.6	674.6	18365.7	463.9		9.37	0.05
692	2456654.3572350531	1.60593	6798.1	432.7	340332.9	685.9	18663.1	467.7		9.78	0.06
693	2456654.3573027523	1.60701	6832.9	451.7	340604.8	686.1	19557.7	455.2		9.77	0.06
694	2456654.3573703845	1.60810	8295.1	443.3	338973.8	685.2	19827.5	472.2		9.28	0.05
695	2456654.3574380833	1.60918	7853.6	442.0	338545.0	681.4	19043.6	458.6		9.41	0.05
696	2456654.3575057825	1.61027	7103.6	435.5	339475.8	690.1	19198.1	463.7		9.67	0.06
697	2456654.3575734147	1.61135	7160.0	442.2	340548.5	680.3	18971.3	459.9		9.66	0.06
698	2456654.3576411139	1.61244	6930.8	442.3	340225.0	689.5	19781.2	461.6		9.73	0.06
699	2456654.3577088127	1.61352	6667.0	448.2	342714.5	686.7	19312.7	459.0		9.85	0.07
700	2456654.3577764449	1.61461	6947.2	437.5	341168.5	684.5	18851.2	462.8		9.74	0.06
701	2456654.3578441441	1.61569	7267.7	446.7	340668.9	683.8	19027.3	450.8		9.62	0.06
702	2456654.3579118429	1.61678	7371.4	446.6	340403.5	686.3	18875.5	463.4		9.58	0.06
703	2456654.3579795416	1.61786	7357.7	445.6	339266.1	677.6	19610.7	460.3		9.58	0.06
704	2456654.3580471743	1.61895	7110.7	444.2	340365.7	677.7	18750.2	460.9		9.67	0.06
705	2456654.3581148731	1.62003	6925.8	453.5	341949.9	688.3	19177.8	466.6		9.75	0.06
706	2456654.3581825723	1.62112	7708.6	446.3	343407.5	682.5	19834.5	471.6		9.49	0.06
707	2456654.3582502045	1.62220	7145.2	430.7	339646.4	689.8	19052.2	467.8		9.65	0.06
708	2456654.3583179032	1.62329	7268.7	446.4	339210.3	679.3	19615.6	458.3		9.61	0.06
709	2456654.3583856025	1.62437	7350.1	450.4	338374.4	687.9	18673.7	473.6		9.57	0.06
710	2456654.3584532347	1.62546	7763.4	458.0	340294.3	691.6	19183.3	458.3		9.45	0.06
711	2456654.3585209339	1.62655	7724.7	440.3	338550.0	692.9	19308.3	465.4		9.45	0.05
712	2456654.3585886327	1.62763	7735.3	445.2	339920.7	690.8	19658.4	460.5		9.46	0.06
713	2456654.3586563314	1.62872	7482.0	455.6	340124.4	683.7	19595.9	481.1		9.54	0.06
714	2456654.3587239641	1.62980	7324.4	454.4	337882.6	684.3	18460.0	471.7		9.58	0.06
715	2456654.3587916628	1.63089	7300.4	454.3	340048.4	691.9	19532.3	473.2		9.60	0.06
716	2456654.3588593621	1.63197	8237.6	444.5	341016.3	694.4	19418.9	465.9		9.31	0.05
717	2456654.3589269943	1.63306	7712.7	439.8	341029.6	691.4	19132.4	462.3		9.47	0.05
718	2456654.3589946930	1.63414	8136.6	444.0	339807.5	682.7	19374.4	470.5		9.33	0.05
719	2456654.3590623923	1.63523	7615.3	442.2	337915.9	684.5	19380.3	469.9		9.48	0.06
720	2456654.3591300910	1.63631	8099.1	443.1	337011.2	681.9	19905.7	469.0		9.32	0.05
721	2456654.3591977232	1.63740	7272.7	440.9	341236.9	683.7	18789.4	470.7		9.62	0.06
722	2456654.3592654224	1.63848	7909.7	438.0	339518.6	682.6	19302.8	469.3		9.40	0.05
723	2456654.3593331212	1.63957	7606.1	446.0	337799.0	683.1	18725.8	468.2		9.48	0.06
724	2456654.3594007539	1.64065	8106.2	443.4	338627.9	687.3	18972.2	457.7		9.33	0.05
725	2456654.3594684526	1.64174	8125.0	452.5	341876.3	685.6	19070.4	457.3		9.35	0.05
726	2456654.3595361514	1.64282	7688.9	448.3	338097.7	684.5	19631.7	468.8		9.46	0.06
727	2456654.3596037840	1.64391	7693.5	447.4	340840.8	684.6	19268.6	459.4		9.48	0.06
728	2456654.3596714828	1.64499	6921.3	440.0	338210.0	684.4	19747.5	462.1		9.72	0.06
729	2456654.3597391821	1.64608	7997.0	446.8	340671.8	686.6	18797.6	456.5		9.38	0.05
730	2456654.3598068808	1.64717	7914.8	430.7	341753.3	682.4	19928.6	472.8		9.41	0.05
731	2456654.3598745130	1.64825	8489.9	434.4	341827.0	688.9	19037.3	467.7		9.24	0.05
732	2456654.3599422122	1.64934	7931.6	444.4	340177.9	689.5	18828.1	458.5		9.40	0.05
733	2456654.3600099110	1.65042	8089.6	447.3	341437.2	681.1	19593.1	462.4		9.36	0.05
734	2456654.3600775432	1.65151	8483.4	443.3	342654.2	683.0	18888.3	453.0		9.25	0.05
735	2456654.3601452424	1.65259	8603.4	448.8	341926.3	679.0	19207.0	463.2		9.21	0.05
736	2456654.3602129412	1.65368	8625.5	446.1	342790.8	687.1	19094.8	459.0		9.21	0.05
737	2456654.3602806404	1.65476	8008.2	451.0	341879.7	684.2	18795.7	468.6		9.38	0.05
738	2456654.3603482726	1.65585	8317.4	451.7	341147.7	687.7	19568.5	468.4		9.28	0.05
739	2456654.3604159714	1.65693	8237.4	442.9	340086.4	687.6	19233.6	466.7		9.30	0.05
740	2456654.3604836706	1.65802	8366.6	445.5	339741.6	691.6	20037.3	475.1		9.26	0.05
741	2456654.3605513028	1.65910	8897.2	455.5	341224.6	689.6	19093.9	467.5		9.12	0.05
742	2456654.3606190020	1.66019	7475.7	460.9	340150.6	688.0	19775.1	474.1		9.54	0.06
743	2456654.3606867008	1.66127	7938.0	450.4	343740.5	689.8	20150.8	468.3		9.42	0.05
744	2456654.3607543330	1.66236	5279.0	335.6	211003.1	528.6	11923.0	351.9		9.22	0.06
